#
# There is insufficient memory for the Java Runtime Environment to continue.
# Native memory allocation (mmap) failed to map 65536 bytes. Error detail: Failed to commit metaspace.
# Possible reasons:
#   The system is out of physical RAM or swap space
#   This process is running with CompressedOops enabled, and the Java Heap may be blocking the growth of the native heap
# Possible solutions:
#   Reduce memory load on the system
#   Increase physical memory or swap space
#   Check if swap backing store is full
#   Decrease Java heap size (-Xmx/-Xms)
#   Decrease number of Java threads
#   Decrease Java thread stack sizes (-Xss)
#   Set larger code cache with -XX:ReservedCodeCacheSize=
#   JVM is running with Unscaled Compressed Oops mode in which the Java heap is
#     placed in the first 4GB address space. The Java Heap base address is the
#     maximum limit for the native heap growth. Please use -XX:HeapBaseMinAddress
#     to set the Java Heap base and to place the Java Heap above 4GB virtual address.
# This output file may be truncated or incomplete.
#
#  Out of Memory Error (virtualSpaceNode.cpp:113), pid=5268, tid=24260
#
# JRE version: OpenJDK Runtime Environment Temurin-21.0.7+6 (21.0.7+6) (build 21.0.7+6-LTS)
# Java VM: OpenJDK 64-Bit Server VM Temurin-21.0.7+6 (21.0.7+6-LTS, mixed mode, sharing, tiered, compressed oops, compressed class ptrs, parallel gc, windows-amd64)
# No core dump will be written. Minidumps are not enabled by default on client versions of Windows
#

---------------  S U M M A R Y ------------

Command Line: --add-modules=ALL-SYSTEM --add-opens=java.base/java.util=ALL-UNNAMED --add-opens=java.base/java.lang=ALL-UNNAMED --add-opens=java.base/sun.nio.fs=ALL-UNNAMED -Declipse.application=org.eclipse.jdt.ls.core.id1 -Dosgi.bundles.defaultStartLevel=4 -Declipse.product=org.eclipse.jdt.ls.core.product -Djava.import.generatesMetadataFilesAtProjectRoot=false -DDetectVMInstallationsJob.disabled=true -Dfile.encoding=utf8 -XX:+UseParallelGC -XX:GCTimeRatio=4 -XX:AdaptiveSizePolicyWeight=90 -Dsun.zip.disableMemoryMapping=true -Xmx1G -Xms100m -Xlog:disable -javaagent:c:\Users\user\.vscode\extensions\redhat.java-1.42.0-win32-x64\lombok\lombok-1.18.36.jar c:\Users\user\.vscode\extensions\redhat.java-1.42.0-win32-x64\server\plugins\org.eclipse.equinox.launcher_1.7.0.v20250424-1814.jar -configuration c:\Users\user\AppData\Roaming\Code\User\globalStorage\redhat.java\1.42.0\config_ss_win -data c:\Users\user\AppData\Roaming\Code\User\workspaceStorage\071df3a88edec693e91310ca52204fb6\redhat.java\ss_ws --pipe=\\.\pipe\lsp-201db30d822314b53176ab6a3467c5d2-sock

Host: Intel(R) Core(TM) i5-1035G1 CPU @ 1.00GHz, 8 cores, 7G,  Windows 11 , 64 bit Build 22621 (10.0.22621.5413)
Time: Fri Jun  6 17:56:16 2025 India Standard Time elapsed time: 2.518028 seconds (0d 0h 0m 2s)

---------------  T H R E A D  ---------------

Current thread (0x0000024b8e8fe900):  JavaThread "main"             [_thread_in_vm, id=24260, stack(0x000000eb7e600000,0x000000eb7e700000) (1024K)]

Stack: [0x000000eb7e600000,0x000000eb7e700000]
Native frames: (J=compiled Java code, j=interpreted, Vv=VM code, C=native code)
V  [jvm.dll+0x6ce119]
V  [jvm.dll+0x8a84a1]
V  [jvm.dll+0x8aa9ce]
V  [jvm.dll+0x8ab0b3]
V  [jvm.dll+0x27f8a6]
V  [jvm.dll+0x8a41ee]
V  [jvm.dll+0x670575]
V  [jvm.dll+0x6705da]
V  [jvm.dll+0x672dc2]
V  [jvm.dll+0x672c92]
V  [jvm.dll+0x670f4e]
V  [jvm.dll+0x2695bf]
V  [jvm.dll+0x67b1b5]
V  [jvm.dll+0x21563d]
V  [jvm.dll+0x215bba]
V  [jvm.dll+0x2165e5]
V  [jvm.dll+0x20bbae]
V  [jvm.dll+0x5ae58c]
V  [jvm.dll+0x21d26a]
V  [jvm.dll+0x820d6c]
V  [jvm.dll+0x821d94]
V  [jvm.dll+0x822362]
V  [jvm.dll+0x821fe8]
V  [jvm.dll+0x26cf1b]
V  [jvm.dll+0x26d14a]
V  [jvm.dll+0x5d1997]
V  [jvm.dll+0x5d497f]
V  [jvm.dll+0x3d8605]
V  [jvm.dll+0x3d7c7d]
C  0x0000024b99038095

The last pc belongs to invokestatic (printed below).
Java frames: (J=compiled Java code, j=interpreted, Vv=VM code)
j  java.text.Normalizer.normalize(Ljava/lang/CharSequence;Ljava/text/Normalizer$Form;)Ljava/lang/String;+7 java.base@21.0.7
j  sun.security.x509.AVA.toRFC2253CanonicalString()Ljava/lang/String;+352 java.base@21.0.7
j  sun.security.x509.RDN.toRFC2253StringInternal(ZLjava/util/Map;)Ljava/lang/String;+19 java.base@21.0.7
j  sun.security.x509.RDN.toRFC2253String(Z)Ljava/lang/String;+27 java.base@21.0.7
j  sun.security.x509.X500Name.getRFC2253CanonicalName()Ljava/lang/String;+62 java.base@21.0.7
j  sun.security.x509.X500Name.equals(Ljava/lang/Object;)Z+118 java.base@21.0.7
j  sun.security.pkcs.PKCS7.getCertificate(Ljava/math/BigInteger;Lsun/security/x509/X500Name;)Ljava/security/cert/X509Certificate;+60 java.base@21.0.7
j  sun.security.pkcs.SignerInfo.getCertificate(Lsun/security/pkcs/PKCS7;)Ljava/security/cert/X509Certificate;+9 java.base@21.0.7
j  sun.security.pkcs.SignerInfo.verify(Lsun/security/pkcs/PKCS7;[B)Lsun/security/pkcs/SignerInfo;+422 java.base@21.0.7
j  sun.security.pkcs.PKCS7.verify(Lsun/security/pkcs/SignerInfo;[B)Lsun/security/pkcs/SignerInfo;+3 java.base@21.0.7
j  sun.security.pkcs.PKCS7.verify([B)[Lsun/security/pkcs/SignerInfo;+27 java.base@21.0.7
j  sun.security.pkcs.SignerInfo.getTimestamp()Ljava/security/Timestamp;+45 java.base@21.0.7
j  sun.security.pkcs.SignerInfo.verify(Lsun/security/pkcs/PKCS7;[B)Lsun/security/pkcs/SignerInfo;+3 java.base@21.0.7
j  sun.security.pkcs.PKCS7.verify(Lsun/security/pkcs/SignerInfo;[B)Lsun/security/pkcs/SignerInfo;+3 java.base@21.0.7
j  sun.security.pkcs.PKCS7.verify([B)[Lsun/security/pkcs/SignerInfo;+27 java.base@21.0.7
j  sun.security.util.SignatureFileVerifier.processImpl(Ljava/util/Hashtable;Ljava/util/List;Ljava/lang/String;)V+62 java.base@21.0.7
j  sun.security.util.SignatureFileVerifier.process(Ljava/util/Hashtable;Ljava/util/List;Ljava/lang/String;)V+12 java.base@21.0.7
j  java.util.jar.JarVerifier.processEntry(Lsun/security/util/ManifestEntryVerifier;)V+397 java.base@21.0.7
j  java.util.jar.JarVerifier.update(I[BIILsun/security/util/ManifestEntryVerifier;)V+39 java.base@21.0.7
j  java.util.jar.JarFile.initializeVerifier()V+164 java.base@21.0.7
j  java.util.jar.JarFile.ensureInitialization()V+36 java.base@21.0.7
j  java.util.jar.JavaUtilJarAccessImpl.ensureInitialization(Ljava/util/jar/JarFile;)V+1 java.base@21.0.7
j  jdk.internal.loader.URLClassPath$JarLoader$2.getManifest()Ljava/util/jar/Manifest;+10 java.base@21.0.7
j  jdk.internal.loader.BuiltinClassLoader.defineClass(Ljava/lang/String;Ljdk/internal/loader/Resource;)Ljava/lang/Class;+29 java.base@21.0.7
j  jdk.internal.loader.BuiltinClassLoader.findClassOnClassPathOrNull(Ljava/lang/String;)Ljava/lang/Class;+37 java.base@21.0.7
j  jdk.internal.loader.BuiltinClassLoader.loadClassOrNull(Ljava/lang/String;Z)Ljava/lang/Class;+111 java.base@21.0.7
j  jdk.internal.loader.BuiltinClassLoader.loadClass(Ljava/lang/String;Z)Ljava/lang/Class;+3 java.base@21.0.7
j  jdk.internal.loader.ClassLoaders$AppClassLoader.loadClass(Ljava/lang/String;Z)Ljava/lang/Class;+36 java.base@21.0.7
j  java.lang.ClassLoader.loadClass(Ljava/lang/String;)Ljava/lang/Class;+3 java.base@21.0.7
v  ~StubRoutines::call_stub 0x0000024b990210e7
j  java.lang.Class.forName0(Ljava/lang/String;ZLjava/lang/ClassLoader;Ljava/lang/Class;)Ljava/lang/Class;+0 java.base@21.0.7
j  java.lang.Class.forName(Ljava/lang/String;ZLjava/lang/ClassLoader;Ljava/lang/Class;)Ljava/lang/Class;+37 java.base@21.0.7
j  java.lang.Class.forName(Ljava/lang/String;ZLjava/lang/ClassLoader;)Ljava/lang/Class;+20 java.base@21.0.7
j  sun.launcher.LauncherHelper.loadMainClass(ILjava/lang/String;)Ljava/lang/Class;+95 java.base@21.0.7
j  sun.launcher.LauncherHelper.checkAndLoadMain(ZILjava/lang/String;)Ljava/lang/Class;+42 java.base@21.0.7
v  ~StubRoutines::call_stub 0x0000024b990210e7
invokestatic  184 invokestatic  [0x0000024b99037fe0, 0x0000024b990382a8]  712 bytes
[MachCode]
  0x0000024b99037fe0: 4883 ec08 | c5fa 1104 | 24eb 1f48 | 83ec 10c5 | fb11 0424 | eb14 4883 | ec10 4889 | 0424 48c7 
  0x0000024b99038000: 4424 0800 | 0000 00eb | 0150 4c89 | 6dc0 410f | b755 0148 | 8b4d d0c1 | e202 8b5c | d138 c1eb 
  0x0000024b99038020: 1081 e3ff | 0000 0081 | fbb8 0000 | 000f 84b4 | 0000 00bb | b800 0000 | e805 0000 | 00e9 9900 
  0x0000024b99038040: 0000 488b | d348 8d44 | 2408 4c89 | 6dc0 498b | cfc5 f877 | 4989 afa8 | 0300 0049 | 8987 9803 
  0x0000024b99038060: 0000 4883 | ec20 40f6 | c40f 0f84 | 1900 0000 | 4883 ec08 | 48b8 107c | 402f fe7f | 0000 ffd0 
  0x0000024b99038080: 4883 c408 | e90c 0000 | 0048 b810 | 7c40 2ffe | 7f00 00ff | d048 83c4 | 2049 c787 | 9803 0000 
  0x0000024b990380a0: 0000 0000 | 49c7 87a8 | 0300 0000 | 0000 0049 | c787 a003 | 0000 0000 | 0000 c5f8 | 7749 837f 
  0x0000024b990380c0: 0800 0f84 | 0500 0000 | e933 8efe | ff4c 8b6d | c04c 8b75 | c84e 8d74 | f500 c341 | 0fb7 5501 
  0x0000024b990380e0: 488b 4dd0 | c1e2 0248 | 8b5c d140 | 488b 5b08 | 488b 5b08 | 488b 5b18 | 80bb 2101 | 0000 040f 
  0x0000024b99038100: 840d 0000 | 004c 3bbb | 2801 0000 | 0f85 21ff | ffff 488b | 5cd1 408b | 54d1 50c1 | ea1c 49ba 
  0x0000024b99038120: c0df ce2f | fe7f 0000 | 498b 14d2 | 5248 8b45 | d848 85c0 | 0f84 1200 | 0000 4883 | 4008 0148 
  0x0000024b99038140: 8358 0800 | 4883 c010 | 4889 45d8 | 488b 45d8 | 4885 c00f | 843d 0100 | 0080 78f0 | 0a0f 8533 
  0x0000024b99038160: 0100 0048 | 83c0 084c | 8b68 f841 | 83ed 0041 | 83fd 020f | 8c12 0100 | 004c 8b6b | 0845 0fb7 
  0x0000024b99038180: 6d2e 4c2b | 2841 83ed | 014e 8b6c | ec08 4d85 | ed75 0ef6 | 4008 0175 | 58f0 4883 | 4808 01eb 
  0x0000024b990381a0: 5045 8b6d | 0849 ba00 | 0000 a34b | 0200 004d | 03ea 4d8b | d54c 3368 | 0849 f7c5 | fcff ffff 
  0x0000024b990381c0: 742f 41f6 | c502 7529 | 4883 7808 | 0074 1e48 | 8378 0801 | 7417 4d8b | ea4c 3368 | 0849 f7c5 
  0x0000024b990381e0: fcff ffff | 740b 4883 | 4808 02eb | 044c 8968 | 0848 83c0 | 104c 8b68 | e841 83ed | 0241 83fd 
  0x0000024b99038200: 020f 8c84 | 0000 004c | 8b6b 0845 | 0fb7 6d2e | 4c2b 2841 | 83ed 014e | 8b6c ec08 | 4d85 ed75 
  0x0000024b99038220: 0ef6 4008 | 0175 58f0 | 4883 4808 | 01eb 5045 | 8b6d 0849 | ba00 0000 | a34b 0200 | 004d 03ea 
  0x0000024b99038240: 4d8b d54c | 3368 0849 | f7c5 fcff | ffff 742f | 41f6 c502 | 7529 4883 | 7808 0074 | 1e48 8378 
  0x0000024b99038260: 0801 7417 | 4d8b ea4c | 3368 0849 | f7c5 fcff | ffff 740b | 4883 4808 | 02eb 044c | 8968 0848 
  0x0000024b99038280: 83c0 104c | 8b68 d841 | 83ed 0441 | c1e5 0349 | 03c5 4889 | 45d8 4c8d | 6c24 084c | 896d f0ff 
  0x0000024b990382a0: 6350 660f | 1f44 0000 
[/MachCode]

---------------  P R O C E S S  ---------------

Threads class SMR info:
_java_thread_list=0x0000024be5a692c0, length=11, elements={
0x0000024b8e8fe900, 0x0000024ba2cad220, 0x0000024ba2cafc60, 0x0000024ba2cb1ec0,
0x0000024ba2cb2ec0, 0x0000024ba2cb3ec0, 0x0000024ba2cb7a20, 0x0000024ba2cb9330,
0x0000024be579a7f0, 0x0000024be5826e50, 0x0000024be5a6dfa0
}

Java Threads: ( => current thread )
=>0x0000024b8e8fe900 JavaThread "main"                              [_thread_in_vm, id=24260, stack(0x000000eb7e600000,0x000000eb7e700000) (1024K)]
  0x0000024ba2cad220 JavaThread "Reference Handler"          daemon [_thread_blocked, id=12048, stack(0x000000eb7ea00000,0x000000eb7eb00000) (1024K)]
  0x0000024ba2cafc60 JavaThread "Finalizer"                  daemon [_thread_blocked, id=14036, stack(0x000000eb7eb00000,0x000000eb7ec00000) (1024K)]
  0x0000024ba2cb1ec0 JavaThread "Signal Dispatcher"          daemon [_thread_blocked, id=4452, stack(0x000000eb7ec00000,0x000000eb7ed00000) (1024K)]
  0x0000024ba2cb2ec0 JavaThread "Attach Listener"            daemon [_thread_blocked, id=23140, stack(0x000000eb7ed00000,0x000000eb7ee00000) (1024K)]
  0x0000024ba2cb3ec0 JavaThread "Service Thread"             daemon [_thread_blocked, id=2604, stack(0x000000eb7ee00000,0x000000eb7ef00000) (1024K)]
  0x0000024ba2cb7a20 JavaThread "Monitor Deflation Thread"   daemon [_thread_blocked, id=16856, stack(0x000000eb7ef00000,0x000000eb7f000000) (1024K)]
  0x0000024ba2cb9330 JavaThread "C2 CompilerThread0"         daemon [_thread_blocked, id=22648, stack(0x000000eb7f000000,0x000000eb7f100000) (1024K)]
  0x0000024be579a7f0 JavaThread "C1 CompilerThread0"         daemon [_thread_blocked, id=23656, stack(0x000000eb7f100000,0x000000eb7f200000) (1024K)]
  0x0000024be5826e50 JavaThread "Common-Cleaner"             daemon [_thread_blocked, id=12404, stack(0x000000eb7f200000,0x000000eb7f300000) (1024K)]
  0x0000024be5a6dfa0 JavaThread "Notification Thread"        daemon [_thread_blocked, id=10440, stack(0x000000eb7f300000,0x000000eb7f400000) (1024K)]
Total: 11

Other Threads:
  0x0000024b8e9bd790 VMThread "VM Thread"                           [id=20036, stack(0x000000eb7e900000,0x000000eb7ea00000) (1024K)]
  0x0000024b8e967110 WatcherThread "VM Periodic Task Thread"        [id=18536, stack(0x000000eb7e800000,0x000000eb7e900000) (1024K)]
  0x0000024b8e91bd10 WorkerThread "GC Thread#0"                     [id=17696, stack(0x000000eb7e700000,0x000000eb7e800000) (1024K)]
Total: 3

Threads with active compile tasks:
Total: 0

VM state: not at safepoint (normal execution)

VM Mutex/Monitor currently owned by a thread:  ([mutex/lock_event])
[0x00007ffe2fcdc308] Metaspace_lock - owner thread: 0x0000024b8e8fe900

Heap address: 0x00000000c0000000, size: 1024 MB, Compressed Oops mode: 32-bit

CDS archive(s) mapped at: [0x0000024ba3000000-0x0000024ba3ba0000-0x0000024ba3ba0000), size 12189696, SharedBaseAddress: 0x0000024ba3000000, ArchiveRelocationMode: 1.
Compressed class space mapped at: 0x0000024ba4000000-0x0000024be4000000, reserved size: 1073741824
Narrow klass base: 0x0000024ba3000000, Narrow klass shift: 0, Narrow klass range: 0x100000000

GC Precious Log:
 CardTable entry size: 512
 CPUs: 8 total, 8 available
 Memory: 7959M
 Large Page Support: Disabled
 NUMA Support: Disabled
 Compressed Oops: Enabled (32-bit)
 Alignments: Space 512K, Generation 512K, Heap 2M
 Heap Min Capacity: 100M
 Heap Initial Capacity: 100M
 Heap Max Capacity: 1G
 Pre-touch: Disabled
 Parallel Workers: 8

Heap:
 PSYoungGen      total 29696K, used 13382K [0x00000000eab00000, 0x00000000ecc00000, 0x0000000100000000)
  eden space 25600K, 52% used [0x00000000eab00000,0x00000000eb811ac0,0x00000000ec400000)
  from space 4096K, 0% used [0x00000000ec800000,0x00000000ec800000,0x00000000ecc00000)
  to   space 4096K, 0% used [0x00000000ec400000,0x00000000ec400000,0x00000000ec800000)
 ParOldGen       total 68608K, used 0K [0x00000000c0000000, 0x00000000c4300000, 0x00000000eab00000)
  object space 68608K, 0% used [0x00000000c0000000,0x00000000c0000000,0x00000000c4300000)
 Metaspace       used 2470K, committed 2688K, reserved 1114112K
  class space    used 244K, committed 384K, reserved 1048576K

Card table byte_map: [0x0000024b8e2d0000,0x0000024b8e4e0000] _byte_map_base: 0x0000024b8dcd0000

Marking Bits: (ParMarkBitMap*) 0x00007ffe2fce31f0
 Begin Bits: [0x0000024ba0af0000, 0x0000024ba1af0000)
 End Bits:   [0x0000024ba1af0000, 0x0000024ba2af0000)

Polling page: 0x0000024b8e0c0000

Metaspace:

Usage:
  Non-class:      2.17 MB used.
      Class:    244.74 KB used.
       Both:      2.41 MB used.

Virtual space:
  Non-class space:       64.00 MB reserved,       2.25 MB (  4%) committed,  1 nodes.
      Class space:        1.00 GB reserved,     384.00 KB ( <1%) committed,  1 nodes.
             Both:        1.06 GB reserved,       2.62 MB ( <1%) committed. 

Chunk freelists:
   Non-Class:  11.65 MB
       Class:  15.67 MB
        Both:  27.32 MB

MaxMetaspaceSize: unlimited
CompressedClassSpaceSize: 1.00 GB
Initial GC threshold: 21.00 MB
Current GC threshold: 21.00 MB
CDS: on
 - commit_granule_bytes: 65536.
 - commit_granule_words: 8192.
 - virtual_space_node_default_size: 8388608.
 - enlarge_chunks_in_place: 1.
 - use_allocation_guard: 0.


Internal statistics:

num_allocs_failed_limit: 0.
num_arena_births: 80.
num_arena_deaths: 0.
num_vsnodes_births: 2.
num_vsnodes_deaths: 0.
num_space_committed: 42.
num_space_uncommitted: 0.
num_chunks_returned_to_freelist: 0.
num_chunks_taken_from_freelist: 102.
num_chunk_merges: 0.
num_chunk_splits: 71.
num_chunks_enlarged: 46.
num_inconsistent_stats: 0.

CodeHeap 'non-profiled nmethods': size=120000Kb used=264Kb max_used=264Kb free=119735Kb
 bounds [0x0000024b995c0000, 0x0000024b99830000, 0x0000024ba0af0000]
CodeHeap 'profiled nmethods': size=120000Kb used=1009Kb max_used=1009Kb free=118990Kb
 bounds [0x0000024b91af0000, 0x0000024b91d60000, 0x0000024b99020000]
CodeHeap 'non-nmethods': size=5760Kb used=1189Kb max_used=1208Kb free=4570Kb
 bounds [0x0000024b99020000, 0x0000024b99290000, 0x0000024b995c0000]
 total_blobs=1118 nmethods=682 adapters=343
 compilation: enabled
              stopped_count=0, restarted_count=0
 full_count=0

Compilation events (20 events):
Event: 2.439 Thread 0x0000024ba2cb9330 nmethod 654 0x0000024b995fb290 code [0x0000024b995fb420, 0x0000024b995fb540]
Event: 2.439 Thread 0x0000024ba2cb9330  661       4       java.lang.Character::digit (6 bytes)
Event: 2.440 Thread 0x0000024ba2cb9330 nmethod 661 0x0000024b995fb690 code [0x0000024b995fb820, 0x0000024b995fb948]
Event: 2.441 Thread 0x0000024ba2cb9330  650       4       lombok.patcher.scripts.MethodLevelPatchScript::patch (21 bytes)
Event: 2.445 Thread 0x0000024be579a7f0  672       3       sun.security.util.DerInputStream::available (10 bytes)
Event: 2.445 Thread 0x0000024be579a7f0 nmethod 672 0x0000024b91be7990 code [0x0000024b91be7b20, 0x0000024b91be7c30]
Event: 2.448 Thread 0x0000024be579a7f0  673       3       java.util.jar.Manifest$FastInputStream::readLine (296 bytes)
Event: 2.449 Thread 0x0000024be579a7f0 nmethod 673 0x0000024b91be7c90 code [0x0000024b91be7ec0, 0x0000024b91be8728]
Event: 2.450 Thread 0x0000024be579a7f0  674       3       java.util.Objects::checkFromIndexSize (8 bytes)
Event: 2.451 Thread 0x0000024be579a7f0 nmethod 674 0x0000024b91be8a90 code [0x0000024b91be8c40, 0x0000024b91be8e48]
Event: 2.451 Thread 0x0000024be579a7f0  675  s    3       java.io.ByteArrayOutputStream::write (32 bytes)
Event: 2.451 Thread 0x0000024be579a7f0 nmethod 675 0x0000024b91be8f90 code [0x0000024b91be9140, 0x0000024b91be9390]
Event: 2.451 Thread 0x0000024be579a7f0  676       3       java.lang.String::indexOf (64 bytes)
Event: 2.452 Thread 0x0000024be579a7f0 nmethod 676 0x0000024b91be9490 code [0x0000024b91be96a0, 0x0000024b91be9b50]
Event: 2.453 Thread 0x0000024be579a7f0  678       3       jdk.internal.util.ArraysSupport::vectorizedHashCode (158 bytes)
Event: 2.454 Thread 0x0000024be579a7f0 nmethod 678 0x0000024b91be9d10 code [0x0000024b91bea020, 0x0000024b91beb008]
Event: 2.470 Thread 0x0000024be579a7f0  679       3       sun.invoke.util.Wrapper::forPrimitiveType (122 bytes)
Event: 2.472 Thread 0x0000024be579a7f0 nmethod 679 0x0000024b91beb390 code [0x0000024b91beb660, 0x0000024b91bec140]
Event: 2.472 Thread 0x0000024be579a7f0  681       3       java.lang.Integer::rotateRight (9 bytes)
Event: 2.472 Thread 0x0000024be579a7f0 nmethod 681 0x0000024b91bec410 code [0x0000024b91bec5a0, 0x0000024b91bec6a0]

GC Heap History (0 events):
No events

Dll operation events (8 events):
Event: 0.257 Loaded shared library c:\Users\user\.vscode\extensions\redhat.java-1.42.0-win32-x64\jre\21.0.7-win32-x86_64\bin\java.dll
Event: 0.976 Loaded shared library c:\Users\user\.vscode\extensions\redhat.java-1.42.0-win32-x64\jre\21.0.7-win32-x86_64\bin\zip.dll
Event: 1.087 Loaded shared library C:\Users\user\.vscode\extensions\redhat.java-1.42.0-win32-x64\jre\21.0.7-win32-x86_64\bin\instrument.dll
Event: 1.098 Loaded shared library C:\Users\user\.vscode\extensions\redhat.java-1.42.0-win32-x64\jre\21.0.7-win32-x86_64\bin\net.dll
Event: 1.176 Loaded shared library C:\Users\user\.vscode\extensions\redhat.java-1.42.0-win32-x64\jre\21.0.7-win32-x86_64\bin\nio.dll
Event: 1.257 Loaded shared library C:\Users\user\.vscode\extensions\redhat.java-1.42.0-win32-x64\jre\21.0.7-win32-x86_64\bin\zip.dll
Event: 1.312 Loaded shared library C:\Users\user\.vscode\extensions\redhat.java-1.42.0-win32-x64\jre\21.0.7-win32-x86_64\bin\jimage.dll
Event: 1.593 Loaded shared library c:\Users\user\.vscode\extensions\redhat.java-1.42.0-win32-x64\jre\21.0.7-win32-x86_64\bin\verify.dll

Deoptimization events (20 events):
Event: 1.986 Thread 0x0000024b8e8fe900 DEOPT PACKING pc=0x0000024b995d1160 sp=0x000000eb7e6ff0d0
Event: 1.986 Thread 0x0000024b8e8fe900 DEOPT UNPACKING pc=0x0000024b99076da2 sp=0x000000eb7e6ff010 mode 2
Event: 1.989 Thread 0x0000024b8e8fe900 Uncommon trap: trap_request=0xffffffde fr.pc=0x0000024b995cfbc8 relative=0x00000000000007a8
Event: 1.989 Thread 0x0000024b8e8fe900 Uncommon trap: reason=class_check action=maybe_recompile pc=0x0000024b995cfbc8 method=java.util.HashMap.putVal(ILjava/lang/Object;Ljava/lang/Object;ZZ)Ljava/lang/Object; @ 152 c2
Event: 1.989 Thread 0x0000024b8e8fe900 DEOPT PACKING pc=0x0000024b995cfbc8 sp=0x000000eb7e6fef00
Event: 1.989 Thread 0x0000024b8e8fe900 DEOPT UNPACKING pc=0x0000024b99076da2 sp=0x000000eb7e6fee60 mode 2
Event: 1.989 Thread 0x0000024b8e8fe900 Uncommon trap: trap_request=0xffffffde fr.pc=0x0000024b995cfbc8 relative=0x00000000000007a8
Event: 1.989 Thread 0x0000024b8e8fe900 Uncommon trap: reason=class_check action=maybe_recompile pc=0x0000024b995cfbc8 method=java.util.HashMap.putVal(ILjava/lang/Object;Ljava/lang/Object;ZZ)Ljava/lang/Object; @ 152 c2
Event: 1.989 Thread 0x0000024b8e8fe900 DEOPT PACKING pc=0x0000024b995cfbc8 sp=0x000000eb7e6fef00
Event: 1.989 Thread 0x0000024b8e8fe900 DEOPT UNPACKING pc=0x0000024b99076da2 sp=0x000000eb7e6fee60 mode 2
Event: 1.996 Thread 0x0000024b8e8fe900 DEOPT PACKING pc=0x0000024b91b27c7f sp=0x000000eb7e6fcb40
Event: 1.996 Thread 0x0000024b8e8fe900 DEOPT UNPACKING pc=0x0000024b990778e2 sp=0x000000eb7e6fbff0 mode 0
Event: 2.344 Thread 0x0000024b8e8fe900 Uncommon trap: trap_request=0xffffff45 fr.pc=0x0000024b995f0e7c relative=0x000000000000015c
Event: 2.344 Thread 0x0000024b8e8fe900 Uncommon trap: reason=unstable_if action=reinterpret pc=0x0000024b995f0e7c method=jdk.internal.util.ArraysSupport.vectorizedHashCode(Ljava/lang/Object;IIII)I @ 2 c2
Event: 2.344 Thread 0x0000024b8e8fe900 DEOPT PACKING pc=0x0000024b995f0e7c sp=0x000000eb7e6fcd70
Event: 2.344 Thread 0x0000024b8e8fe900 DEOPT UNPACKING pc=0x0000024b99076da2 sp=0x000000eb7e6fcd20 mode 2
Event: 2.377 Thread 0x0000024b8e8fe900 Uncommon trap: trap_request=0xffffff45 fr.pc=0x0000024b995e1af4 relative=0x00000000000000d4
Event: 2.377 Thread 0x0000024b8e8fe900 Uncommon trap: reason=unstable_if action=reinterpret pc=0x0000024b995e1af4 method=java.net.URI.match(CJJ)Z @ 45 c2
Event: 2.377 Thread 0x0000024b8e8fe900 DEOPT PACKING pc=0x0000024b995e1af4 sp=0x000000eb7e6fd010
Event: 2.377 Thread 0x0000024b8e8fe900 DEOPT UNPACKING pc=0x0000024b99076da2 sp=0x000000eb7e6fcf78 mode 2

Classes loaded (20 events):
Event: 2.472 Loading class sun/security/util/SignatureUtil done
Event: 2.472 Loading class java/security/Signature
Event: 2.473 Loading class java/security/SignatureSpi
Event: 2.473 Loading class java/security/SignatureSpi done
Event: 2.473 Loading class java/security/Signature done
Event: 2.473 Loading class java/security/Signature$1
Event: 2.474 Loading class jdk/internal/access/JavaSecuritySignatureAccess
Event: 2.474 Loading class jdk/internal/access/JavaSecuritySignatureAccess done
Event: 2.474 Loading class java/security/Signature$1 done
Event: 2.474 Loading class sun/security/jca/ServiceId
Event: 2.474 Loading class sun/security/jca/ServiceId done
Event: 2.474 Loading class java/security/Signature$Delegate
Event: 2.475 Loading class java/security/Signature$Delegate done
Event: 2.476 Loading class sun/security/x509/AVAKeyword
Event: 2.488 Loading class sun/security/x509/AVAKeyword done
Event: 2.489 Loading class java/text/Normalizer$Form
Event: 2.490 Loading class java/text/Normalizer$Form done
Event: 2.490 Loading class java/text/Normalizer
Event: 2.491 Loading class java/text/Normalizer done
Event: 2.491 Loading class jdk/internal/icu/text/NormalizerBase

Classes unloaded (0 events):
No events

Classes redefined (0 events):
No events

Internal exceptions (12 events):
Event: 0.919 Thread 0x0000024b8e8fe900 Exception <a 'java/lang/NoSuchMethodError'{0x00000000ead2a2a0}: 'void java.lang.invoke.DirectMethodHandle$Holder.invokeStatic(java.lang.Object, java.lang.Object, java.lang.Object)'> (0x00000000ead2a2a0) 
thrown [s\src\hotspot\share\interpreter\linkResolver.cpp, line 773]
Event: 1.297 Thread 0x0000024b8e8fe900 Exception <a 'java/lang/NoSuchMethodError'{0x00000000eae930c8}: 'java.lang.Object java.lang.invoke.Invokers$Holder.invokeExact_MT(java.lang.Object, java.lang.Object, java.lang.Object, java.lang.Object, java.lang.Object)'> (0x00000000eae930c8) 
thrown [s\src\hotspot\share\interpreter\linkResolver.cpp, line 773]
Event: 1.435 Thread 0x0000024b8e8fe900 Exception <a 'java/lang/NoSuchMethodError'{0x00000000eaf4bb68}: 'int java.lang.invoke.DirectMethodHandle$Holder.invokeSpecial(java.lang.Object, java.lang.Object, java.lang.Object, int)'> (0x00000000eaf4bb68) 
thrown [s\src\hotspot\share\interpreter\linkResolver.cpp, line 773]
Event: 1.443 Thread 0x0000024b8e8fe900 Exception <a 'java/lang/NoSuchMethodError'{0x00000000eaf5e550}: 'java.lang.Object java.lang.invoke.DirectMethodHandle$Holder.invokeStatic(java.lang.Object, java.lang.Object, java.lang.Object, java.lang.Object, int)'> (0x00000000eaf5e550) 
thrown [s\src\hotspot\share\interpreter\linkResolver.cpp, line 773]
Event: 1.447 Thread 0x0000024b8e8fe900 Exception <a 'java/lang/NoSuchMethodError'{0x00000000eaf69990}: 'void java.lang.invoke.DelegatingMethodHandle$Holder.reinvoke_L(java.lang.Object, java.lang.Object, java.lang.Object, int, java.lang.Object)'> (0x00000000eaf69990) 
thrown [s\src\hotspot\share\interpreter\linkResolver.cpp, line 773]
Event: 1.456 Thread 0x0000024b8e8fe900 Exception <a 'java/lang/NoSuchMethodError'{0x00000000eaf7a2e0}: 'int java.lang.invoke.DirectMethodHandle$Holder.invokeSpecial(java.lang.Object, java.lang.Object, java.lang.Object)'> (0x00000000eaf7a2e0) 
thrown [s\src\hotspot\share\interpreter\linkResolver.cpp, line 773]
Event: 1.480 Thread 0x0000024b8e8fe900 Exception <a 'java/lang/NoSuchMethodError'{0x00000000eaf85fa0}: 'java.lang.Object java.lang.invoke.DirectMethodHandle$Holder.invokeStatic(java.lang.Object, java.lang.Object, int)'> (0x00000000eaf85fa0) 
thrown [s\src\hotspot\share\interpreter\linkResolver.cpp, line 773]
Event: 1.488 Thread 0x0000024b8e8fe900 Exception <a 'java/lang/NoSuchMethodError'{0x00000000eaf8a8f0}: 'void java.lang.invoke.DirectMethodHandle$Holder.invokeStatic(java.lang.Object, java.lang.Object, int, java.lang.Object)'> (0x00000000eaf8a8f0) 
thrown [s\src\hotspot\share\interpreter\linkResolver.cpp, line 773]
Event: 1.492 Thread 0x0000024b8e8fe900 Exception <a 'java/lang/NoSuchMethodError'{0x00000000eaf8e480}: 'void java.lang.invoke.DirectMethodHandle$Holder.invokeSpecial(java.lang.Object, java.lang.Object, java.lang.Object, int, java.lang.Object)'> (0x00000000eaf8e480) 
thrown [s\src\hotspot\share\interpreter\linkResolver.cpp, line 773]
Event: 1.494 Thread 0x0000024b8e8fe900 Exception <a 'java/lang/NoSuchMethodError'{0x00000000eaf918f0}: 'void java.lang.invoke.DelegatingMethodHandle$Holder.delegate(java.lang.Object, java.lang.Object, int, java.lang.Object)'> (0x00000000eaf918f0) 
thrown [s\src\hotspot\share\interpreter\linkResolver.cpp, line 773]
Event: 1.659 Thread 0x0000024b8e8fe900 Exception <a 'java/lang/NoSuchMethodError'{0x00000000eb14dc68}: 'void java.lang.invoke.DelegatingMethodHandle$Holder.reinvoke_L(java.lang.Object, java.lang.Object, java.lang.Object, int)'> (0x00000000eb14dc68) 
thrown [s\src\hotspot\share\interpreter\linkResolver.cpp, line 773]
Event: 2.325 Thread 0x0000024b8e8fe900 Exception <a 'java/lang/NoSuchMethodError'{0x00000000eb5d5fc8}: 'void java.lang.invoke.DirectMethodHandle$Holder.invokeVirtual(java.lang.Object, java.lang.Object)'> (0x00000000eb5d5fc8) 
thrown [s\src\hotspot\share\interpreter\linkResolver.cpp, line 773]

ZGC Phase Switch (0 events):
No events

VM Operations (6 events):
Event: 0.968 Executing VM operation: HandshakeAllThreads (Deoptimize)
Event: 0.968 Executing VM operation: HandshakeAllThreads (Deoptimize) done
Event: 1.358 Executing VM operation: HandshakeAllThreads (Deoptimize)
Event: 1.358 Executing VM operation: HandshakeAllThreads (Deoptimize) done
Event: 2.360 Executing VM operation: Cleanup
Event: 2.361 Executing VM operation: Cleanup done

Memory protections (0 events):
No events

Nmethod flushes (0 events):
No events

Events (11 events):
Event: 0.348 Thread 0x0000024b8e8fe900 Thread added: 0x0000024b8e8fe900
Event: 0.429 Thread 0x0000024b8e8fe900 Thread added: 0x0000024ba2cad220
Event: 0.430 Thread 0x0000024b8e8fe900 Thread added: 0x0000024ba2cafc60
Event: 0.431 Thread 0x0000024b8e8fe900 Thread added: 0x0000024ba2cb1ec0
Event: 0.432 Thread 0x0000024b8e8fe900 Thread added: 0x0000024ba2cb2ec0
Event: 0.436 Thread 0x0000024b8e8fe900 Thread added: 0x0000024ba2cb3ec0
Event: 0.438 Thread 0x0000024b8e8fe900 Thread added: 0x0000024ba2cb7a20
Event: 0.441 Thread 0x0000024b8e8fe900 Thread added: 0x0000024ba2cb9330
Event: 0.462 Thread 0x0000024b8e8fe900 Thread added: 0x0000024be579a7f0
Event: 0.752 Thread 0x0000024b8e8fe900 Thread added: 0x0000024be5826e50
Event: 1.979 Thread 0x0000024b8e8fe900 Thread added: 0x0000024be5a6dfa0


Dynamic libraries:
0x00007ff64dd10000 - 0x00007ff64dd1e000 	c:\Users\user\.vscode\extensions\redhat.java-1.42.0-win32-x64\jre\21.0.7-win32-x86_64\bin\java.exe
0x00007ffe96410000 - 0x00007ffe96627000 	C:\WINDOWS\SYSTEM32\ntdll.dll
0x00007ffe95280000 - 0x00007ffe95344000 	C:\WINDOWS\System32\KERNEL32.DLL
0x00007ffe936c0000 - 0x00007ffe93a92000 	C:\WINDOWS\System32\KERNELBASE.dll
0x00007ffe935a0000 - 0x00007ffe936b1000 	C:\WINDOWS\System32\ucrtbase.dll
0x00007ffe83bf0000 - 0x00007ffe83c08000 	c:\Users\user\.vscode\extensions\redhat.java-1.42.0-win32-x64\jre\21.0.7-win32-x86_64\bin\jli.dll
0x00007ffe955e0000 - 0x00007ffe95791000 	C:\WINDOWS\System32\USER32.dll
0x00007ffe93cd0000 - 0x00007ffe93cf6000 	C:\WINDOWS\System32\win32u.dll
0x00007ffe963a0000 - 0x00007ffe963c9000 	C:\WINDOWS\System32\GDI32.dll
0x00007ffe93aa0000 - 0x00007ffe93bc3000 	C:\WINDOWS\System32\gdi32full.dll
0x00007ffe93500000 - 0x00007ffe9359a000 	C:\WINDOWS\System32\msvcp_win.dll
0x00007ffe83bd0000 - 0x00007ffe83bee000 	c:\Users\user\.vscode\extensions\redhat.java-1.42.0-win32-x64\jre\21.0.7-win32-x86_64\bin\VCRUNTIME140.dll
0x00007ffe7af90000 - 0x00007ffe7b22b000 	C:\WINDOWS\WinSxS\amd64_microsoft.windows.common-controls_6595b64144ccf1df_6.0.22621.5413_none_270da5617387a498\COMCTL32.dll
0x00007ffe951d0000 - 0x00007ffe95277000 	C:\WINDOWS\System32\msvcrt.dll
0x00007ffe94cf0000 - 0x00007ffe94d21000 	C:\WINDOWS\System32\IMM32.DLL
0x00007ffe88e80000 - 0x00007ffe88e8c000 	c:\Users\user\.vscode\extensions\redhat.java-1.42.0-win32-x64\jre\21.0.7-win32-x86_64\bin\vcruntime140_1.dll
0x00007ffe831b0000 - 0x00007ffe8323d000 	c:\Users\user\.vscode\extensions\redhat.java-1.42.0-win32-x64\jre\21.0.7-win32-x86_64\bin\msvcp140.dll
0x00007ffe2f030000 - 0x00007ffe2fdc0000 	c:\Users\user\.vscode\extensions\redhat.java-1.42.0-win32-x64\jre\21.0.7-win32-x86_64\bin\server\jvm.dll
0x00007ffe957a0000 - 0x00007ffe95851000 	C:\WINDOWS\System32\ADVAPI32.dll
0x00007ffe94f80000 - 0x00007ffe95028000 	C:\WINDOWS\System32\sechost.dll
0x00007ffe93f00000 - 0x00007ffe93f28000 	C:\WINDOWS\System32\bcrypt.dll
0x00007ffe96200000 - 0x00007ffe96314000 	C:\WINDOWS\System32\RPCRT4.dll
0x00007ffe96320000 - 0x00007ffe96391000 	C:\WINDOWS\System32\WS2_32.dll
0x00007ffe92340000 - 0x00007ffe9238d000 	C:\WINDOWS\SYSTEM32\POWRPROF.dll
0x00007ffe8a690000 - 0x00007ffe8a6c4000 	C:\WINDOWS\SYSTEM32\WINMM.dll
0x00007ffe8c490000 - 0x00007ffe8c49a000 	C:\WINDOWS\SYSTEM32\VERSION.dll
0x00007ffe92320000 - 0x00007ffe92333000 	C:\WINDOWS\SYSTEM32\UMPDC.dll
0x00007ffe925e0000 - 0x00007ffe925f8000 	C:\WINDOWS\SYSTEM32\kernel.appcore.dll
0x00007ffe85290000 - 0x00007ffe8529a000 	c:\Users\user\.vscode\extensions\redhat.java-1.42.0-win32-x64\jre\21.0.7-win32-x86_64\bin\jimage.dll
0x00007ffe90bb0000 - 0x00007ffe90de2000 	C:\WINDOWS\SYSTEM32\DBGHELP.DLL
0x00007ffe940a0000 - 0x00007ffe94433000 	C:\WINDOWS\System32\combase.dll
0x00007ffe95350000 - 0x00007ffe95427000 	C:\WINDOWS\System32\OLEAUT32.dll
0x00007ffe84a20000 - 0x00007ffe84a52000 	C:\WINDOWS\SYSTEM32\dbgcore.DLL
0x00007ffe93bd0000 - 0x00007ffe93c4b000 	C:\WINDOWS\System32\bcryptPrimitives.dll
0x00007ffe85170000 - 0x00007ffe8517f000 	c:\Users\user\.vscode\extensions\redhat.java-1.42.0-win32-x64\jre\21.0.7-win32-x86_64\bin\instrument.dll
0x00007ffe83bb0000 - 0x00007ffe83bcf000 	c:\Users\user\.vscode\extensions\redhat.java-1.42.0-win32-x64\jre\21.0.7-win32-x86_64\bin\java.dll
0x00007ffe94440000 - 0x00007ffe94ce2000 	C:\WINDOWS\System32\SHELL32.dll
0x00007ffe93d00000 - 0x00007ffe93e3f000 	C:\WINDOWS\System32\wintypes.dll
0x00007ffe913e0000 - 0x00007ffe91cfd000 	C:\WINDOWS\SYSTEM32\windows.storage.dll
0x00007ffe954d0000 - 0x00007ffe955db000 	C:\WINDOWS\System32\SHCORE.dll
0x00007ffe94f00000 - 0x00007ffe94f69000 	C:\WINDOWS\System32\shlwapi.dll
0x00007ffe93430000 - 0x00007ffe9345b000 	C:\WINDOWS\SYSTEM32\profapi.dll
0x00007ffe83870000 - 0x00007ffe83888000 	c:\Users\user\.vscode\extensions\redhat.java-1.42.0-win32-x64\jre\21.0.7-win32-x86_64\bin\zip.dll
0x00007ffe84c90000 - 0x00007ffe84ca0000 	C:\Users\user\.vscode\extensions\redhat.java-1.42.0-win32-x64\jre\21.0.7-win32-x86_64\bin\net.dll
0x00007ffe8bee0000 - 0x00007ffe8c00c000 	C:\WINDOWS\SYSTEM32\WINHTTP.dll
0x00007ffe92a70000 - 0x00007ffe92ad9000 	C:\WINDOWS\system32\mswsock.dll
0x00007ffe837f0000 - 0x00007ffe83806000 	C:\Users\user\.vscode\extensions\redhat.java-1.42.0-win32-x64\jre\21.0.7-win32-x86_64\bin\nio.dll
0x00007ffe84c10000 - 0x00007ffe84c20000 	c:\Users\user\.vscode\extensions\redhat.java-1.42.0-win32-x64\jre\21.0.7-win32-x86_64\bin\verify.dll

dbghelp: loaded successfully - version: 4.0.5 - missing functions: none
symbol engine: initialized successfully - sym options: 0x614 - pdb path: .;c:\Users\user\.vscode\extensions\redhat.java-1.42.0-win32-x64\jre\21.0.7-win32-x86_64\bin;C:\WINDOWS\SYSTEM32;C:\WINDOWS\WinSxS\amd64_microsoft.windows.common-controls_6595b64144ccf1df_6.0.22621.5413_none_270da5617387a498;c:\Users\user\.vscode\extensions\redhat.java-1.42.0-win32-x64\jre\21.0.7-win32-x86_64\bin\server

VM Arguments:
jvm_args: --add-modules=ALL-SYSTEM --add-opens=java.base/java.util=ALL-UNNAMED --add-opens=java.base/java.lang=ALL-UNNAMED --add-opens=java.base/sun.nio.fs=ALL-UNNAMED -Declipse.application=org.eclipse.jdt.ls.core.id1 -Dosgi.bundles.defaultStartLevel=4 -Declipse.product=org.eclipse.jdt.ls.core.product -Djava.import.generatesMetadataFilesAtProjectRoot=false -DDetectVMInstallationsJob.disabled=true -Dfile.encoding=utf8 -XX:+UseParallelGC -XX:GCTimeRatio=4 -XX:AdaptiveSizePolicyWeight=90 -Dsun.zip.disableMemoryMapping=true -Xmx1G -Xms100m -Xlog:disable -javaagent:c:\Users\user\.vscode\extensions\redhat.java-1.42.0-win32-x64\lombok\lombok-1.18.36.jar 
java_command: c:\Users\user\.vscode\extensions\redhat.java-1.42.0-win32-x64\server\plugins\org.eclipse.equinox.launcher_1.7.0.v20250424-1814.jar -configuration c:\Users\user\AppData\Roaming\Code\User\globalStorage\redhat.java\1.42.0\config_ss_win -data c:\Users\user\AppData\Roaming\Code\User\workspaceStorage\071df3a88edec693e91310ca52204fb6\redhat.java\ss_ws --pipe=\\.\pipe\lsp-201db30d822314b53176ab6a3467c5d2-sock
java_class_path (initial): c:\Users\user\.vscode\extensions\redhat.java-1.42.0-win32-x64\server\plugins\org.eclipse.equinox.launcher_1.7.0.v20250424-1814.jar
Launcher Type: SUN_STANDARD

[Global flags]
    uintx AdaptiveSizePolicyWeight                 = 90                                        {product} {command line}
     intx CICompilerCount                          = 4                                         {product} {ergonomic}
    uintx GCTimeRatio                              = 4                                         {product} {command line}
   size_t InitialHeapSize                          = 104857600                                 {product} {command line}
   size_t MaxHeapSize                              = 1073741824                                {product} {command line}
   size_t MaxNewSize                               = 357564416                                 {product} {ergonomic}
   size_t MinHeapDeltaBytes                        = 524288                                    {product} {ergonomic}
   size_t MinHeapSize                              = 104857600                                 {product} {command line}
   size_t NewSize                                  = 34603008                                  {product} {ergonomic}
    uintx NonNMethodCodeHeapSize                   = 5839372                                {pd product} {ergonomic}
    uintx NonProfiledCodeHeapSize                  = 122909434                              {pd product} {ergonomic}
   size_t OldSize                                  = 70254592                                  {product} {ergonomic}
    uintx ProfiledCodeHeapSize                     = 122909434                              {pd product} {ergonomic}
    uintx ReservedCodeCacheSize                    = 251658240                              {pd product} {ergonomic}
     bool SegmentedCodeCache                       = true                                      {product} {ergonomic}
   size_t SoftMaxHeapSize                          = 1073741824                             {manageable} {ergonomic}
     bool UseCompressedOops                        = true                           {product lp64_product} {ergonomic}
     bool UseLargePagesIndividualAllocation        = false                                  {pd product} {ergonomic}
     bool UseParallelGC                            = true                                      {product} {command line}

Logging:
Log output configuration:
 #0: stdout all=off uptime,level,tags foldmultilines=false
 #1: stderr all=off uptime,level,tags foldmultilines=false

Environment Variables:
JAVA_HOME=C:\Program Files\Microsoft\jdk-17.0.15.6-hotspot\
PATH=C:\Program Files\Microsoft\jdk-17.0.15.6-hotspot\bin;C:\Program Files\Eclipse Adoptium\jdk-8.0.452.9-hotspot\bin;E:\oracle\product\10.2.0\db_1\bin;C:\Program Files\Common Files\Oracle\Java\javapath;C:\Windows\system32;C:\Windows;C:\Windows\System32\Wbem;C:\Windows\System32\WindowsPowerShell\v1.0\;C:\Windows\System32\OpenSSH\;C:\WINDOWS\system32;C:\WINDOWS;C:\WINDOWS\System32\Wbem;C:\WINDOWS\System32\WindowsPowerShell\v1.0\;C:\WINDOWS\System32\OpenSSH\;C:\Users\user\Desktop\projectv;C:\MinGW\bin;C:\Program Files\nodejs;C:\Program Files\nodejs;C:\Program Files\nodejs\node_modules\npm\bin;C:\Users\user\Desktop\projectv\nodejs;C:\Users\user\Desktop\projectv\learning-bootsrap;C:\Users\user\Desktop\projectv\first-raect-app;C:\Program Files;C:\Program Files\Java\jdk-22\bin;C:\ProgramData\chocolatey\bin;C:\Program Files\nodejs\;C:\Users\user\AppData\Local\Android\Sdk\platform-tools;C:\Program Files\MySQL\MySQL Shell 8.0\bin\;C:\Users\user\AppData\Local\Microsoft\WindowsApps;C:\Users\user\AppData\Local\Programs\Microsoft VS Code\bin;C:\Program Files\nodejs\node_modules\npm\bin;C:\Program Files\nodejs;C:\Users\user\Desktop\projectv\nodejs;C:\Users\user\Desktop\projectv\learning-bootsrap;C:\Users\user\Desktop\projectv\first-raect-app;C:\Program Files;C:\Users\user\AppData\Roaming\npm
USERNAME=user
OS=Windows_NT
PROCESSOR_IDENTIFIER=Intel64 Family 6 Model 126 Stepping 5, GenuineIntel
TMP=C:\Users\user\AppData\Local\Temp
TEMP=C:\Users\user\AppData\Local\Temp




Periodic native trim disabled

---------------  S Y S T E M  ---------------

OS:
 Windows 11 , 64 bit Build 22621 (10.0.22621.5413)
OS uptime: 2 days 23:54 hours
Hyper-V role detected

CPU: total 8 (initial active 8) (4 cores per cpu, 2 threads per core) family 6 model 126 stepping 5 microcode 0xc2, cx8, cmov, fxsr, ht, mmx, 3dnowpref, sse, sse2, sse3, ssse3, sse4.1, sse4.2, popcnt, lzcnt, tsc, tscinvbit, avx, avx2, aes, erms, clmul, bmi1, bmi2, adx, avx512f, avx512dq, avx512cd, avx512bw, avx512vl, sha, fma, vzeroupper, avx512_vpopcntdq, avx512_vpclmulqdq, avx512_vaes, avx512_vnni, clflush, clflushopt, avx512_vbmi2, avx512_vbmi, hv, rdtscp, rdpid, fsrm, gfni, avx512_bitalg, f16c, avx512_ifma
Processor Information for the first 8 processors :
  Max Mhz: 1190, Current Mhz: 991, Mhz Limit: 987

Memory: 4k page, system-wide physical 7959M (198M free)
TotalPageFile size 32535M (AvailPageFile size 0M)
current process WorkingSet (physical memory assigned to process): 54M, peak: 55M
current process commit charge ("private bytes"): 193M, peak: 194M

vm_info: OpenJDK 64-Bit Server VM (21.0.7+6-LTS) for windows-amd64 JRE (21.0.7+6-LTS), built on 2025-04-15T00:00:00Z by "admin" with MS VC++ 17.7 (VS2022)

END.
