#
# There is insufficient memory for the Java Runtime Environment to continue.
# Native memory allocation (malloc) failed to allocate 178480 bytes. Error detail: Chunk::new
# Possible reasons:
#   The system is out of physical RAM or swap space
#   This process is running with CompressedOops enabled, and the Java Heap may be blocking the growth of the native heap
# Possible solutions:
#   Reduce memory load on the system
#   Increase physical memory or swap space
#   Check if swap backing store is full
#   Decrease Java heap size (-Xmx/-Xms)
#   Decrease number of Java threads
#   Decrease Java thread stack sizes (-Xss)
#   Set larger code cache with -XX:ReservedCodeCacheSize=
#   JVM is running with Unscaled Compressed Oops mode in which the Java heap is
#     placed in the first 4GB address space. The Java Heap base address is the
#     maximum limit for the native heap growth. Please use -XX:HeapBaseMinAddress
#     to set the Java Heap base and to place the Java Heap above 4GB virtual address.
# This output file may be truncated or incomplete.
#
#  Out of Memory Error (arena.cpp:191), pid=1432, tid=21468
#
# JRE version: OpenJDK Runtime Environment Microsoft-11369865 (17.0.15+6) (build 17.0.15+6-LTS)
# Java VM: OpenJDK 64-Bit Server VM Microsoft-11369865 (17.0.15+6-LTS, mixed mode, sharing, tiered, compressed oops, compressed class ptrs, g1 gc, windows-amd64)
# No core dump will be written. Minidumps are not enabled by default on client versions of Windows
#

---------------  S U M M A R Y ------------

Command Line: -Xmx64m -Xms64m -Dorg.gradle.appname=gradlew org.gradle.wrapper.GradleWrapperMain app:installDebug -PreactNativeDevServerPort=8081

Host: Intel(R) Core(TM) i5-1035G1 CPU @ 1.00GHz, 8 cores, 7G,  Windows 11 , 64 bit Build 22621 (10.0.22621.5413)
Time: Fri Jun  6 21:23:39 2025 India Standard Time elapsed time: 3.442634 seconds (0d 0h 0m 3s)

---------------  T H R E A D  ---------------

Current thread (0x000001dba8971ef0):  JavaThread "C2 CompilerThread0" daemon [_thread_in_native, id=21468, stack(0x000000715e900000,0x000000715ea00000)]


Current CompileTask:
C2:   3442  994   !   4       jdk.internal.loader.URLClassPath$JarLoader::getResource (65 bytes)

Stack: [0x000000715e900000,0x000000715ea00000]
Native frames: (J=compiled Java code, j=interpreted, Vv=VM code, C=native code)
V  [jvm.dll+0x6887a9]
V  [jvm.dll+0x83f5a8]
V  [jvm.dll+0x841053]
V  [jvm.dll+0x8416c3]
V  [jvm.dll+0x2496ef]
V  [jvm.dll+0xad134]
V  [jvm.dll+0xad7cc]
V  [jvm.dll+0x36af2e]
V  [jvm.dll+0x335513]
V  [jvm.dll+0x3349aa]
V  [jvm.dll+0x21a908]
V  [jvm.dll+0x219d3f]
V  [jvm.dll+0x1a55f6]
V  [jvm.dll+0x22a39a]
V  [jvm.dll+0x2284db]
V  [jvm.dll+0x7f4e28]
V  [jvm.dll+0x7ef2dc]
V  [jvm.dll+0x687687]
C  [ucrtbase.dll+0x29333]
C  [KERNEL32.DLL+0x1259d]
C  [ntdll.dll+0x5af78]


---------------  P R O C E S S  ---------------

Threads class SMR info:
_java_thread_list=0x000001dba8a91080, length=12, elements={
0x000001db8ef4d4e0, 0x000001db8eff48f0, 0x000001db8eff64c0, 0x000001dba89683a0,
0x000001dba896ae70, 0x000001dba896d840, 0x000001dba896e9a0, 0x000001dba8971ef0,
0x000001dba8983930, 0x000001dba8984330, 0x000001dba8ab6230, 0x000001dba8ab69b0
}

Java Threads: ( => current thread )
  0x000001db8ef4d4e0 JavaThread "main" [_thread_in_vm, id=17448, stack(0x000000715dc00000,0x000000715dd00000)]
  0x000001db8eff48f0 JavaThread "Reference Handler" daemon [_thread_blocked, id=14500, stack(0x000000715e300000,0x000000715e400000)]
  0x000001db8eff64c0 JavaThread "Finalizer" daemon [_thread_blocked, id=1868, stack(0x000000715e400000,0x000000715e500000)]
  0x000001dba89683a0 JavaThread "Signal Dispatcher" daemon [_thread_blocked, id=6660, stack(0x000000715e500000,0x000000715e600000)]
  0x000001dba896ae70 JavaThread "Attach Listener" daemon [_thread_blocked, id=19112, stack(0x000000715e600000,0x000000715e700000)]
  0x000001dba896d840 JavaThread "Service Thread" daemon [_thread_blocked, id=14916, stack(0x000000715e700000,0x000000715e800000)]
  0x000001dba896e9a0 JavaThread "Monitor Deflation Thread" daemon [_thread_blocked, id=7580, stack(0x000000715e800000,0x000000715e900000)]
=>0x000001dba8971ef0 JavaThread "C2 CompilerThread0" daemon [_thread_in_native, id=21468, stack(0x000000715e900000,0x000000715ea00000)]
  0x000001dba8983930 JavaThread "C1 CompilerThread0" daemon [_thread_blocked, id=13196, stack(0x000000715ea00000,0x000000715eb00000)]
  0x000001dba8984330 JavaThread "Sweeper thread" daemon [_thread_blocked, id=12316, stack(0x000000715eb00000,0x000000715ec00000)]
  0x000001dba8ab6230 JavaThread "Notification Thread" daemon [_thread_blocked, id=11088, stack(0x000000715ec00000,0x000000715ed00000)]
  0x000001dba8ab69b0 JavaThread "Common-Cleaner" daemon [_thread_blocked, id=14308, stack(0x000000715ee00000,0x000000715ef00000)]

Other Threads:
  0x000001db8efefc10 VMThread "VM Thread" [stack: 0x000000715e200000,0x000000715e300000] [id=16508]
  0x000001dba8ab6710 WatcherThread [stack: 0x000000715ed00000,0x000000715ee00000] [id=1204]
  0x000001db8ef6c790 GCTaskThread "GC Thread#0" [stack: 0x000000715dd00000,0x000000715de00000] [id=5808]
  0x000001dbee08d410 GCTaskThread "GC Thread#1" [stack: 0x000000715ef00000,0x000000715f000000] [id=21968]
  0x000001dbee0fe290 GCTaskThread "GC Thread#2" [stack: 0x000000715f000000,0x000000715f100000] [id=24240]
  0x000001dbee0ff560 GCTaskThread "GC Thread#3" [stack: 0x000000715f100000,0x000000715f200000] [id=23836]
  0x000001db8ef6eef0 ConcurrentGCThread "G1 Main Marker" [stack: 0x000000715de00000,0x000000715df00000] [id=21952]
  0x000001db8ef6f910 ConcurrentGCThread "G1 Conc#0" [stack: 0x000000715df00000,0x000000715e000000] [id=6556]
  0x000001db8efcf8e0 ConcurrentGCThread "G1 Refine#0" [stack: 0x000000715e000000,0x000000715e100000] [id=20208]
  0x000001db8efd0b30 ConcurrentGCThread "G1 Service" [stack: 0x000000715e100000,0x000000715e200000] [id=2764]

Threads with active compile tasks:
C2 CompilerThread0     3496  994   !   4       jdk.internal.loader.URLClassPath$JarLoader::getResource (65 bytes)

VM state: not at safepoint (normal execution)

VM Mutex/Monitor currently owned by a thread: None

Heap address: 0x00000000fc000000, size: 64 MB, Compressed Oops mode: 32-bit

CDS archive(s) mapped at: [0x000001dba9000000-0x000001dba9bb0000-0x000001dba9bb0000), size 12255232, SharedBaseAddress: 0x000001dba9000000, ArchiveRelocationMode: 1.
Compressed class space mapped at: 0x000001dbaa000000-0x000001dbea000000, reserved size: 1073741824
Narrow klass base: 0x000001dba9000000, Narrow klass shift: 0, Narrow klass range: 0x100000000

GC Precious Log:
 CPUs: 8 total, 8 available
 Memory: 7959M
 Large Page Support: Disabled
 NUMA Support: Disabled
 Compressed Oops: Enabled (32-bit)
 Heap Region Size: 1M
 Heap Min Capacity: 64M
 Heap Initial Capacity: 64M
 Heap Max Capacity: 64M
 Pre-touch: Disabled
 Parallel Workers: 8
 Concurrent Workers: 2
 Concurrent Refinement Workers: 8
 Periodic GC: Disabled

Heap:
 garbage-first heap   total 65536K, used 18944K [0x00000000fc000000, 0x0000000100000000)
  region size 1024K, 18 young (18432K), 3 survivors (3072K)
 Metaspace       used 4309K, committed 4480K, reserved 1114112K
  class space    used 540K, committed 640K, reserved 1048576K

Heap Regions: E=young(eden), S=young(survivor), O=old, HS=humongous(starts), HC=humongous(continues), CS=collection set, F=free, OA=open archive, CA=closed archive, TAMS=top-at-mark-start (previous, next)
|   0|0x00000000fc000000, 0x00000000fc100000, 0x00000000fc100000|100%|HS|  |TAMS 0x00000000fc000000, 0x00000000fc000000| Complete 
|   1|0x00000000fc100000, 0x00000000fc200000, 0x00000000fc200000|100%|HC|  |TAMS 0x00000000fc100000, 0x00000000fc100000| Complete 
|   2|0x00000000fc200000, 0x00000000fc300000, 0x00000000fc300000|100%|HC|  |TAMS 0x00000000fc200000, 0x00000000fc200000| Complete 
|   3|0x00000000fc300000, 0x00000000fc300000, 0x00000000fc400000|  0%| F|  |TAMS 0x00000000fc300000, 0x00000000fc300000| Untracked 
|   4|0x00000000fc400000, 0x00000000fc400000, 0x00000000fc500000|  0%| F|  |TAMS 0x00000000fc400000, 0x00000000fc400000| Untracked 
|   5|0x00000000fc500000, 0x00000000fc500000, 0x00000000fc600000|  0%| F|  |TAMS 0x00000000fc500000, 0x00000000fc500000| Untracked 
|   6|0x00000000fc600000, 0x00000000fc600000, 0x00000000fc700000|  0%| F|  |TAMS 0x00000000fc600000, 0x00000000fc600000| Untracked 
|   7|0x00000000fc700000, 0x00000000fc700000, 0x00000000fc800000|  0%| F|  |TAMS 0x00000000fc700000, 0x00000000fc700000| Untracked 
|   8|0x00000000fc800000, 0x00000000fc800000, 0x00000000fc900000|  0%| F|  |TAMS 0x00000000fc800000, 0x00000000fc800000| Untracked 
|   9|0x00000000fc900000, 0x00000000fc900000, 0x00000000fca00000|  0%| F|  |TAMS 0x00000000fc900000, 0x00000000fc900000| Untracked 
|  10|0x00000000fca00000, 0x00000000fca00000, 0x00000000fcb00000|  0%| F|  |TAMS 0x00000000fca00000, 0x00000000fca00000| Untracked 
|  11|0x00000000fcb00000, 0x00000000fcb00000, 0x00000000fcc00000|  0%| F|  |TAMS 0x00000000fcb00000, 0x00000000fcb00000| Untracked 
|  12|0x00000000fcc00000, 0x00000000fcc00000, 0x00000000fcd00000|  0%| F|  |TAMS 0x00000000fcc00000, 0x00000000fcc00000| Untracked 
|  13|0x00000000fcd00000, 0x00000000fcd00000, 0x00000000fce00000|  0%| F|  |TAMS 0x00000000fcd00000, 0x00000000fcd00000| Untracked 
|  14|0x00000000fce00000, 0x00000000fce00000, 0x00000000fcf00000|  0%| F|  |TAMS 0x00000000fce00000, 0x00000000fce00000| Untracked 
|  15|0x00000000fcf00000, 0x00000000fcf00000, 0x00000000fd000000|  0%| F|  |TAMS 0x00000000fcf00000, 0x00000000fcf00000| Untracked 
|  16|0x00000000fd000000, 0x00000000fd000000, 0x00000000fd100000|  0%| F|  |TAMS 0x00000000fd000000, 0x00000000fd000000| Untracked 
|  17|0x00000000fd100000, 0x00000000fd100000, 0x00000000fd200000|  0%| F|  |TAMS 0x00000000fd100000, 0x00000000fd100000| Untracked 
|  18|0x00000000fd200000, 0x00000000fd200000, 0x00000000fd300000|  0%| F|  |TAMS 0x00000000fd200000, 0x00000000fd200000| Untracked 
|  19|0x00000000fd300000, 0x00000000fd300000, 0x00000000fd400000|  0%| F|  |TAMS 0x00000000fd300000, 0x00000000fd300000| Untracked 
|  20|0x00000000fd400000, 0x00000000fd400000, 0x00000000fd500000|  0%| F|  |TAMS 0x00000000fd400000, 0x00000000fd400000| Untracked 
|  21|0x00000000fd500000, 0x00000000fd500000, 0x00000000fd600000|  0%| F|  |TAMS 0x00000000fd500000, 0x00000000fd500000| Untracked 
|  22|0x00000000fd600000, 0x00000000fd600000, 0x00000000fd700000|  0%| F|  |TAMS 0x00000000fd600000, 0x00000000fd600000| Untracked 
|  23|0x00000000fd700000, 0x00000000fd700000, 0x00000000fd800000|  0%| F|  |TAMS 0x00000000fd700000, 0x00000000fd700000| Untracked 
|  24|0x00000000fd800000, 0x00000000fd800000, 0x00000000fd900000|  0%| F|  |TAMS 0x00000000fd800000, 0x00000000fd800000| Untracked 
|  25|0x00000000fd900000, 0x00000000fd900000, 0x00000000fda00000|  0%| F|  |TAMS 0x00000000fd900000, 0x00000000fd900000| Untracked 
|  26|0x00000000fda00000, 0x00000000fda00000, 0x00000000fdb00000|  0%| F|  |TAMS 0x00000000fda00000, 0x00000000fda00000| Untracked 
|  27|0x00000000fdb00000, 0x00000000fdb00000, 0x00000000fdc00000|  0%| F|  |TAMS 0x00000000fdb00000, 0x00000000fdb00000| Untracked 
|  28|0x00000000fdc00000, 0x00000000fdc00000, 0x00000000fdd00000|  0%| F|  |TAMS 0x00000000fdc00000, 0x00000000fdc00000| Untracked 
|  29|0x00000000fdd00000, 0x00000000fdd00000, 0x00000000fde00000|  0%| F|  |TAMS 0x00000000fdd00000, 0x00000000fdd00000| Untracked 
|  30|0x00000000fde00000, 0x00000000fde00000, 0x00000000fdf00000|  0%| F|  |TAMS 0x00000000fde00000, 0x00000000fde00000| Untracked 
|  31|0x00000000fdf00000, 0x00000000fdf00000, 0x00000000fe000000|  0%| F|  |TAMS 0x00000000fdf00000, 0x00000000fdf00000| Untracked 
|  32|0x00000000fe000000, 0x00000000fe000000, 0x00000000fe100000|  0%| F|  |TAMS 0x00000000fe000000, 0x00000000fe000000| Untracked 
|  33|0x00000000fe100000, 0x00000000fe100000, 0x00000000fe200000|  0%| F|  |TAMS 0x00000000fe100000, 0x00000000fe100000| Untracked 
|  34|0x00000000fe200000, 0x00000000fe200000, 0x00000000fe300000|  0%| F|  |TAMS 0x00000000fe200000, 0x00000000fe200000| Untracked 
|  35|0x00000000fe300000, 0x00000000fe300000, 0x00000000fe400000|  0%| F|  |TAMS 0x00000000fe300000, 0x00000000fe300000| Untracked 
|  36|0x00000000fe400000, 0x00000000fe400000, 0x00000000fe500000|  0%| F|  |TAMS 0x00000000fe400000, 0x00000000fe400000| Untracked 
|  37|0x00000000fe500000, 0x00000000fe500000, 0x00000000fe600000|  0%| F|  |TAMS 0x00000000fe500000, 0x00000000fe500000| Untracked 
|  38|0x00000000fe600000, 0x00000000fe680000, 0x00000000fe700000| 50%| S|CS|TAMS 0x00000000fe600000, 0x00000000fe600000| Complete 
|  39|0x00000000fe700000, 0x00000000fe800000, 0x00000000fe800000|100%| S|CS|TAMS 0x00000000fe700000, 0x00000000fe700000| Complete 
|  40|0x00000000fe800000, 0x00000000fe900000, 0x00000000fe900000|100%| S|CS|TAMS 0x00000000fe800000, 0x00000000fe800000| Complete 
|  41|0x00000000fe900000, 0x00000000fe900000, 0x00000000fea00000|  0%| F|  |TAMS 0x00000000fe900000, 0x00000000fe900000| Untracked 
|  42|0x00000000fea00000, 0x00000000fea00000, 0x00000000feb00000|  0%| F|  |TAMS 0x00000000fea00000, 0x00000000fea00000| Untracked 
|  43|0x00000000feb00000, 0x00000000feb00000, 0x00000000fec00000|  0%| F|  |TAMS 0x00000000feb00000, 0x00000000feb00000| Untracked 
|  44|0x00000000fec00000, 0x00000000fec00000, 0x00000000fed00000|  0%| F|  |TAMS 0x00000000fec00000, 0x00000000fec00000| Untracked 
|  45|0x00000000fed00000, 0x00000000fed00000, 0x00000000fee00000|  0%| F|  |TAMS 0x00000000fed00000, 0x00000000fed00000| Untracked 
|  46|0x00000000fee00000, 0x00000000fee00000, 0x00000000fef00000|  0%| F|  |TAMS 0x00000000fee00000, 0x00000000fee00000| Untracked 
|  47|0x00000000fef00000, 0x00000000fef00000, 0x00000000ff000000|  0%| F|  |TAMS 0x00000000fef00000, 0x00000000fef00000| Untracked 
|  48|0x00000000ff000000, 0x00000000ff000000, 0x00000000ff100000|  0%| F|  |TAMS 0x00000000ff000000, 0x00000000ff000000| Untracked 
|  49|0x00000000ff100000, 0x00000000ff180000, 0x00000000ff200000| 50%| E|  |TAMS 0x00000000ff100000, 0x00000000ff100000| Complete 
|  50|0x00000000ff200000, 0x00000000ff300000, 0x00000000ff300000|100%| E|CS|TAMS 0x00000000ff200000, 0x00000000ff200000| Complete 
|  51|0x00000000ff300000, 0x00000000ff400000, 0x00000000ff400000|100%| E|CS|TAMS 0x00000000ff300000, 0x00000000ff300000| Complete 
|  52|0x00000000ff400000, 0x00000000ff500000, 0x00000000ff500000|100%| E|CS|TAMS 0x00000000ff400000, 0x00000000ff400000| Complete 
|  53|0x00000000ff500000, 0x00000000ff600000, 0x00000000ff600000|100%| E|CS|TAMS 0x00000000ff500000, 0x00000000ff500000| Complete 
|  54|0x00000000ff600000, 0x00000000ff700000, 0x00000000ff700000|100%| E|CS|TAMS 0x00000000ff600000, 0x00000000ff600000| Complete 
|  55|0x00000000ff700000, 0x00000000ff800000, 0x00000000ff800000|100%| E|CS|TAMS 0x00000000ff700000, 0x00000000ff700000| Complete 
|  56|0x00000000ff800000, 0x00000000ff900000, 0x00000000ff900000|100%| E|CS|TAMS 0x00000000ff800000, 0x00000000ff800000| Complete 
|  57|0x00000000ff900000, 0x00000000ffa00000, 0x00000000ffa00000|100%| E|CS|TAMS 0x00000000ff900000, 0x00000000ff900000| Complete 
|  58|0x00000000ffa00000, 0x00000000ffb00000, 0x00000000ffb00000|100%| E|CS|TAMS 0x00000000ffa00000, 0x00000000ffa00000| Complete 
|  59|0x00000000ffb00000, 0x00000000ffc00000, 0x00000000ffc00000|100%| E|CS|TAMS 0x00000000ffb00000, 0x00000000ffb00000| Complete 
|  60|0x00000000ffc00000, 0x00000000ffd00000, 0x00000000ffd00000|100%| E|CS|TAMS 0x00000000ffc00000, 0x00000000ffc00000| Complete 
|  61|0x00000000ffd00000, 0x00000000ffe00000, 0x00000000ffe00000|100%| E|CS|TAMS 0x00000000ffd00000, 0x00000000ffd00000| Complete 
|  62|0x00000000ffe00000, 0x00000000fff00000, 0x00000000fff00000|100%| E|CS|TAMS 0x00000000ffe00000, 0x00000000ffe00000| Complete 
|  63|0x00000000fff00000, 0x0000000100000000, 0x0000000100000000|100%| E|  |TAMS 0x00000000fff00000, 0x00000000fff00000| Complete 

Card table byte_map: [0x000001db8ce20000,0x000001db8ce40000] _byte_map_base: 0x000001db8c640000

Marking Bits (Prev, Next): (CMBitMap*) 0x000001db8ef6ddc0, (CMBitMap*) 0x000001db8ef6de00
 Prev Bits: [0x000001dba5dc0000, 0x000001dba5ec0000)
 Next Bits: [0x000001dba5ec0000, 0x000001dba5fc0000)

Polling page: 0x000001db8cdd0000

Metaspace:

Usage:
  Non-class:      3.68 MB used.
      Class:    540.45 KB used.
       Both:      4.21 MB used.

Virtual space:
  Non-class space:       64.00 MB reserved,       3.75 MB (  6%) committed,  1 nodes.
      Class space:        1.00 GB reserved,     640.00 KB ( <1%) committed,  1 nodes.
             Both:        1.06 GB reserved,       4.38 MB ( <1%) committed. 

Chunk freelists:
   Non-Class:  10.52 MB
       Class:  15.42 MB
        Both:  25.94 MB

MaxMetaspaceSize: unlimited
CompressedClassSpaceSize: 1.00 GB
Initial GC threshold: 21.00 MB
Current GC threshold: 21.00 MB
CDS: on
MetaspaceReclaimPolicy: balanced
 - commit_granule_bytes: 65536.
 - commit_granule_words: 8192.
 - virtual_space_node_default_size: 8388608.
 - enlarge_chunks_in_place: 1.
 - new_chunks_are_fully_committed: 0.
 - uncommit_free_chunks: 1.
 - use_allocation_guard: 0.
 - handle_deallocations: 1.


Internal statistics:

num_allocs_failed_limit: 0.
num_arena_births: 22.
num_arena_deaths: 0.
num_vsnodes_births: 2.
num_vsnodes_deaths: 0.
num_space_committed: 70.
num_space_uncommitted: 0.
num_chunks_returned_to_freelist: 0.
num_chunks_taken_from_freelist: 117.
num_chunk_merges: 0.
num_chunk_splits: 77.
num_chunks_enlarged: 66.
num_inconsistent_stats: 0.

CodeHeap 'non-profiled nmethods': size=120000Kb used=451Kb max_used=451Kb free=119548Kb
 bounds [0x000001db9e560000, 0x000001db9e7d0000, 0x000001dba5a90000]
CodeHeap 'profiled nmethods': size=120000Kb used=1986Kb max_used=1986Kb free=118013Kb
 bounds [0x000001db96a90000, 0x000001db96d00000, 0x000001db9dfc0000]
CodeHeap 'non-nmethods': size=5760Kb used=1139Kb max_used=1156Kb free=4620Kb
 bounds [0x000001db9dfc0000, 0x000001db9e230000, 0x000001db9e560000]
 total_blobs=1430 nmethods=1020 adapters=323
 compilation: enabled
              stopped_count=0, restarted_count=0
 full_count=0

Compilation events (20 events):
Event: 3.391 Thread 0x000001dba8983930 nmethod 998 0x000001db96c69510 code [0x000001db96c696c0, 0x000001db96c698d8]
Event: 3.393 Thread 0x000001dba8983930  999       3       java.util.jar.JavaUtilJarAccessImpl::entryFor (6 bytes)
Event: 3.394 Thread 0x000001dba8983930 nmethod 999 0x000001db96c69a10 code [0x000001db96c69be0, 0x000001db96c6a008]
Event: 3.394 Thread 0x000001dba8983930 1000       3       java.util.zip.ZipEntry::<init> (84 bytes)
Event: 3.394 Thread 0x000001dba8983930 nmethod 1000 0x000001db96c6a190 code [0x000001db96c6a380, 0x000001db96c6a8f8]
Event: 3.404 Thread 0x000001dba8983930 1001   !   3       sun.net.www.ParseUtil::decode (317 bytes)
Event: 3.409 Thread 0x000001dba8983930 nmethod 1001 0x000001db96c6ab10 code [0x000001db96c6b0a0, 0x000001db96c6dd58]
Event: 3.409 Thread 0x000001dba8983930 1002       3       java.util.zip.ZipFile::getZipEntry (322 bytes)
Event: 3.411 Thread 0x000001dba8971ef0 nmethod 991 0x000001db9e5cf490 code [0x000001db9e5cf680, 0x000001db9e5d0520]
Event: 3.412 Thread 0x000001dba8971ef0  994   !   4       jdk.internal.loader.URLClassPath$JarLoader::getResource (65 bytes)
Event: 3.414 Thread 0x000001dba8983930 nmethod 1002 0x000001db96c6ef10 code [0x000001db96c6f380, 0x000001db96c71a58]
Event: 3.414 Thread 0x000001dba8983930 1003       3       java.util.zip.ZipUtils::CENTIM (9 bytes)
Event: 3.414 Thread 0x000001dba8983930 nmethod 1003 0x000001db96c72910 code [0x000001db96c72ac0, 0x000001db96c72d98]
Event: 3.414 Thread 0x000001dba8983930 1004       3       java.util.zip.ZipUtils::CENCRC (9 bytes)
Event: 3.415 Thread 0x000001dba8983930 nmethod 1004 0x000001db96c72f10 code [0x000001db96c730c0, 0x000001db96c73398]
Event: 3.415 Thread 0x000001dba8983930 1005       3       java.util.zip.ZipUtils::CENVEM_FA (8 bytes)
Event: 3.415 Thread 0x000001dba8983930 nmethod 1005 0x000001db96c73510 code [0x000001db96c736a0, 0x000001db96c73818]
Event: 3.415 Thread 0x000001dba8983930 1006       3       java.util.zip.ZipUtils::CH (8 bytes)
Event: 3.415 Thread 0x000001dba8983930 nmethod 1006 0x000001db96c73910 code [0x000001db96c73aa0, 0x000001db96c73bb8]
Event: 3.426 Thread 0x000001dba8983930 1007   !   3       java.net.URLClassLoader::defineClass (224 bytes)

GC Heap History (2 events):
Event: 2.031 GC heap before
{Heap before GC invocations=0 (full 0):
 garbage-first heap   total 65536K, used 22528K [0x00000000fc000000, 0x0000000100000000)
  region size 1024K, 23 young (23552K), 0 survivors (0K)
 Metaspace       used 1817K, committed 1920K, reserved 1114112K
  class space    used 162K, committed 192K, reserved 1048576K
}
Event: 2.043 GC heap after
{Heap after GC invocations=1 (full 0):
 garbage-first heap   total 65536K, used 2560K [0x00000000fc000000, 0x0000000100000000)
  region size 1024K, 3 young (3072K), 3 survivors (3072K)
 Metaspace       used 1817K, committed 1920K, reserved 1114112K
  class space    used 162K, committed 192K, reserved 1048576K
}

Dll operation events (9 events):
Event: 0.028 Loaded shared library C:\Program Files\Microsoft\jdk-17.0.15.6-hotspot\bin\java.dll
Event: 0.167 Loaded shared library C:\Program Files\Microsoft\jdk-17.0.15.6-hotspot\bin\jsvml.dll
Event: 0.295 Loaded shared library C:\Program Files\Microsoft\jdk-17.0.15.6-hotspot\bin\net.dll
Event: 0.304 Loaded shared library C:\Program Files\Microsoft\jdk-17.0.15.6-hotspot\bin\nio.dll
Event: 0.322 Loaded shared library C:\Program Files\Microsoft\jdk-17.0.15.6-hotspot\bin\zip.dll
Event: 0.335 Loaded shared library C:\Program Files\Microsoft\jdk-17.0.15.6-hotspot\bin\verify.dll
Event: 1.710 Loaded shared library C:\Program Files\Microsoft\jdk-17.0.15.6-hotspot\bin\jimage.dll
Event: 3.279 Loaded shared library C:\Program Files\Microsoft\jdk-17.0.15.6-hotspot\bin\management.dll
Event: 3.289 Loaded shared library C:\Program Files\Microsoft\jdk-17.0.15.6-hotspot\bin\management_ext.dll

Deoptimization events (20 events):
Event: 3.210 Thread 0x000001db8ef4d4e0 Uncommon trap: trap_request=0xffffffde fr.pc=0x000001db9e580890 relative=0x00000000000003b0
Event: 3.210 Thread 0x000001db8ef4d4e0 Uncommon trap: reason=class_check action=maybe_recompile pc=0x000001db9e580890 method=java.util.regex.Matcher.match(II)Z @ 121 c2
Event: 3.210 Thread 0x000001db8ef4d4e0 DEOPT PACKING pc=0x000001db9e580890 sp=0x000000715dcfdb00
Event: 3.210 Thread 0x000001db8ef4d4e0 DEOPT UNPACKING pc=0x000001db9e01a1a3 sp=0x000000715dcfdaa8 mode 2
Event: 3.331 Thread 0x000001db8ef4d4e0 Uncommon trap: trap_request=0xffffff45 fr.pc=0x000001db9e5c8a44 relative=0x00000000000002a4
Event: 3.331 Thread 0x000001db8ef4d4e0 Uncommon trap: reason=unstable_if action=reinterpret pc=0x000001db9e5c8a44 method=java.lang.String.startsWith(Ljava/lang/String;I)Z @ 14 c2
Event: 3.331 Thread 0x000001db8ef4d4e0 DEOPT PACKING pc=0x000001db9e5c8a44 sp=0x000000715dcfd7f0
Event: 3.331 Thread 0x000001db8ef4d4e0 DEOPT UNPACKING pc=0x000001db9e01a1a3 sp=0x000000715dcfd750 mode 2
Event: 3.337 Thread 0x000001db8ef4d4e0 Uncommon trap: trap_request=0xffffff45 fr.pc=0x000001db9e5c7c70 relative=0x00000000000005b0
Event: 3.337 Thread 0x000001db8ef4d4e0 Uncommon trap: reason=unstable_if action=reinterpret pc=0x000001db9e5c7c70 method=java.util.HashMap.hash(Ljava/lang/Object;)I @ 1 c2
Event: 3.337 Thread 0x000001db8ef4d4e0 DEOPT PACKING pc=0x000001db9e5c7c70 sp=0x000000715dcfdbd0
Event: 3.337 Thread 0x000001db8ef4d4e0 DEOPT UNPACKING pc=0x000001db9e01a1a3 sp=0x000000715dcfda78 mode 2
Event: 3.337 Thread 0x000001db8ef4d4e0 Uncommon trap: trap_request=0xffffff45 fr.pc=0x000001db9e5a8170 relative=0x00000000000005b0
Event: 3.337 Thread 0x000001db8ef4d4e0 Uncommon trap: reason=unstable_if action=reinterpret pc=0x000001db9e5a8170 method=java.util.HashMap.hash(Ljava/lang/Object;)I @ 1 c2
Event: 3.337 Thread 0x000001db8ef4d4e0 DEOPT PACKING pc=0x000001db9e5a8170 sp=0x000000715dcfdb60
Event: 3.337 Thread 0x000001db8ef4d4e0 DEOPT UNPACKING pc=0x000001db9e01a1a3 sp=0x000000715dcfda78 mode 2
Event: 3.376 Thread 0x000001db8ef4d4e0 Uncommon trap: trap_request=0xffffff45 fr.pc=0x000001db9e58c478 relative=0x0000000000000438
Event: 3.376 Thread 0x000001db8ef4d4e0 Uncommon trap: reason=unstable_if action=reinterpret pc=0x000001db9e58c478 method=java.util.Properties.loadConvert([CIILjava/lang/StringBuilder;)Ljava/lang/String; @ 26 c2
Event: 3.376 Thread 0x000001db8ef4d4e0 DEOPT PACKING pc=0x000001db9e58c478 sp=0x000000715dcfc250
Event: 3.376 Thread 0x000001db8ef4d4e0 DEOPT UNPACKING pc=0x000001db9e01a1a3 sp=0x000000715dcfc210 mode 2

Classes loaded (20 events):
Event: 3.371 Loading class java/net/URLClassLoader$2
Event: 3.371 Loading class java/net/URLClassLoader$2 done
Event: 3.372 Loading class sun/net/www/protocol/jar/JarURLConnection
Event: 3.372 Loading class java/net/JarURLConnection
Event: 3.373 Loading class java/net/JarURLConnection done
Event: 3.373 Loading class sun/net/www/protocol/jar/JarURLConnection done
Event: 3.373 Loading class sun/net/www/protocol/jar/JarFileFactory
Event: 3.373 Loading class sun/net/www/protocol/jar/URLJarFile$URLJarFileCloseController
Event: 3.374 Loading class sun/net/www/protocol/jar/URLJarFile$URLJarFileCloseController done
Event: 3.374 Loading class sun/net/www/protocol/jar/JarFileFactory done
Event: 3.374 Loading class sun/net/www/protocol/jar/URLJarFile
Event: 3.375 Loading class sun/net/www/protocol/jar/URLJarFile done
Event: 3.376 Loading class sun/net/www/protocol/jar/URLJarFile$URLJarFileEntry
Event: 3.376 Loading class sun/net/www/protocol/jar/URLJarFile$URLJarFileEntry done
Event: 3.376 Loading class sun/net/www/protocol/jar/JarURLConnection$JarURLInputStream
Event: 3.376 Loading class sun/net/www/protocol/jar/JarURLConnection$JarURLInputStream done
Event: 3.379 Loading class java/util/Formatter$FixedString
Event: 3.379 Loading class java/util/Formatter$FixedString done
Event: 3.405 Loading class java/net/UnknownHostException
Event: 3.405 Loading class java/net/UnknownHostException done

Classes unloaded (0 events):
No events

Classes redefined (0 events):
No events

Internal exceptions (7 events):
Event: 0.698 Thread 0x000001db8ef4d4e0 Exception <a 'java/lang/NoSuchMethodError'{0x00000000ffdf9f08}: 'int java.lang.invoke.DirectMethodHandle$Holder.invokeStaticInit(java.lang.Object, java.lang.Object)'> (0x00000000ffdf9f08) 
thrown [s\src\hotspot\share\interpreter\linkResolver.cpp, line 759]
Event: 3.273 Thread 0x000001db8ef4d4e0 Exception <a 'java/lang/NoSuchMethodError'{0x00000000ff3d6ae8}: 'java.lang.Object java.lang.invoke.DirectMethodHandle$Holder.invokeStaticInit(java.lang.Object)'> (0x00000000ff3d6ae8) 
thrown [s\src\hotspot\share\interpreter\linkResolver.cpp, line 759]
Event: 3.314 Thread 0x000001db8ef4d4e0 Exception <a 'java/lang/NoSuchMethodError'{0x00000000ff3f17d8}: 'int java.lang.invoke.DirectMethodHandle$Holder.invokeSpecial(java.lang.Object, java.lang.Object, java.lang.Object)'> (0x00000000ff3f17d8) 
thrown [s\src\hotspot\share\interpreter\linkResolver.cpp, line 759]
Event: 3.334 Thread 0x000001db8ef4d4e0 Exception <a 'java/lang/NoSuchMethodError'{0x00000000ff22db10}: 'void java.lang.invoke.DirectMethodHandle$Holder.invokeStatic(java.lang.Object, java.lang.Object)'> (0x00000000ff22db10) 
thrown [s\src\hotspot\share\interpreter\linkResolver.cpp, line 759]
Event: 3.337 Thread 0x000001db8ef4d4e0 Implicit null exception at 0x000001db9e5c770f to 0x000001db9e5c7c50
Event: 3.337 Thread 0x000001db8ef4d4e0 Implicit null exception at 0x000001db9e5a7c0f to 0x000001db9e5a8150
Event: 3.383 Thread 0x000001db8ef4d4e0 Exception <a 'java/lang/NoClassDefFoundError'{0x00000000ff2acc98}: org/slf4j/impl/StaticMarkerBinder> (0x00000000ff2acc98) 
thrown [s\src\hotspot\share\classfile\systemDictionary.cpp, line 245]

VM Operations (16 events):
Event: 0.325 Executing VM operation: HandshakeAllThreads
Event: 0.325 Executing VM operation: HandshakeAllThreads done
Event: 1.337 Executing VM operation: Cleanup
Event: 1.337 Executing VM operation: Cleanup done
Event: 1.853 Executing VM operation: HandshakeAllThreads
Event: 1.853 Executing VM operation: HandshakeAllThreads done
Event: 2.029 Executing VM operation: G1CollectForAllocation
Event: 2.043 Executing VM operation: G1CollectForAllocation done
Event: 3.057 Executing VM operation: Cleanup
Event: 3.057 Executing VM operation: Cleanup done
Event: 3.332 Executing VM operation: HandshakeAllThreads
Event: 3.332 Executing VM operation: HandshakeAllThreads done
Event: 3.375 Executing VM operation: HandshakeAllThreads
Event: 3.375 Executing VM operation: HandshakeAllThreads done
Event: 3.375 Executing VM operation: HandshakeAllThreads
Event: 3.375 Executing VM operation: HandshakeAllThreads done

Memory protections (0 events):
No events

Nmethod flushes (0 events):
No events

Events (12 events):
Event: 0.170 Thread 0x000001db8ef4d4e0 Thread added: 0x000001db8ef4d4e0
Event: 0.184 Thread 0x000001db8ef4d4e0 Thread added: 0x000001db8eff48f0
Event: 0.185 Thread 0x000001db8ef4d4e0 Thread added: 0x000001db8eff64c0
Event: 0.211 Thread 0x000001db8ef4d4e0 Thread added: 0x000001dba89683a0
Event: 0.211 Thread 0x000001db8ef4d4e0 Thread added: 0x000001dba896ae70
Event: 0.211 Thread 0x000001db8ef4d4e0 Thread added: 0x000001dba896d840
Event: 0.212 Thread 0x000001db8ef4d4e0 Thread added: 0x000001dba896e9a0
Event: 0.212 Thread 0x000001db8ef4d4e0 Thread added: 0x000001dba8971ef0
Event: 0.213 Thread 0x000001db8ef4d4e0 Thread added: 0x000001dba8983930
Event: 0.213 Thread 0x000001db8ef4d4e0 Thread added: 0x000001dba8984330
Event: 0.271 Thread 0x000001db8ef4d4e0 Thread added: 0x000001dba8ab6230
Event: 0.276 Thread 0x000001db8ef4d4e0 Thread added: 0x000001dba8ab69b0


Dynamic libraries:
0x00007ff7ada00000 - 0x00007ff7ada0e000 	C:\Program Files\Microsoft\jdk-17.0.15.6-hotspot\bin\java.exe
0x00007ffe96410000 - 0x00007ffe96627000 	C:\WINDOWS\SYSTEM32\ntdll.dll
0x00007ffe95280000 - 0x00007ffe95344000 	C:\WINDOWS\System32\KERNEL32.DLL
0x00007ffe936c0000 - 0x00007ffe93a92000 	C:\WINDOWS\System32\KERNELBASE.dll
0x00007ffe935a0000 - 0x00007ffe936b1000 	C:\WINDOWS\System32\ucrtbase.dll
0x00007ffe819a0000 - 0x00007ffe819b7000 	C:\Program Files\Microsoft\jdk-17.0.15.6-hotspot\bin\jli.dll
0x00007ffe955e0000 - 0x00007ffe95791000 	C:\WINDOWS\System32\USER32.dll
0x00007ffe93cd0000 - 0x00007ffe93cf6000 	C:\WINDOWS\System32\win32u.dll
0x00007ffe963a0000 - 0x00007ffe963c9000 	C:\WINDOWS\System32\GDI32.dll
0x00007ffe93aa0000 - 0x00007ffe93bc3000 	C:\WINDOWS\System32\gdi32full.dll
0x00007ffe93500000 - 0x00007ffe9359a000 	C:\WINDOWS\System32\msvcp_win.dll
0x00007ffe7af90000 - 0x00007ffe7b22b000 	C:\WINDOWS\WinSxS\amd64_microsoft.windows.common-controls_6595b64144ccf1df_6.0.22621.5413_none_270da5617387a498\COMCTL32.dll
0x00007ffe951d0000 - 0x00007ffe95277000 	C:\WINDOWS\System32\msvcrt.dll
0x00007ffe7f310000 - 0x00007ffe7f32d000 	C:\Program Files\Microsoft\jdk-17.0.15.6-hotspot\bin\VCRUNTIME140.dll
0x00007ffe94cf0000 - 0x00007ffe94d21000 	C:\WINDOWS\System32\IMM32.DLL
0x00007ffe83300000 - 0x00007ffe8330c000 	C:\Program Files\Microsoft\jdk-17.0.15.6-hotspot\bin\vcruntime140_1.dll
0x00007ffe63d50000 - 0x00007ffe63ddd000 	C:\Program Files\Microsoft\jdk-17.0.15.6-hotspot\bin\msvcp140.dll
0x00007ffe00ac0000 - 0x00007ffe01732000 	C:\Program Files\Microsoft\jdk-17.0.15.6-hotspot\bin\server\jvm.dll
0x00007ffe957a0000 - 0x00007ffe95851000 	C:\WINDOWS\System32\ADVAPI32.dll
0x00007ffe94f80000 - 0x00007ffe95028000 	C:\WINDOWS\System32\sechost.dll
0x00007ffe93f00000 - 0x00007ffe93f28000 	C:\WINDOWS\System32\bcrypt.dll
0x00007ffe96200000 - 0x00007ffe96314000 	C:\WINDOWS\System32\RPCRT4.dll
0x00007ffe96320000 - 0x00007ffe96391000 	C:\WINDOWS\System32\WS2_32.dll
0x00007ffe92340000 - 0x00007ffe9238d000 	C:\WINDOWS\SYSTEM32\POWRPROF.dll
0x00007ffe8a690000 - 0x00007ffe8a6c4000 	C:\WINDOWS\SYSTEM32\WINMM.dll
0x00007ffe8c490000 - 0x00007ffe8c49a000 	C:\WINDOWS\SYSTEM32\VERSION.dll
0x00007ffe92320000 - 0x00007ffe92333000 	C:\WINDOWS\SYSTEM32\UMPDC.dll
0x00007ffe925e0000 - 0x00007ffe925f8000 	C:\WINDOWS\SYSTEM32\kernel.appcore.dll
0x00007ffe7fdb0000 - 0x00007ffe7fdba000 	C:\Program Files\Microsoft\jdk-17.0.15.6-hotspot\bin\jimage.dll
0x00007ffe90bb0000 - 0x00007ffe90de2000 	C:\WINDOWS\SYSTEM32\DBGHELP.DLL
0x00007ffe940a0000 - 0x00007ffe94433000 	C:\WINDOWS\System32\combase.dll
0x00007ffe95350000 - 0x00007ffe95427000 	C:\WINDOWS\System32\OLEAUT32.dll
0x00007ffe84a20000 - 0x00007ffe84a52000 	C:\WINDOWS\SYSTEM32\dbgcore.DLL
0x00007ffe93bd0000 - 0x00007ffe93c4b000 	C:\WINDOWS\System32\bcryptPrimitives.dll
0x00007ffe7eff0000 - 0x00007ffe7f015000 	C:\Program Files\Microsoft\jdk-17.0.15.6-hotspot\bin\java.dll
0x00007ffe60c90000 - 0x00007ffe60d66000 	C:\Program Files\Microsoft\jdk-17.0.15.6-hotspot\bin\jsvml.dll
0x00007ffe94440000 - 0x00007ffe94ce2000 	C:\WINDOWS\System32\SHELL32.dll
0x00007ffe93d00000 - 0x00007ffe93e3f000 	C:\WINDOWS\System32\wintypes.dll
0x00007ffe913e0000 - 0x00007ffe91cfd000 	C:\WINDOWS\SYSTEM32\windows.storage.dll
0x00007ffe954d0000 - 0x00007ffe955db000 	C:\WINDOWS\System32\SHCORE.dll
0x00007ffe94f00000 - 0x00007ffe94f69000 	C:\WINDOWS\System32\shlwapi.dll
0x00007ffe93430000 - 0x00007ffe9345b000 	C:\WINDOWS\SYSTEM32\profapi.dll
0x00007ffe7e610000 - 0x00007ffe7e62a000 	C:\Program Files\Microsoft\jdk-17.0.15.6-hotspot\bin\net.dll
0x00007ffe8bee0000 - 0x00007ffe8c00c000 	C:\WINDOWS\SYSTEM32\WINHTTP.dll
0x00007ffe92a70000 - 0x00007ffe92ad9000 	C:\WINDOWS\system32\mswsock.dll
0x00007ffe7e2b0000 - 0x00007ffe7e2c6000 	C:\Program Files\Microsoft\jdk-17.0.15.6-hotspot\bin\nio.dll
0x00007ffe7e1f0000 - 0x00007ffe7e208000 	C:\Program Files\Microsoft\jdk-17.0.15.6-hotspot\bin\zip.dll
0x00007ffe7fab0000 - 0x00007ffe7fac0000 	C:\Program Files\Microsoft\jdk-17.0.15.6-hotspot\bin\verify.dll
0x00007ffe7f030000 - 0x00007ffe7f03a000 	C:\Program Files\Microsoft\jdk-17.0.15.6-hotspot\bin\management.dll
0x00007ffe7e600000 - 0x00007ffe7e60b000 	C:\Program Files\Microsoft\jdk-17.0.15.6-hotspot\bin\management_ext.dll
0x00007ffe94d40000 - 0x00007ffe94d48000 	C:\WINDOWS\System32\PSAPI.DLL
0x00007ffe7c5b0000 - 0x00007ffe7c5d7000 	C:\Users\user\.gradle\native\1def1411415f61bf3af743bc5b6707747c0891f09f0c88961ee8f79bc544acac\windows-amd64\native-platform.dll

dbghelp: loaded successfully - version: 4.0.5 - missing functions: none
symbol engine: initialized successfully - sym options: 0x614 - pdb path: .;C:\Program Files\Microsoft\jdk-17.0.15.6-hotspot\bin;C:\WINDOWS\SYSTEM32;C:\WINDOWS\WinSxS\amd64_microsoft.windows.common-controls_6595b64144ccf1df_6.0.22621.5413_none_270da5617387a498;C:\Program Files\Microsoft\jdk-17.0.15.6-hotspot\bin\server;C:\Users\user\.gradle\native\1def1411415f61bf3af743bc5b6707747c0891f09f0c88961ee8f79bc544acac\windows-amd64

VM Arguments:
jvm_args: -Xmx64m -Xms64m -Dorg.gradle.appname=gradlew 
java_command: org.gradle.wrapper.GradleWrapperMain app:installDebug -PreactNativeDevServerPort=8081
java_class_path (initial): C:\Users\user\Firstprogram\android\\gradle\wrapper\gradle-wrapper.jar
Launcher Type: SUN_STANDARD

[Global flags]
     intx CICompilerCount                          = 4                                         {product} {ergonomic}
     uint ConcGCThreads                            = 2                                         {product} {ergonomic}
     uint G1ConcRefinementThreads                  = 8                                         {product} {ergonomic}
   size_t G1HeapRegionSize                         = 1048576                                   {product} {ergonomic}
    uintx GCDrainStackTargetSize                   = 64                                        {product} {ergonomic}
   size_t InitialHeapSize                          = 67108864                                  {product} {command line}
   size_t MarkStackSize                            = 4194304                                   {product} {ergonomic}
   size_t MaxHeapSize                              = 67108864                                  {product} {command line}
   size_t MaxNewSize                               = 39845888                                  {product} {ergonomic}
   size_t MinHeapDeltaBytes                        = 1048576                                   {product} {ergonomic}
   size_t MinHeapSize                              = 67108864                                  {product} {command line}
    uintx NonNMethodCodeHeapSize                   = 5839372                                {pd product} {ergonomic}
    uintx NonProfiledCodeHeapSize                  = 122909434                              {pd product} {ergonomic}
    uintx ProfiledCodeHeapSize                     = 122909434                              {pd product} {ergonomic}
    uintx ReservedCodeCacheSize                    = 251658240                              {pd product} {ergonomic}
     bool SegmentedCodeCache                       = true                                      {product} {ergonomic}
   size_t SoftMaxHeapSize                          = 67108864                               {manageable} {ergonomic}
     bool UseCompressedClassPointers               = true                           {product lp64_product} {ergonomic}
     bool UseCompressedOops                        = true                           {product lp64_product} {ergonomic}
     bool UseG1GC                                  = true                                      {product} {ergonomic}
     bool UseLargePagesIndividualAllocation        = false                                  {pd product} {ergonomic}

Logging:
Log output configuration:
 #0: stdout all=warning uptime,level,tags
 #1: stderr all=off uptime,level,tags

Environment Variables:
JAVA_HOME=C:\Program Files\Microsoft\jdk-17.0.15.6-hotspot\
CLASSPATH=C:\Users\user\Firstprogram\android\\gradle\wrapper\gradle-wrapper.jar
PATH=C:\Users\user\Firstprogram\node_modules\.bin;C:\Users\user\Firstprogram\node_modules\.bin;C:\Users\user\node_modules\.bin;C:\Users\node_modules\.bin;C:\node_modules\.bin;C:\Program Files\nodejs\node_modules\npm\node_modules\@npmcli\run-script\lib\node-gyp-bin;C:\Program Files\Microsoft\jdk-17.0.15.6-hotspot\bin;C:\Program Files\Eclipse Adoptium\jdk-8.0.452.9-hotspot\bin;E:\oracle\product\10.2.0\db_1\bin;C:\Program Files\Common Files\Oracle\Java\javapath;C:\Windows\system32;C:\Windows;C:\Windows\System32\Wbem;C:\Windows\System32\WindowsPowerShell\v1.0\;C:\Windows\System32\OpenSSH\;C:\WINDOWS\system32;C:\WINDOWS;C:\WINDOWS\System32\Wbem;C:\WINDOWS\System32\WindowsPowerShell\v1.0\;C:\WINDOWS\System32\OpenSSH\;C:\Users\user\Desktop\projectv;C:\MinGW\bin;C:\Program Files\nodejs;C:\Program Files\nodejs;C:\Program Files\nodejs\node_modules\npm\bin;C:\Users\user\Desktop\projectv\nodejs;C:\Users\user\Desktop\projectv\learning-bootsrap;C:\Users\user\Desktop\projectv\first-raect-app;C:\Program Files;C:\Program Files\Java\jdk-22\bin;C:\ProgramData\chocolatey\bin;C:\Program Files\nodejs\;C:\Users\user\AppData\Local\Android\Sdk\platform-tools;C:\Program Files\MySQL\MySQL Shell 8.0\bin\;C:\Users\user\AppData\Local\Microsoft\WindowsApps;C:\Users\user\AppData\Local\Programs\Microsoft VS Code\bin;C:\Program Files\nodejs\node_modules\npm\bin;C:\Program Files\nodejs;C:\Users\user\Desktop\projectv\nodejs;C:\Users\user\Desktop\projectv\learning-bootsrap;C:\Users\user\Desktop\projectv\first-raect-app;C:\Program Files;C:\Users\user\AppData\Roaming\npm
USERNAME=user
LANG=en_US.UTF-8
OS=Windows_NT
PROCESSOR_IDENTIFIER=Intel64 Family 6 Model 126 Stepping 5, GenuineIntel
TMP=C:\Users\user\AppData\Local\Temp
TEMP=C:\Users\user\AppData\Local\Temp



Periodic native trim disabled


---------------  S Y S T E M  ---------------

OS:
 Windows 11 , 64 bit Build 22621 (10.0.22621.5413)
OS uptime: 3 days 3:21 hours
Hyper-V role detected

CPU: total 8 (initial active 8) (4 cores per cpu, 2 threads per core) family 6 model 126 stepping 5 microcode 0xc2, cx8, cmov, fxsr, ht, mmx, 3dnowpref, sse, sse2, sse3, ssse3, sse4.1, sse4.2, popcnt, lzcnt, tsc, tscinvbit, avx, avx2, aes, erms, clmul, bmi1, bmi2, adx, avx512f, avx512dq, avx512cd, avx512bw, avx512vl, sha, fma, vzeroupper, avx512_vpopcntdq, avx512_vpclmulqdq, avx512_vaes, avx512_vnni, clflush, clflushopt, avx512_vbmi2, avx512_vbmi, hv
Processor Information for the first 8 processors :
  Max Mhz: 1190, Current Mhz: 991, Mhz Limit: 987

Memory: 4k page, system-wide physical 7959M (145M free)
TotalPageFile size 32535M (AvailPageFile size 4M)
current process WorkingSet (physical memory assigned to process): 81M, peak: 81M
current process commit charge ("private bytes"): 160M, peak: 160M

vm_info: OpenJDK 64-Bit Server VM (17.0.15+6-LTS) for windows-amd64 JRE (17.0.15+6-LTS), built on Apr  9 2025 22:27:25 by "MicrosoftCorporation" with unknown MS VC++:1939

END.
