#
# There is insufficient memory for the Java Runtime Environment to continue.
# Native memory allocation (mmap) failed to map 580911104 bytes. Error detail: G1 virtual space
# Possible reasons:
#   The system is out of physical RAM or swap space
#   This process is running with CompressedOops enabled, and the Java Heap may be blocking the growth of the native heap
# Possible solutions:
#   Reduce memory load on the system
#   Increase physical memory or swap space
#   Check if swap backing store is full
#   Decrease Java heap size (-Xmx/-Xms)
#   Decrease number of Java threads
#   Decrease Java thread stack sizes (-Xss)
#   Set larger code cache with -XX:ReservedCodeCacheSize=
#   JVM is running with Zero Based Compressed Oops mode in which the Java heap is
#     placed in the first 32GB address space. The Java Heap base address is the
#     maximum limit for the native heap growth. Please use -XX:HeapBaseMinAddress
#     to set the Java Heap base and to place the Java Heap above 32GB virtual address.
# This output file may be truncated or incomplete.
#
#  Out of Memory Error (os_windows.cpp:3710), pid=2616, tid=2468
#
# JRE version: OpenJDK Runtime Environment Microsoft-11369865 (17.0.15+6) (build 17.0.15+6-LTS)
# Java VM: OpenJDK 64-Bit Server VM Microsoft-11369865 (17.0.15+6-LTS, mixed mode, sharing, tiered, compressed oops, compressed class ptrs, g1 gc, windows-amd64)
# No core dump will be written. Minidumps are not enabled by default on client versions of Windows
#

---------------  S U M M A R Y ------------

Command Line: --add-opens=java.base/java.lang=ALL-UNNAMED --add-opens=java.base/java.lang.invoke=ALL-UNNAMED --add-opens=java.base/java.util=ALL-UNNAMED --add-opens=java.prefs/java.util.prefs=ALL-UNNAMED --add-exports=jdk.compiler/com.sun.tools.javac.api=ALL-UNNAMED --add-exports=jdk.compiler/com.sun.tools.javac.util=ALL-UNNAMED --add-opens=java.base/java.util=ALL-UNNAMED --add-opens=java.prefs/java.util.prefs=ALL-UNNAMED --add-opens=java.base/java.nio.charset=ALL-UNNAMED --add-opens=java.base/java.net=ALL-UNNAMED --add-opens=java.base/java.util.concurrent.atomic=ALL-UNNAMED --add-opens=java.xml/javax.xml.namespace=ALL-UNNAMED -XX:MaxMetaspaceSize=1024m -Xmx4096m -Dfile.encoding=UTF-8 -Duser.country=IN -Duser.language=en -Duser.variant -javaagent:C:\Users\user\.gradle\wrapper\dists\gradle-8.13-bin\5xuhj0ry160q40clulazy9h7d\gradle-8.13\lib\agents\gradle-instrumentation-agent-8.13.jar org.gradle.launcher.daemon.bootstrap.GradleDaemon 8.13

Host: Intel(R) Core(TM) i5-1035G1 CPU @ 1.00GHz, 8 cores, 7G,  Windows 11 , 64 bit Build 22621 (10.0.22621.5415)
Time: Tue Jun 17 02:55:41 2025 India Standard Time elapsed time: 1081.004276 seconds (0d 0h 18m 1s)

---------------  T H R E A D  ---------------

Current thread (0x0000018fd77c5ee0):  VMThread "VM Thread" [stack: 0x0000008648a00000,0x0000008648b00000] [id=2468]

Stack: [0x0000008648a00000,0x0000008648b00000]
Native frames: (J=compiled Java code, j=interpreted, Vv=VM code, C=native code)
V  [jvm.dll+0x6887a9]
V  [jvm.dll+0x83f5a8]
V  [jvm.dll+0x841053]
V  [jvm.dll+0x8416c3]
V  [jvm.dll+0x2496ef]
V  [jvm.dll+0x6856e9]
V  [jvm.dll+0x679b7a]
V  [jvm.dll+0x30b0d7]
V  [jvm.dll+0x312646]
V  [jvm.dll+0x36300e]
V  [jvm.dll+0x36324d]
V  [jvm.dll+0x2e236c]
V  [jvm.dll+0x2e0719]
V  [jvm.dll+0x2dfe7c]
V  [jvm.dll+0x322a2b]
V  [jvm.dll+0x845efd]
V  [jvm.dll+0x846c33]
V  [jvm.dll+0x84715f]
V  [jvm.dll+0x847544]
V  [jvm.dll+0x84760e]
V  [jvm.dll+0x7ef2dc]
V  [jvm.dll+0x687687]
C  [ucrtbase.dll+0x29333]
C  [KERNEL32.DLL+0x1259d]
C  [ntdll.dll+0x5af78]

VM_Operation (0x000000864a1f6280): G1CollectForAllocation, mode: safepoint, requested by thread 0x000001901df8bd60


---------------  P R O C E S S  ---------------

Threads class SMR info:
_java_thread_list=0x000001901387af00, length=59, elements={
0x0000018fb472f5a0, 0x0000018fd77c93c0, 0x0000018fd77caf90, 0x0000018fd77df380,
0x0000018fd77dff40, 0x0000018fd77e2a10, 0x0000018fd77e43e0, 0x0000018fd77e5590,
0x0000018fd77ee050, 0x0000018fd77f4360, 0x0000018fd77b2f20, 0x0000018fd7998810,
0x00000190124acb70, 0x0000019012536fa0, 0x000001901264a600, 0x00000190112fb9c0,
0x00000190112fdd30, 0x00000190112fe240, 0x0000019012d3bc70, 0x0000019012d393f0,
0x0000019012d3b760, 0x0000019012d389d0, 0x0000019016125e00, 0x00000190135e1810,
0x00000190135e3160, 0x00000190135e4090, 0x00000190135e3b80, 0x000001901524d580,
0x0000019015251240, 0x000001901524da90, 0x000001901df8eaf0, 0x000001901df8bd60,
0x0000019012719f80, 0x0000019012718630, 0x000001901271e150, 0x0000019012718b40,
0x000001901271c800, 0x0000019012719a70, 0x0000019012719050, 0x000001901271bde0,
0x00000190135e7d50, 0x00000190135e8260, 0x00000190135e1300, 0x000001901524d070,
0x0000019015250310, 0x000001901524e4b0, 0x000001901524e9c0, 0x000001901524b720,
0x0000019015250d30, 0x000001901524a2e0, 0x000001901524ad00, 0x000001901524bc30,
0x0000019016126820, 0x00000190161244b0, 0x00000190161295b0, 0x0000019016126310,
0x0000019016123580, 0x0000019016126d30, 0x0000019016128170
}

Java Threads: ( => current thread )
  0x0000018fb472f5a0 JavaThread "main" [_thread_blocked, id=17612, stack(0x0000008648400000,0x0000008648500000)]
  0x0000018fd77c93c0 JavaThread "Reference Handler" daemon [_thread_blocked, id=18640, stack(0x0000008648b00000,0x0000008648c00000)]
  0x0000018fd77caf90 JavaThread "Finalizer" daemon [_thread_blocked, id=19140, stack(0x0000008648c00000,0x0000008648d00000)]
  0x0000018fd77df380 JavaThread "Signal Dispatcher" daemon [_thread_blocked, id=17572, stack(0x0000008648d00000,0x0000008648e00000)]
  0x0000018fd77dff40 JavaThread "Attach Listener" daemon [_thread_blocked, id=20364, stack(0x0000008648e00000,0x0000008648f00000)]
  0x0000018fd77e2a10 JavaThread "Service Thread" daemon [_thread_blocked, id=15972, stack(0x0000008648f00000,0x0000008649000000)]
  0x0000018fd77e43e0 JavaThread "Monitor Deflation Thread" daemon [_thread_blocked, id=20520, stack(0x0000008649000000,0x0000008649100000)]
  0x0000018fd77e5590 JavaThread "C2 CompilerThread0" daemon [_thread_blocked, id=21056, stack(0x0000008649100000,0x0000008649200000)]
  0x0000018fd77ee050 JavaThread "C1 CompilerThread0" daemon [_thread_blocked, id=19892, stack(0x0000008649200000,0x0000008649300000)]
  0x0000018fd77f4360 JavaThread "Sweeper thread" daemon [_thread_blocked, id=13928, stack(0x0000008649300000,0x0000008649400000)]
  0x0000018fd77b2f20 JavaThread "Common-Cleaner" daemon [_thread_blocked, id=20224, stack(0x0000008649400000,0x0000008649500000)]
  0x0000018fd7998810 JavaThread "Notification Thread" daemon [_thread_blocked, id=20528, stack(0x0000008649500000,0x0000008649600000)]
  0x00000190124acb70 JavaThread "Daemon health stats" [_thread_blocked, id=10664, stack(0x0000008649e00000,0x0000008649f00000)]
  0x0000019012536fa0 JavaThread "Incoming local TCP Connector on port 62044" [_thread_in_native, id=20612, stack(0x0000008649f00000,0x000000864a000000)]
  0x000001901264a600 JavaThread "Daemon periodic checks" [_thread_blocked, id=18192, stack(0x000000864a000000,0x000000864a100000)]
  0x00000190112fb9c0 JavaThread "Cache worker for journal cache (C:\Users\user\.gradle\caches\journal-1)" [_thread_blocked, id=18672, stack(0x000000864a800000,0x000000864a900000)]
  0x00000190112fdd30 JavaThread "File lock request listener" [_thread_in_native, id=7044, stack(0x000000864a900000,0x000000864aa00000)]
  0x00000190112fe240 JavaThread "Cache worker for file hash cache (C:\Users\user\.gradle\caches\8.13\fileHashes)" [_thread_blocked, id=14364, stack(0x000000864aa00000,0x000000864ab00000)]
  0x0000019012d3bc70 JavaThread "File watcher server" daemon [_thread_blocked, id=14104, stack(0x000000864af00000,0x000000864b000000)]
  0x0000019012d393f0 JavaThread "File watcher consumer" daemon [_thread_blocked, id=22360, stack(0x000000864b000000,0x000000864b100000)]
  0x0000019012d3b760 JavaThread "jar transforms" [_thread_blocked, id=20204, stack(0x000000864b300000,0x000000864b400000)]
  0x0000019012d389d0 JavaThread "Cache worker for file content cache (C:\Users\user\.gradle\caches\8.13\fileContent)" [_thread_blocked, id=21052, stack(0x000000864b500000,0x000000864b600000)]
  0x0000019016125e00 JavaThread "Memory manager" [_thread_blocked, id=16748, stack(0x000000864d400000,0x000000864d500000)]
  0x00000190135e1810 JavaThread "jar transforms Thread 2" [_thread_blocked, id=21440, stack(0x0000008651a00000,0x0000008651b00000)]
  0x00000190135e3160 JavaThread "jar transforms Thread 3" [_thread_blocked, id=19604, stack(0x0000008651b00000,0x0000008651c00000)]
  0x00000190135e4090 JavaThread "jar transforms Thread 4" [_thread_blocked, id=15828, stack(0x0000008651f00000,0x0000008652000000)]
  0x00000190135e3b80 JavaThread "jar transforms Thread 5" [_thread_blocked, id=20640, stack(0x0000008652000000,0x0000008652100000)]
  0x000001901524d580 JavaThread "jar transforms Thread 6" [_thread_blocked, id=12644, stack(0x0000008652100000,0x0000008652200000)]
  0x0000019015251240 JavaThread "jar transforms Thread 7" [_thread_blocked, id=19716, stack(0x0000008652400000,0x0000008652500000)]
  0x000001901524da90 JavaThread "jar transforms Thread 8" [_thread_blocked, id=13184, stack(0x0000008652700000,0x0000008652800000)]
  0x000001901df8eaf0 JavaThread "Daemon Thread 2" [_thread_blocked, id=17596, stack(0x0000008648200000,0x0000008648300000)]
  0x000001901df8bd60 JavaThread "Daemon worker Thread 2" [_thread_blocked, id=12708, stack(0x000000864a100000,0x000000864a200000)]
  0x0000019012719f80 JavaThread "ForkJoinPool.commonPool-worker-9" daemon [_thread_blocked, id=22008, stack(0x000000864cb00000,0x000000864cc00000)]
  0x0000019012718630 JavaThread "ForkJoinPool.commonPool-worker-10" daemon [_thread_blocked, id=18360, stack(0x000000864cc00000,0x000000864cd00000)]
  0x000001901271e150 JavaThread "ForkJoinPool.commonPool-worker-11" daemon [_thread_blocked, id=19548, stack(0x000000864cd00000,0x000000864ce00000)]
  0x0000019012718b40 JavaThread "ForkJoinPool.commonPool-worker-12" daemon [_thread_blocked, id=5424, stack(0x000000864ce00000,0x000000864cf00000)]
  0x000001901271c800 JavaThread "ForkJoinPool.commonPool-worker-13" daemon [_thread_blocked, id=20756, stack(0x000000864cf00000,0x000000864d000000)]
  0x0000019012719a70 JavaThread "ForkJoinPool.commonPool-worker-15" daemon [_thread_blocked, id=3044, stack(0x000000864d000000,0x000000864d100000)]
  0x0000019012719050 JavaThread "ForkJoinPool.commonPool-worker-14" daemon [_thread_blocked, id=12804, stack(0x000000864d100000,0x000000864d200000)]
  0x000001901271bde0 JavaThread "included builds" [_thread_blocked, id=13364, stack(0x000000864d200000,0x000000864d300000)]
  0x00000190135e7d50 JavaThread "Exec process Thread 4" [_thread_blocked, id=12016, stack(0x0000008652200000,0x0000008652300000)]
  0x00000190135e8260 JavaThread "Exec process Thread 5" [_thread_blocked, id=19064, stack(0x0000008652300000,0x0000008652400000)]
  0x00000190135e1300 JavaThread "Exec process Thread 6" [_thread_blocked, id=4836, stack(0x0000008652500000,0x0000008652600000)]
  0x000001901524d070 JavaThread "VFS cleanup Thread 3" [_thread_blocked, id=20532, stack(0x000000864a200000,0x000000864a300000)]
  0x0000019015250310 JavaThread "Handler for socket connection from /127.0.0.1:62044 to /127.0.0.1:62472" [_thread_in_native, id=20816, stack(0x0000008648100000,0x0000008648200000)]
  0x000001901524e4b0 JavaThread "Cancel handler" [_thread_blocked, id=13408, stack(0x0000008648300000,0x0000008648400000)]
  0x000001901524e9c0 JavaThread "Asynchronous log dispatcher for DefaultDaemonConnection: socket connection from /127.0.0.1:62044 to /127.0.0.1:62472" [_thread_blocked, id=11608, stack(0x0000008649b00000,0x0000008649c00000)]
  0x000001901524b720 JavaThread "Stdin handler" [_thread_blocked, id=11048, stack(0x000000864a300000,0x000000864a400000)]
  0x0000019015250d30 JavaThread "Daemon client event forwarder" [_thread_blocked, id=3596, stack(0x000000864a400000,0x000000864a500000)]
  0x000001901524a2e0 JavaThread "Cache worker for file hash cache (C:\Users\user\Firstprogram\android\.gradle\8.13\fileHashes)" [_thread_blocked, id=15716, stack(0x000000864a500000,0x000000864a600000)]
  0x000001901524ad00 JavaThread "Cache worker for Build Output Cleanup Cache (C:\Users\user\Firstprogram\android\.gradle\buildOutputCleanup)" [_thread_blocked, id=20180, stack(0x000000864a600000,0x000000864a700000)]
  0x000001901524bc30 JavaThread "Cache worker for checksums cache (C:\Users\user\Firstprogram\android\.gradle\8.13\checksums)" [_thread_blocked, id=13436, stack(0x000000864a700000,0x000000864a800000)]
  0x0000019016126820 JavaThread "Cache worker for cache directory md-supplier (C:\Users\user\.gradle\caches\8.13\md-supplier)" [_thread_blocked, id=21096, stack(0x000000864ac00000,0x000000864ad00000)]
  0x00000190161244b0 JavaThread "Cache worker for cache directory md-rule (C:\Users\user\.gradle\caches\8.13\md-rule)" [_thread_blocked, id=18004, stack(0x000000864ad00000,0x000000864ae00000)]
  0x00000190161295b0 JavaThread "Cache worker for Build Output Cleanup Cache (C:\Users\user\Firstprogram\node_modules\@react-native\gradle-plugin\.gradle\buildOutputCleanup)" [_thread_blocked, id=13936, stack(0x000000864b400000,0x000000864b500000)]
  0x0000019016126310 JavaThread "Unconstrained build operations" [_thread_blocked, id=15536, stack(0x000000864b600000,0x000000864b700000)]
  0x0000019016123580 JavaThread "Unconstrained build operations Thread 2" [_thread_blocked, id=7492, stack(0x000000864b700000,0x000000864b800000)]
  0x0000019016126d30 JavaThread "Unconstrained build operations Thread 3" [_thread_blocked, id=21480, stack(0x000000864b800000,0x000000864b900000)]
  0x0000019016128170 JavaThread "Unconstrained build operations Thread 4" [_thread_blocked, id=8792, stack(0x000000864b900000,0x000000864ba00000)]

Other Threads:
=>0x0000018fd77c5ee0 VMThread "VM Thread" [stack: 0x0000008648a00000,0x0000008648b00000] [id=2468]
  0x0000018fd7999430 WatcherThread [stack: 0x0000008649600000,0x0000008649700000] [id=11108]
  0x0000018fb479b580 GCTaskThread "GC Thread#0" [stack: 0x0000008648500000,0x0000008648600000] [id=8152]
  0x000001901108aa10 GCTaskThread "GC Thread#1" [stack: 0x0000008649700000,0x0000008649800000] [id=14280]
  0x0000018fd7b16520 GCTaskThread "GC Thread#2" [stack: 0x0000008649800000,0x0000008649900000] [id=19032]
  0x00000190118d1c20 GCTaskThread "GC Thread#3" [stack: 0x0000008649900000,0x0000008649a00000] [id=17060]
  0x0000019011af2ab0 GCTaskThread "GC Thread#4" [stack: 0x0000008649a00000,0x0000008649b00000] [id=10592]
  0x0000019012448d20 GCTaskThread "GC Thread#5" [stack: 0x0000008649c00000,0x0000008649d00000] [id=20500]
  0x0000019012456a90 GCTaskThread "GC Thread#6" [stack: 0x0000008649d00000,0x0000008649e00000] [id=1140]
  0x0000019011c629b0 GCTaskThread "GC Thread#7" [stack: 0x000000864ab00000,0x000000864ac00000] [id=22328]
  0x0000018fb47ad380 ConcurrentGCThread "G1 Main Marker" [stack: 0x0000008648600000,0x0000008648700000] [id=19452]
  0x0000018fb47adc40 ConcurrentGCThread "G1 Conc#0" [stack: 0x0000008648700000,0x0000008648800000] [id=15552]
  0x0000019015f83990 ConcurrentGCThread "G1 Conc#1" [stack: 0x000000864ae00000,0x000000864af00000] [id=6580]
  0x0000018fb47deb30 ConcurrentGCThread "G1 Refine#0" [stack: 0x0000008648800000,0x0000008648900000] [id=7140]
  0x0000019013fe06c0 ConcurrentGCThread "G1 Refine#1" [stack: 0x000000864b100000,0x000000864b200000] [id=17296]
  0x0000019015dfebf0 ConcurrentGCThread "G1 Refine#2" [stack: 0x000000864b200000,0x000000864b300000] [id=14568]
  0x000001901cac1b50 ConcurrentGCThread "G1 Refine#3" [stack: 0x0000008650e00000,0x0000008650f00000] [id=7768]
  0x0000018fd7680660 ConcurrentGCThread "G1 Service" [stack: 0x0000008648900000,0x0000008648a00000] [id=22500]

Threads with active compile tasks:
C2 CompilerThread0  1081039 25820       4       org.gradle.util.Path::toString (5 bytes)

VM state: at safepoint (normal execution)

VM Mutex/Monitor currently owned by a thread:  ([mutex/lock_event])
[0x0000018fb472af20] Threads_lock - owner thread: 0x0000018fd77c5ee0
[0x0000018fb472b040] Heap_lock - owner thread: 0x000001901df8bd60

Heap address: 0x0000000700000000, size: 4096 MB, Compressed Oops mode: Zero based, Oop shift amount: 3

CDS archive(s) mapped at: [0x0000018fd8000000-0x0000018fd8bb0000-0x0000018fd8bb0000), size 12255232, SharedBaseAddress: 0x0000018fd8000000, ArchiveRelocationMode: 1.
Compressed class space mapped at: 0x0000018fd9000000-0x000001900d000000, reserved size: 872415232
Narrow klass base: 0x0000018fd8000000, Narrow klass shift: 0, Narrow klass range: 0x100000000

GC Precious Log:
 CPUs: 8 total, 8 available
 Memory: 7959M
 Large Page Support: Disabled
 NUMA Support: Disabled
 Compressed Oops: Enabled (Zero based)
 Heap Region Size: 2M
 Heap Min Capacity: 8M
 Heap Initial Capacity: 126M
 Heap Max Capacity: 4G
 Pre-touch: Disabled
 Parallel Workers: 8
 Concurrent Workers: 2
 Concurrent Refinement Workers: 8
 Periodic GC: Disabled

Heap:
 garbage-first heap   total 567296K, used 265179K [0x0000000700000000, 0x0000000800000000)
  region size 2048K, 11 young (22528K), 11 survivors (22528K)
 Metaspace       used 138606K, committed 140416K, reserved 983040K
  class space    used 18464K, committed 19328K, reserved 851968K

Heap Regions: E=young(eden), S=young(survivor), O=old, HS=humongous(starts), HC=humongous(continues), CS=collection set, F=free, OA=open archive, CA=closed archive, TAMS=top-at-mark-start (previous, next)
|   0|0x0000000700000000, 0x0000000700200000, 0x0000000700200000|100%|HS|  |TAMS 0x0000000700200000, 0x0000000700200000| Complete 
|   1|0x0000000700200000, 0x0000000700400000, 0x0000000700400000|100%|HC|  |TAMS 0x0000000700400000, 0x0000000700400000| Complete 
|   2|0x0000000700400000, 0x0000000700600000, 0x0000000700600000|100%| O|  |TAMS 0x0000000700600000, 0x0000000700600000| Untracked 
|   3|0x0000000700600000, 0x0000000700800000, 0x0000000700800000|100%| O|  |TAMS 0x0000000700800000, 0x0000000700800000| Untracked 
|   4|0x0000000700800000, 0x0000000700a00000, 0x0000000700a00000|100%| O|  |TAMS 0x0000000700a00000, 0x0000000700a00000| Untracked 
|   5|0x0000000700a00000, 0x0000000700c00000, 0x0000000700c00000|100%| O|  |TAMS 0x0000000700c00000, 0x0000000700c00000| Untracked 
|   6|0x0000000700c00000, 0x0000000700e00000, 0x0000000700e00000|100%| O|  |TAMS 0x0000000700e00000, 0x0000000700e00000| Untracked 
|   7|0x0000000700e00000, 0x0000000701000000, 0x0000000701000000|100%| O|  |TAMS 0x0000000701000000, 0x0000000701000000| Untracked 
|   8|0x0000000701000000, 0x0000000701200000, 0x0000000701200000|100%| O|  |TAMS 0x0000000701200000, 0x0000000701200000| Untracked 
|   9|0x0000000701200000, 0x0000000701400000, 0x0000000701400000|100%| O|  |TAMS 0x0000000701400000, 0x0000000701400000| Untracked 
|  10|0x0000000701400000, 0x0000000701600000, 0x0000000701600000|100%| O|  |TAMS 0x0000000701600000, 0x0000000701600000| Untracked 
|  11|0x0000000701600000, 0x0000000701800000, 0x0000000701800000|100%| O|  |TAMS 0x0000000701800000, 0x0000000701800000| Untracked 
|  12|0x0000000701800000, 0x0000000701a00000, 0x0000000701a00000|100%| O|  |TAMS 0x0000000701a00000, 0x0000000701a00000| Untracked 
|  13|0x0000000701a00000, 0x0000000701c00000, 0x0000000701c00000|100%| O|  |TAMS 0x0000000701c00000, 0x0000000701c00000| Untracked 
|  14|0x0000000701c00000, 0x0000000701e00000, 0x0000000701e00000|100%| O|  |TAMS 0x0000000701e00000, 0x0000000701e00000| Untracked 
|  15|0x0000000701e00000, 0x0000000702000000, 0x0000000702000000|100%| O|  |TAMS 0x0000000702000000, 0x0000000702000000| Untracked 
|  16|0x0000000702000000, 0x0000000702200000, 0x0000000702200000|100%| O|  |TAMS 0x0000000702200000, 0x0000000702200000| Untracked 
|  17|0x0000000702200000, 0x0000000702400000, 0x0000000702400000|100%| O|  |TAMS 0x0000000702400000, 0x0000000702400000| Untracked 
|  18|0x0000000702400000, 0x0000000702600000, 0x0000000702600000|100%| O|  |TAMS 0x0000000702600000, 0x0000000702600000| Untracked 
|  19|0x0000000702600000, 0x0000000702800000, 0x0000000702800000|100%|HS|  |TAMS 0x0000000702800000, 0x0000000702800000| Complete 
|  20|0x0000000702800000, 0x0000000702a00000, 0x0000000702a00000|100%| O|  |TAMS 0x0000000702a00000, 0x0000000702a00000| Untracked 
|  21|0x0000000702a00000, 0x0000000702c00000, 0x0000000702c00000|100%|HS|  |TAMS 0x0000000702c00000, 0x0000000702c00000| Complete 
|  22|0x0000000702c00000, 0x0000000702e00000, 0x0000000702e00000|100%|HC|  |TAMS 0x0000000702e00000, 0x0000000702e00000| Complete 
|  23|0x0000000702e00000, 0x0000000702e00000, 0x0000000703000000|  0%| F|  |TAMS 0x0000000702e00000, 0x0000000702e00000| Untracked 
|  24|0x0000000703000000, 0x0000000703200000, 0x0000000703200000|100%| O|  |TAMS 0x0000000703200000, 0x0000000703200000| Untracked 
|  25|0x0000000703200000, 0x0000000703400000, 0x0000000703400000|100%| O|  |TAMS 0x0000000703400000, 0x0000000703400000| Untracked 
|  26|0x0000000703400000, 0x0000000703600000, 0x0000000703600000|100%|HS|  |TAMS 0x0000000703600000, 0x0000000703600000| Complete 
|  27|0x0000000703600000, 0x0000000703800000, 0x0000000703800000|100%| O|  |TAMS 0x0000000703800000, 0x0000000703800000| Untracked 
|  28|0x0000000703800000, 0x0000000703a00000, 0x0000000703a00000|100%|HS|  |TAMS 0x0000000703a00000, 0x0000000703a00000| Complete 
|  29|0x0000000703a00000, 0x0000000703c00000, 0x0000000703c00000|100%|HC|  |TAMS 0x0000000703c00000, 0x0000000703c00000| Complete 
|  30|0x0000000703c00000, 0x0000000703e00000, 0x0000000703e00000|100%| O|  |TAMS 0x0000000703e00000, 0x0000000703e00000| Untracked 
|  31|0x0000000703e00000, 0x0000000704000000, 0x0000000704000000|100%| O|  |TAMS 0x0000000704000000, 0x0000000704000000| Untracked 
|  32|0x0000000704000000, 0x0000000704000000, 0x0000000704200000|  0%| F|  |TAMS 0x0000000704000000, 0x0000000704000000| Untracked 
|  33|0x0000000704200000, 0x0000000704200000, 0x0000000704400000|  0%| F|  |TAMS 0x0000000704200000, 0x0000000704200000| Untracked 
|  34|0x0000000704400000, 0x0000000704600000, 0x0000000704600000|100%| O|  |TAMS 0x0000000704600000, 0x0000000704600000| Untracked 
|  35|0x0000000704600000, 0x0000000704800000, 0x0000000704800000|100%| O|  |TAMS 0x0000000704800000, 0x0000000704800000| Untracked 
|  36|0x0000000704800000, 0x0000000704800000, 0x0000000704a00000|  0%| F|  |TAMS 0x0000000704800000, 0x0000000704800000| Untracked 
|  37|0x0000000704a00000, 0x0000000704a00000, 0x0000000704c00000|  0%| F|  |TAMS 0x0000000704a00000, 0x0000000704a00000| Untracked 
|  38|0x0000000704c00000, 0x0000000704e00000, 0x0000000704e00000|100%| O|  |TAMS 0x0000000704e00000, 0x0000000704e00000| Untracked 
|  39|0x0000000704e00000, 0x0000000704e00000, 0x0000000705000000|  0%| F|  |TAMS 0x0000000704e00000, 0x0000000704e00000| Untracked 
|  40|0x0000000705000000, 0x0000000705000000, 0x0000000705200000|  0%| F|  |TAMS 0x0000000705000000, 0x0000000705000000| Untracked 
|  41|0x0000000705200000, 0x0000000705400000, 0x0000000705400000|100%|HS|  |TAMS 0x0000000705400000, 0x0000000705400000| Complete 
|  42|0x0000000705400000, 0x0000000705400000, 0x0000000705600000|  0%| F|  |TAMS 0x0000000705400000, 0x0000000705400000| Untracked 
|  43|0x0000000705600000, 0x0000000705800000, 0x0000000705800000|100%| O|  |TAMS 0x0000000705800000, 0x0000000705800000| Untracked 
|  44|0x0000000705800000, 0x0000000705a00000, 0x0000000705a00000|100%| O|  |TAMS 0x0000000705a00000, 0x0000000705a00000| Untracked 
|  45|0x0000000705a00000, 0x0000000705c00000, 0x0000000705c00000|100%| O|  |TAMS 0x0000000705c00000, 0x0000000705c00000| Untracked 
|  46|0x0000000705c00000, 0x0000000705c00000, 0x0000000705e00000|  0%| F|  |TAMS 0x0000000705c00000, 0x0000000705c00000| Untracked 
|  47|0x0000000705e00000, 0x0000000706000000, 0x0000000706000000|100%| O|  |TAMS 0x0000000706000000, 0x0000000706000000| Untracked 
|  48|0x0000000706000000, 0x0000000706200000, 0x0000000706200000|100%| O|  |TAMS 0x0000000706200000, 0x0000000706200000| Untracked 
|  49|0x0000000706200000, 0x0000000706400000, 0x0000000706400000|100%| O|  |TAMS 0x0000000706400000, 0x0000000706400000| Untracked 
|  50|0x0000000706400000, 0x0000000706600000, 0x0000000706600000|100%| O|  |TAMS 0x0000000706600000, 0x0000000706600000| Untracked 
|  51|0x0000000706600000, 0x0000000706800000, 0x0000000706800000|100%| O|  |TAMS 0x0000000706800000, 0x0000000706800000| Untracked 
|  52|0x0000000706800000, 0x0000000706a00000, 0x0000000706a00000|100%| O|  |TAMS 0x0000000706a00000, 0x0000000706a00000| Untracked 
|  53|0x0000000706a00000, 0x0000000706c00000, 0x0000000706c00000|100%| O|  |TAMS 0x0000000706c00000, 0x0000000706c00000| Untracked 
|  54|0x0000000706c00000, 0x0000000706e00000, 0x0000000706e00000|100%| O|  |TAMS 0x0000000706e00000, 0x0000000706e00000| Untracked 
|  55|0x0000000706e00000, 0x0000000707000000, 0x0000000707000000|100%| O|  |TAMS 0x0000000707000000, 0x0000000707000000| Untracked 
|  56|0x0000000707000000, 0x0000000707200000, 0x0000000707200000|100%| O|  |TAMS 0x0000000707200000, 0x0000000707200000| Untracked 
|  57|0x0000000707200000, 0x0000000707400000, 0x0000000707400000|100%| O|  |TAMS 0x0000000707400000, 0x0000000707400000| Untracked 
|  58|0x0000000707400000, 0x0000000707600000, 0x0000000707600000|100%| O|  |TAMS 0x0000000707600000, 0x0000000707600000| Untracked 
|  59|0x0000000707600000, 0x0000000707800000, 0x0000000707800000|100%| O|  |TAMS 0x0000000707800000, 0x0000000707800000| Untracked 
|  60|0x0000000707800000, 0x0000000707a00000, 0x0000000707a00000|100%| O|  |TAMS 0x0000000707a00000, 0x0000000707a00000| Untracked 
|  61|0x0000000707a00000, 0x0000000707c00000, 0x0000000707c00000|100%| O|  |TAMS 0x0000000707c00000, 0x0000000707c00000| Untracked 
|  62|0x0000000707c00000, 0x0000000707c00000, 0x0000000707e00000|  0%| F|  |TAMS 0x0000000707c00000, 0x0000000707c00000| Untracked 
|  63|0x0000000707e00000, 0x0000000708000000, 0x0000000708000000|100%| O|  |TAMS 0x0000000707e00000, 0x0000000708000000| Untracked 
|  64|0x0000000708000000, 0x0000000708000000, 0x0000000708200000|  0%| F|  |TAMS 0x0000000708000000, 0x0000000708000000| Untracked 
|  65|0x0000000708200000, 0x0000000708400000, 0x0000000708400000|100%| O|  |TAMS 0x0000000708200000, 0x0000000708400000| Untracked 
|  66|0x0000000708400000, 0x0000000708600000, 0x0000000708600000|100%| O|  |TAMS 0x0000000708600000, 0x0000000708600000| Untracked 
|  67|0x0000000708600000, 0x0000000708800000, 0x0000000708800000|100%| O|  |TAMS 0x0000000708800000, 0x0000000708800000| Untracked 
|  68|0x0000000708800000, 0x0000000708a00000, 0x0000000708a00000|100%| O|  |TAMS 0x0000000708a00000, 0x0000000708a00000| Untracked 
|  69|0x0000000708a00000, 0x0000000708c00000, 0x0000000708c00000|100%| O|  |TAMS 0x0000000708c00000, 0x0000000708c00000| Untracked 
|  70|0x0000000708c00000, 0x0000000708e00000, 0x0000000708e00000|100%| O|  |TAMS 0x0000000708e00000, 0x0000000708e00000| Untracked 
|  71|0x0000000708e00000, 0x0000000708e00000, 0x0000000709000000|  0%| F|  |TAMS 0x0000000708e00000, 0x0000000708e00000| Untracked 
|  72|0x0000000709000000, 0x0000000709000000, 0x0000000709200000|  0%| F|  |TAMS 0x0000000709000000, 0x0000000709000000| Untracked 
|  73|0x0000000709200000, 0x0000000709400000, 0x0000000709400000|100%| O|  |TAMS 0x0000000709200000, 0x0000000709400000| Untracked 
|  74|0x0000000709400000, 0x0000000709600000, 0x0000000709600000|100%| O|  |TAMS 0x0000000709600000, 0x0000000709600000| Untracked 
|  75|0x0000000709600000, 0x0000000709800000, 0x0000000709800000|100%|HS|  |TAMS 0x0000000709800000, 0x0000000709800000| Complete 
|  76|0x0000000709800000, 0x0000000709a00000, 0x0000000709a00000|100%| O|  |TAMS 0x0000000709a00000, 0x0000000709a00000| Untracked 
|  77|0x0000000709a00000, 0x0000000709c00000, 0x0000000709c00000|100%| O|  |TAMS 0x0000000709c00000, 0x0000000709c00000| Untracked 
|  78|0x0000000709c00000, 0x0000000709e00000, 0x0000000709e00000|100%| O|  |TAMS 0x0000000709e00000, 0x0000000709e00000| Untracked 
|  79|0x0000000709e00000, 0x000000070a000000, 0x000000070a000000|100%| O|  |TAMS 0x0000000709e00000, 0x000000070a000000| Untracked 
|  80|0x000000070a000000, 0x000000070a200000, 0x000000070a200000|100%| O|  |TAMS 0x000000070a200000, 0x000000070a200000| Untracked 
|  81|0x000000070a200000, 0x000000070a200000, 0x000000070a400000|  0%| F|  |TAMS 0x000000070a200000, 0x000000070a200000| Untracked 
|  82|0x000000070a400000, 0x000000070a600000, 0x000000070a600000|100%| O|  |TAMS 0x000000070a400000, 0x000000070a600000| Untracked 
|  83|0x000000070a600000, 0x000000070a800000, 0x000000070a800000|100%| O|  |TAMS 0x000000070a800000, 0x000000070a800000| Untracked 
|  84|0x000000070a800000, 0x000000070aa00000, 0x000000070aa00000|100%| O|  |TAMS 0x000000070aa00000, 0x000000070aa00000| Untracked 
|  85|0x000000070aa00000, 0x000000070aa00000, 0x000000070ac00000|  0%| F|  |TAMS 0x000000070aa00000, 0x000000070aa00000| Untracked 
|  86|0x000000070ac00000, 0x000000070ae00000, 0x000000070ae00000|100%| O|  |TAMS 0x000000070ac00000, 0x000000070ae00000| Untracked 
|  87|0x000000070ae00000, 0x000000070b000000, 0x000000070b000000|100%| O|  |TAMS 0x000000070b000000, 0x000000070b000000| Untracked 
|  88|0x000000070b000000, 0x000000070b200000, 0x000000070b200000|100%| O|  |TAMS 0x000000070b000000, 0x000000070b200000| Untracked 
|  89|0x000000070b200000, 0x000000070b400000, 0x000000070b400000|100%| O|  |TAMS 0x000000070b400000, 0x000000070b400000| Untracked 
|  90|0x000000070b400000, 0x000000070b600000, 0x000000070b600000|100%| O|  |TAMS 0x000000070b600000, 0x000000070b600000| Untracked 
|  91|0x000000070b600000, 0x000000070b800000, 0x000000070b800000|100%| O|  |TAMS 0x000000070b800000, 0x000000070b800000| Untracked 
|  92|0x000000070b800000, 0x000000070ba00000, 0x000000070ba00000|100%| O|  |TAMS 0x000000070ba00000, 0x000000070ba00000| Untracked 
|  93|0x000000070ba00000, 0x000000070bc00000, 0x000000070bc00000|100%| O|  |TAMS 0x000000070bc00000, 0x000000070bc00000| Untracked 
|  94|0x000000070bc00000, 0x000000070be00000, 0x000000070be00000|100%| O|  |TAMS 0x000000070be00000, 0x000000070be00000| Untracked 
|  95|0x000000070be00000, 0x000000070c000000, 0x000000070c000000|100%| O|  |TAMS 0x000000070c000000, 0x000000070c000000| Untracked 
|  96|0x000000070c000000, 0x000000070c200000, 0x000000070c200000|100%| O|  |TAMS 0x000000070c200000, 0x000000070c200000| Untracked 
|  97|0x000000070c200000, 0x000000070c400000, 0x000000070c400000|100%| O|  |TAMS 0x000000070c400000, 0x000000070c400000| Untracked 
|  98|0x000000070c400000, 0x000000070c600000, 0x000000070c600000|100%| O|  |TAMS 0x000000070c600000, 0x000000070c600000| Untracked 
|  99|0x000000070c600000, 0x000000070c800000, 0x000000070c800000|100%| O|  |TAMS 0x000000070c800000, 0x000000070c800000| Untracked 
| 100|0x000000070c800000, 0x000000070ca00000, 0x000000070ca00000|100%| O|  |TAMS 0x000000070ca00000, 0x000000070ca00000| Untracked 
| 101|0x000000070ca00000, 0x000000070cc00000, 0x000000070cc00000|100%| O|  |TAMS 0x000000070cc00000, 0x000000070cc00000| Untracked 
| 102|0x000000070cc00000, 0x000000070ce00000, 0x000000070ce00000|100%| O|  |TAMS 0x000000070ce00000, 0x000000070ce00000| Untracked 
| 103|0x000000070ce00000, 0x000000070d000000, 0x000000070d000000|100%| O|  |TAMS 0x000000070d000000, 0x000000070d000000| Untracked 
| 104|0x000000070d000000, 0x000000070d200000, 0x000000070d200000|100%| O|  |TAMS 0x000000070d000000, 0x000000070d200000| Untracked 
| 105|0x000000070d200000, 0x000000070d400000, 0x000000070d400000|100%| O|  |TAMS 0x000000070d400000, 0x000000070d400000| Untracked 
| 106|0x000000070d400000, 0x000000070d600000, 0x000000070d600000|100%| O|  |TAMS 0x000000070d600000, 0x000000070d600000| Untracked 
| 107|0x000000070d600000, 0x000000070d800000, 0x000000070d800000|100%| O|  |TAMS 0x000000070d800000, 0x000000070d800000| Untracked 
| 108|0x000000070d800000, 0x000000070da00000, 0x000000070da00000|100%| O|  |TAMS 0x000000070da00000, 0x000000070da00000| Untracked 
| 109|0x000000070da00000, 0x000000070dc00000, 0x000000070dc00000|100%| O|  |TAMS 0x000000070dc00000, 0x000000070dc00000| Untracked 
| 110|0x000000070dc00000, 0x000000070de00000, 0x000000070de00000|100%| O|  |TAMS 0x000000070de00000, 0x000000070de00000| Untracked 
| 111|0x000000070de00000, 0x000000070e000000, 0x000000070e000000|100%| O|  |TAMS 0x000000070e000000, 0x000000070e000000| Untracked 
| 112|0x000000070e000000, 0x000000070e200000, 0x000000070e200000|100%| O|  |TAMS 0x000000070e200000, 0x000000070e200000| Untracked 
| 113|0x000000070e200000, 0x000000070e400000, 0x000000070e400000|100%| O|  |TAMS 0x000000070e400000, 0x000000070e400000| Untracked 
| 114|0x000000070e400000, 0x000000070e400000, 0x000000070e600000|  0%| F|  |TAMS 0x000000070e400000, 0x000000070e400000| Untracked 
| 115|0x000000070e600000, 0x000000070e800000, 0x000000070e800000|100%| O|  |TAMS 0x000000070e800000, 0x000000070e800000| Untracked 
| 116|0x000000070e800000, 0x000000070ea00000, 0x000000070ea00000|100%| O|  |TAMS 0x000000070ea00000, 0x000000070ea00000| Untracked 
| 117|0x000000070ea00000, 0x000000070ec00000, 0x000000070ec00000|100%| O|  |TAMS 0x000000070ec00000, 0x000000070ec00000| Untracked 
| 118|0x000000070ec00000, 0x000000070ee00000, 0x000000070ee00000|100%| O|  |TAMS 0x000000070ee00000, 0x000000070ee00000| Untracked 
| 119|0x000000070ee00000, 0x000000070ee00000, 0x000000070f000000|  0%| F|  |TAMS 0x000000070ee00000, 0x000000070ee00000| Untracked 
| 120|0x000000070f000000, 0x000000070f123800, 0x000000070f200000| 56%| O|  |TAMS 0x000000070f000000, 0x000000070f123800| Untracked 
| 121|0x000000070f200000, 0x000000070f200000, 0x000000070f400000|  0%| F|  |TAMS 0x000000070f200000, 0x000000070f200000| Untracked 
| 122|0x000000070f400000, 0x000000070f400000, 0x000000070f600000|  0%| F|  |TAMS 0x000000070f400000, 0x000000070f400000| Untracked 
| 123|0x000000070f600000, 0x000000070f600000, 0x000000070f800000|  0%| F|  |TAMS 0x000000070f600000, 0x000000070f600000| Untracked 
| 124|0x000000070f800000, 0x000000070f800000, 0x000000070fa00000|  0%| F|  |TAMS 0x000000070f800000, 0x000000070f800000| Untracked 
| 125|0x000000070fa00000, 0x000000070fc00000, 0x000000070fc00000|100%| O|  |TAMS 0x000000070fa00000, 0x000000070fc00000| Untracked 
| 126|0x000000070fc00000, 0x000000070fc00000, 0x000000070fe00000|  0%| F|  |TAMS 0x000000070fc00000, 0x000000070fc00000| Untracked 
| 127|0x000000070fe00000, 0x000000070fe00000, 0x0000000710000000|  0%| F|  |TAMS 0x000000070fe00000, 0x000000070fe00000| Untracked 
| 128|0x0000000710000000, 0x0000000710000000, 0x0000000710200000|  0%| F|  |TAMS 0x0000000710000000, 0x0000000710000000| Untracked 
| 129|0x0000000710200000, 0x0000000710200000, 0x0000000710400000|  0%| F|  |TAMS 0x0000000710200000, 0x0000000710200000| Untracked 
| 130|0x0000000710400000, 0x0000000710600000, 0x0000000710600000|100%| O|  |TAMS 0x0000000710400000, 0x0000000710600000| Untracked 
| 131|0x0000000710600000, 0x0000000710800000, 0x0000000710800000|100%| O|  |TAMS 0x0000000710600000, 0x0000000710800000| Untracked 
| 132|0x0000000710800000, 0x0000000710800000, 0x0000000710a00000|  0%| F|  |TAMS 0x0000000710800000, 0x0000000710800000| Untracked 
| 133|0x0000000710a00000, 0x0000000710c00000, 0x0000000710c00000|100%| O|  |TAMS 0x0000000710a00000, 0x0000000710c00000| Untracked 
| 134|0x0000000710c00000, 0x0000000710e00000, 0x0000000710e00000|100%| O|  |TAMS 0x0000000710c00000, 0x0000000710e00000| Untracked 
| 135|0x0000000710e00000, 0x0000000710e00000, 0x0000000711000000|  0%| F|  |TAMS 0x0000000710e00000, 0x0000000710e00000| Untracked 
| 136|0x0000000711000000, 0x0000000711000000, 0x0000000711200000|  0%| F|  |TAMS 0x0000000711000000, 0x0000000711000000| Untracked 
| 137|0x0000000711200000, 0x0000000711200000, 0x0000000711400000|  0%| F|  |TAMS 0x0000000711200000, 0x0000000711200000| Untracked 
| 138|0x0000000711400000, 0x0000000711400000, 0x0000000711600000|  0%| F|  |TAMS 0x0000000711400000, 0x0000000711400000| Untracked 
| 139|0x0000000711600000, 0x0000000711600000, 0x0000000711800000|  0%| F|  |TAMS 0x0000000711600000, 0x0000000711600000| Untracked 
| 140|0x0000000711800000, 0x0000000711800000, 0x0000000711a00000|  0%| F|  |TAMS 0x0000000711800000, 0x0000000711800000| Untracked 
| 141|0x0000000711a00000, 0x0000000711a00000, 0x0000000711c00000|  0%| F|  |TAMS 0x0000000711a00000, 0x0000000711a00000| Untracked 
| 142|0x0000000711c00000, 0x0000000711e00000, 0x0000000711e00000|100%| O|  |TAMS 0x0000000711e00000, 0x0000000711e00000| Untracked 
| 143|0x0000000711e00000, 0x0000000711e00000, 0x0000000712000000|  0%| F|  |TAMS 0x0000000711e00000, 0x0000000711e00000| Untracked 
| 144|0x0000000712000000, 0x0000000712200000, 0x0000000712200000|100%| O|  |TAMS 0x0000000712000000, 0x0000000712200000| Untracked 
| 145|0x0000000712200000, 0x0000000712200000, 0x0000000712400000|  0%| F|  |TAMS 0x0000000712200000, 0x0000000712200000| Untracked 
| 146|0x0000000712400000, 0x0000000712400000, 0x0000000712600000|  0%| F|  |TAMS 0x0000000712400000, 0x0000000712400000| Untracked 
| 147|0x0000000712600000, 0x0000000712600000, 0x0000000712800000|  0%| F|  |TAMS 0x0000000712600000, 0x0000000712600000| Untracked 
| 148|0x0000000712800000, 0x0000000712a00000, 0x0000000712a00000|100%| O|  |TAMS 0x0000000712a00000, 0x0000000712a00000| Untracked 
| 149|0x0000000712a00000, 0x0000000712c00000, 0x0000000712c00000|100%| O|  |TAMS 0x0000000712c00000, 0x0000000712c00000| Untracked 
| 150|0x0000000712c00000, 0x0000000712e00000, 0x0000000712e00000|100%| O|  |TAMS 0x0000000712cb0c00, 0x0000000712e00000| Untracked 
| 151|0x0000000712e00000, 0x0000000713000000, 0x0000000713000000|100%| O|  |TAMS 0x0000000712e00000, 0x0000000713000000| Untracked 
| 152|0x0000000713000000, 0x0000000713200000, 0x0000000713200000|100%| O|  |TAMS 0x0000000713000000, 0x0000000713200000| Untracked 
| 153|0x0000000713200000, 0x0000000713400000, 0x0000000713400000|100%| O|  |TAMS 0x0000000713200000, 0x0000000713400000| Untracked 
| 154|0x0000000713400000, 0x0000000713600000, 0x0000000713600000|100%| O|  |TAMS 0x0000000713400000, 0x0000000713600000| Untracked 
| 155|0x0000000713600000, 0x0000000713800000, 0x0000000713800000|100%| O|  |TAMS 0x0000000713600000, 0x0000000713800000| Untracked 
| 156|0x0000000713800000, 0x0000000713800000, 0x0000000713a00000|  0%| F|  |TAMS 0x0000000713800000, 0x0000000713800000| Untracked 
| 157|0x0000000713a00000, 0x0000000713a00000, 0x0000000713c00000|  0%| F|  |TAMS 0x0000000713a00000, 0x0000000713a00000| Untracked 
| 158|0x0000000713c00000, 0x0000000713c00000, 0x0000000713e00000|  0%| F|  |TAMS 0x0000000713c00000, 0x0000000713c00000| Untracked 
| 159|0x0000000713e00000, 0x0000000713e00000, 0x0000000714000000|  0%| F|  |TAMS 0x0000000713e00000, 0x0000000713e00000| Untracked 
| 160|0x0000000714000000, 0x00000007141d37b0, 0x0000000714200000| 91%| S|CS|TAMS 0x0000000714000000, 0x0000000714000000| Complete 
| 161|0x0000000714200000, 0x0000000714400000, 0x0000000714400000|100%| S|CS|TAMS 0x0000000714200000, 0x0000000714200000| Complete 
| 162|0x0000000714400000, 0x0000000714600000, 0x0000000714600000|100%| S|CS|TAMS 0x0000000714400000, 0x0000000714400000| Complete 
| 163|0x0000000714600000, 0x0000000714800000, 0x0000000714800000|100%| S|CS|TAMS 0x0000000714600000, 0x0000000714600000| Complete 
| 164|0x0000000714800000, 0x0000000714a00000, 0x0000000714a00000|100%| S|CS|TAMS 0x0000000714800000, 0x0000000714800000| Complete 
| 165|0x0000000714a00000, 0x0000000714c00000, 0x0000000714c00000|100%| S|CS|TAMS 0x0000000714a00000, 0x0000000714a00000| Complete 
| 166|0x0000000714c00000, 0x0000000714e00000, 0x0000000714e00000|100%| S|CS|TAMS 0x0000000714c00000, 0x0000000714c00000| Complete 
| 167|0x0000000714e00000, 0x0000000715000000, 0x0000000715000000|100%| S|CS|TAMS 0x0000000714e00000, 0x0000000714e00000| Complete 
| 168|0x0000000715000000, 0x0000000715200000, 0x0000000715200000|100%| S|CS|TAMS 0x0000000715000000, 0x0000000715000000| Complete 
| 169|0x0000000715200000, 0x0000000715400000, 0x0000000715400000|100%| S|CS|TAMS 0x0000000715200000, 0x0000000715200000| Complete 
| 170|0x0000000715400000, 0x0000000715600000, 0x0000000715600000|100%| S|CS|TAMS 0x0000000715400000, 0x0000000715400000| Complete 
| 171|0x0000000715600000, 0x0000000715600000, 0x0000000715800000|  0%| F|  |TAMS 0x0000000715600000, 0x0000000715600000| Untracked 
| 172|0x0000000715800000, 0x0000000715800000, 0x0000000715a00000|  0%| F|  |TAMS 0x0000000715800000, 0x0000000715800000| Untracked 
| 173|0x0000000715a00000, 0x0000000715a00000, 0x0000000715c00000|  0%| F|  |TAMS 0x0000000715a00000, 0x0000000715a00000| Untracked 
| 174|0x0000000715c00000, 0x0000000715c00000, 0x0000000715e00000|  0%| F|  |TAMS 0x0000000715c00000, 0x0000000715c00000| Untracked 
| 175|0x0000000715e00000, 0x0000000715e00000, 0x0000000716000000|  0%| F|  |TAMS 0x0000000715e00000, 0x0000000715e00000| Untracked 
| 176|0x0000000716000000, 0x0000000716000000, 0x0000000716200000|  0%| F|  |TAMS 0x0000000716000000, 0x0000000716000000| Untracked 
| 177|0x0000000716200000, 0x0000000716200000, 0x0000000716400000|  0%| F|  |TAMS 0x0000000716200000, 0x0000000716200000| Untracked 
| 178|0x0000000716400000, 0x0000000716400000, 0x0000000716600000|  0%| F|  |TAMS 0x0000000716400000, 0x0000000716400000| Untracked 
| 179|0x0000000716600000, 0x0000000716600000, 0x0000000716800000|  0%| F|  |TAMS 0x0000000716600000, 0x0000000716600000| Untracked 
| 180|0x0000000716800000, 0x0000000716800000, 0x0000000716a00000|  0%| F|  |TAMS 0x0000000716800000, 0x0000000716800000| Untracked 
| 181|0x0000000716a00000, 0x0000000716a00000, 0x0000000716c00000|  0%| F|  |TAMS 0x0000000716a00000, 0x0000000716a00000| Untracked 
| 182|0x0000000716c00000, 0x0000000716c00000, 0x0000000716e00000|  0%| F|  |TAMS 0x0000000716c00000, 0x0000000716c00000| Untracked 
| 183|0x0000000716e00000, 0x0000000716e00000, 0x0000000717000000|  0%| F|  |TAMS 0x0000000716e00000, 0x0000000716e00000| Untracked 
| 184|0x0000000717000000, 0x0000000717000000, 0x0000000717200000|  0%| F|  |TAMS 0x0000000717000000, 0x0000000717000000| Untracked 
| 185|0x0000000717200000, 0x0000000717200000, 0x0000000717400000|  0%| F|  |TAMS 0x0000000717200000, 0x0000000717200000| Untracked 
| 186|0x0000000717400000, 0x0000000717400000, 0x0000000717600000|  0%| F|  |TAMS 0x0000000717400000, 0x0000000717400000| Untracked 
| 187|0x0000000717600000, 0x0000000717600000, 0x0000000717800000|  0%| F|  |TAMS 0x0000000717600000, 0x0000000717600000| Untracked 
| 188|0x0000000717800000, 0x0000000717800000, 0x0000000717a00000|  0%| F|  |TAMS 0x0000000717800000, 0x0000000717800000| Untracked 
| 189|0x0000000717a00000, 0x0000000717a00000, 0x0000000717c00000|  0%| F|  |TAMS 0x0000000717a00000, 0x0000000717a00000| Untracked 
| 190|0x0000000717c00000, 0x0000000717c00000, 0x0000000717e00000|  0%| F|  |TAMS 0x0000000717c00000, 0x0000000717c00000| Untracked 
| 191|0x0000000717e00000, 0x0000000717e00000, 0x0000000718000000|  0%| F|  |TAMS 0x0000000717e00000, 0x0000000717e00000| Untracked 
| 192|0x0000000718000000, 0x0000000718000000, 0x0000000718200000|  0%| F|  |TAMS 0x0000000718000000, 0x0000000718000000| Untracked 
| 193|0x0000000718200000, 0x0000000718200000, 0x0000000718400000|  0%| F|  |TAMS 0x0000000718200000, 0x0000000718200000| Untracked 
| 194|0x0000000718400000, 0x0000000718400000, 0x0000000718600000|  0%| F|  |TAMS 0x0000000718400000, 0x0000000718400000| Untracked 
| 195|0x0000000718600000, 0x0000000718600000, 0x0000000718800000|  0%| F|  |TAMS 0x0000000718600000, 0x0000000718600000| Untracked 
| 196|0x0000000718800000, 0x0000000718800000, 0x0000000718a00000|  0%| F|  |TAMS 0x0000000718800000, 0x0000000718800000| Untracked 
| 197|0x0000000718a00000, 0x0000000718a00000, 0x0000000718c00000|  0%| F|  |TAMS 0x0000000718a00000, 0x0000000718a00000| Untracked 
| 198|0x0000000718c00000, 0x0000000718c00000, 0x0000000718e00000|  0%| F|  |TAMS 0x0000000718c00000, 0x0000000718c00000| Untracked 
| 199|0x0000000718e00000, 0x0000000718e00000, 0x0000000719000000|  0%| F|  |TAMS 0x0000000718e00000, 0x0000000718e00000| Untracked 
| 200|0x0000000719000000, 0x0000000719000000, 0x0000000719200000|  0%| F|  |TAMS 0x0000000719000000, 0x0000000719000000| Untracked 
| 201|0x0000000719200000, 0x0000000719200000, 0x0000000719400000|  0%| F|  |TAMS 0x0000000719200000, 0x0000000719200000| Untracked 
| 202|0x0000000719400000, 0x0000000719400000, 0x0000000719600000|  0%| F|  |TAMS 0x0000000719400000, 0x0000000719400000| Untracked 
| 203|0x0000000719600000, 0x0000000719600000, 0x0000000719800000|  0%| F|  |TAMS 0x0000000719600000, 0x0000000719600000| Untracked 
| 204|0x0000000719800000, 0x0000000719800000, 0x0000000719a00000|  0%| F|  |TAMS 0x0000000719800000, 0x0000000719800000| Untracked 
| 205|0x0000000719a00000, 0x0000000719a00000, 0x0000000719c00000|  0%| F|  |TAMS 0x0000000719a00000, 0x0000000719a00000| Untracked 
| 206|0x0000000719c00000, 0x0000000719c00000, 0x0000000719e00000|  0%| F|  |TAMS 0x0000000719c00000, 0x0000000719c00000| Untracked 
| 207|0x0000000719e00000, 0x0000000719e00000, 0x000000071a000000|  0%| F|  |TAMS 0x0000000719e00000, 0x0000000719e00000| Untracked 
| 208|0x000000071a000000, 0x000000071a000000, 0x000000071a200000|  0%| F|  |TAMS 0x000000071a000000, 0x000000071a000000| Untracked 
| 209|0x000000071a200000, 0x000000071a200000, 0x000000071a400000|  0%| F|  |TAMS 0x000000071a200000, 0x000000071a200000| Untracked 
| 210|0x000000071a400000, 0x000000071a400000, 0x000000071a600000|  0%| F|  |TAMS 0x000000071a400000, 0x000000071a400000| Untracked 
| 211|0x000000071a600000, 0x000000071a600000, 0x000000071a800000|  0%| F|  |TAMS 0x000000071a600000, 0x000000071a600000| Untracked 
| 212|0x000000071a800000, 0x000000071a800000, 0x000000071aa00000|  0%| F|  |TAMS 0x000000071a800000, 0x000000071a800000| Untracked 
| 213|0x000000071aa00000, 0x000000071aa00000, 0x000000071ac00000|  0%| F|  |TAMS 0x000000071aa00000, 0x000000071aa00000| Untracked 
| 214|0x000000071ac00000, 0x000000071ac00000, 0x000000071ae00000|  0%| F|  |TAMS 0x000000071ac00000, 0x000000071ac00000| Untracked 
| 215|0x000000071ae00000, 0x000000071ae00000, 0x000000071b000000|  0%| F|  |TAMS 0x000000071ae00000, 0x000000071ae00000| Untracked 
| 216|0x000000071b000000, 0x000000071b000000, 0x000000071b200000|  0%| F|  |TAMS 0x000000071b000000, 0x000000071b000000| Untracked 
| 217|0x000000071b200000, 0x000000071b200000, 0x000000071b400000|  0%| F|  |TAMS 0x000000071b200000, 0x000000071b200000| Untracked 
| 218|0x000000071b400000, 0x000000071b400000, 0x000000071b600000|  0%| F|  |TAMS 0x000000071b400000, 0x000000071b400000| Untracked 
| 219|0x000000071b600000, 0x000000071b600000, 0x000000071b800000|  0%| F|  |TAMS 0x000000071b600000, 0x000000071b600000| Untracked 
| 220|0x000000071b800000, 0x000000071b800000, 0x000000071ba00000|  0%| F|  |TAMS 0x000000071b800000, 0x000000071b800000| Untracked 
| 221|0x000000071ba00000, 0x000000071ba00000, 0x000000071bc00000|  0%| F|  |TAMS 0x000000071ba00000, 0x000000071ba00000| Untracked 
| 222|0x000000071bc00000, 0x000000071bc00000, 0x000000071be00000|  0%| F|  |TAMS 0x000000071bc00000, 0x000000071bc00000| Untracked 
| 223|0x000000071be00000, 0x000000071be00000, 0x000000071c000000|  0%| F|  |TAMS 0x000000071be00000, 0x000000071be00000| Untracked 
| 224|0x000000071c000000, 0x000000071c000000, 0x000000071c200000|  0%| F|  |TAMS 0x000000071c000000, 0x000000071c000000| Untracked 
| 225|0x000000071c200000, 0x000000071c200000, 0x000000071c400000|  0%| F|  |TAMS 0x000000071c200000, 0x000000071c200000| Untracked 
| 226|0x000000071c400000, 0x000000071c400000, 0x000000071c600000|  0%| F|  |TAMS 0x000000071c400000, 0x000000071c400000| Untracked 
| 227|0x000000071c600000, 0x000000071c600000, 0x000000071c800000|  0%| F|  |TAMS 0x000000071c600000, 0x000000071c600000| Untracked 
| 228|0x000000071c800000, 0x000000071c800000, 0x000000071ca00000|  0%| F|  |TAMS 0x000000071c800000, 0x000000071c800000| Untracked 
| 229|0x000000071ca00000, 0x000000071ca00000, 0x000000071cc00000|  0%| F|  |TAMS 0x000000071ca00000, 0x000000071ca00000| Untracked 
| 230|0x000000071cc00000, 0x000000071cc00000, 0x000000071ce00000|  0%| F|  |TAMS 0x000000071cc00000, 0x000000071cc00000| Untracked 
| 231|0x000000071ce00000, 0x000000071ce00000, 0x000000071d000000|  0%| F|  |TAMS 0x000000071ce00000, 0x000000071ce00000| Untracked 
| 232|0x000000071d000000, 0x000000071d000000, 0x000000071d200000|  0%| F|  |TAMS 0x000000071d000000, 0x000000071d000000| Untracked 
| 233|0x000000071d200000, 0x000000071d200000, 0x000000071d400000|  0%| F|  |TAMS 0x000000071d200000, 0x000000071d200000| Untracked 
| 234|0x000000071d400000, 0x000000071d400000, 0x000000071d600000|  0%| F|  |TAMS 0x000000071d400000, 0x000000071d400000| Untracked 
| 235|0x000000071d600000, 0x000000071d600000, 0x000000071d800000|  0%| F|  |TAMS 0x000000071d600000, 0x000000071d600000| Untracked 
| 236|0x000000071d800000, 0x000000071d800000, 0x000000071da00000|  0%| F|  |TAMS 0x000000071d800000, 0x000000071d800000| Untracked 
| 237|0x000000071da00000, 0x000000071da00000, 0x000000071dc00000|  0%| F|  |TAMS 0x000000071da00000, 0x000000071da00000| Untracked 
| 238|0x000000071dc00000, 0x000000071dc00000, 0x000000071de00000|  0%| F|  |TAMS 0x000000071dc00000, 0x000000071dc00000| Untracked 
| 239|0x000000071de00000, 0x000000071de00000, 0x000000071e000000|  0%| F|  |TAMS 0x000000071de00000, 0x000000071de00000| Untracked 
| 240|0x000000071e000000, 0x000000071e000000, 0x000000071e200000|  0%| F|  |TAMS 0x000000071e000000, 0x000000071e000000| Untracked 
| 241|0x000000071e200000, 0x000000071e200000, 0x000000071e400000|  0%| F|  |TAMS 0x000000071e200000, 0x000000071e200000| Untracked 
| 242|0x000000071e400000, 0x000000071e400000, 0x000000071e600000|  0%| F|  |TAMS 0x000000071e400000, 0x000000071e400000| Untracked 
| 243|0x000000071e600000, 0x000000071e600000, 0x000000071e800000|  0%| F|  |TAMS 0x000000071e600000, 0x000000071e600000| Untracked 
| 244|0x000000071e800000, 0x000000071e800000, 0x000000071ea00000|  0%| F|  |TAMS 0x000000071e800000, 0x000000071e800000| Untracked 
| 245|0x000000071ea00000, 0x000000071ea00000, 0x000000071ec00000|  0%| F|  |TAMS 0x000000071ea00000, 0x000000071ea00000| Untracked 
| 246|0x000000071ec00000, 0x000000071ec00000, 0x000000071ee00000|  0%| F|  |TAMS 0x000000071ec00000, 0x000000071ec00000| Untracked 
| 247|0x000000071ee00000, 0x000000071ee00000, 0x000000071f000000|  0%| F|  |TAMS 0x000000071ee00000, 0x000000071ee00000| Untracked 
| 248|0x000000071f000000, 0x000000071f000000, 0x000000071f200000|  0%| F|  |TAMS 0x000000071f000000, 0x000000071f000000| Untracked 
| 249|0x000000071f200000, 0x000000071f200000, 0x000000071f400000|  0%| F|  |TAMS 0x000000071f200000, 0x000000071f200000| Untracked 
| 250|0x000000071f400000, 0x000000071f400000, 0x000000071f600000|  0%| F|  |TAMS 0x000000071f400000, 0x000000071f400000| Untracked 
| 251|0x000000071f600000, 0x000000071f600000, 0x000000071f800000|  0%| F|  |TAMS 0x000000071f600000, 0x000000071f600000| Untracked 
| 252|0x000000071f800000, 0x000000071f800000, 0x000000071fa00000|  0%| F|  |TAMS 0x000000071f800000, 0x000000071f800000| Untracked 
| 253|0x000000071fa00000, 0x000000071fa00000, 0x000000071fc00000|  0%| F|  |TAMS 0x000000071fa00000, 0x000000071fa00000| Untracked 
| 254|0x000000071fc00000, 0x000000071fc00000, 0x000000071fe00000|  0%| F|  |TAMS 0x000000071fc00000, 0x000000071fc00000| Untracked 
| 255|0x000000071fe00000, 0x000000071fe00000, 0x0000000720000000|  0%| F|  |TAMS 0x000000071fe00000, 0x000000071fe00000| Untracked 
| 256|0x0000000720000000, 0x0000000720000000, 0x0000000720200000|  0%| F|  |TAMS 0x0000000720000000, 0x0000000720000000| Untracked 
| 257|0x0000000720200000, 0x0000000720200000, 0x0000000720400000|  0%| F|  |TAMS 0x0000000720200000, 0x0000000720200000| Untracked 
| 258|0x0000000720400000, 0x0000000720400000, 0x0000000720600000|  0%| F|  |TAMS 0x0000000720400000, 0x0000000720400000| Untracked 
| 259|0x0000000720600000, 0x0000000720600000, 0x0000000720800000|  0%| F|  |TAMS 0x0000000720600000, 0x0000000720600000| Untracked 
| 260|0x0000000720800000, 0x0000000720800000, 0x0000000720a00000|  0%| F|  |TAMS 0x0000000720800000, 0x0000000720800000| Untracked 
| 261|0x0000000720a00000, 0x0000000720a00000, 0x0000000720c00000|  0%| F|  |TAMS 0x0000000720a00000, 0x0000000720a00000| Untracked 
| 262|0x0000000720c00000, 0x0000000720c00000, 0x0000000720e00000|  0%| F|  |TAMS 0x0000000720c00000, 0x0000000720c00000| Untracked 
| 263|0x0000000720e00000, 0x0000000720e00000, 0x0000000721000000|  0%| F|  |TAMS 0x0000000720e00000, 0x0000000720e00000| Untracked 
| 264|0x0000000721000000, 0x0000000721000000, 0x0000000721200000|  0%| F|  |TAMS 0x0000000721000000, 0x0000000721000000| Untracked 
| 265|0x0000000721200000, 0x0000000721200000, 0x0000000721400000|  0%| F|  |TAMS 0x0000000721200000, 0x0000000721200000| Untracked 
| 266|0x0000000721400000, 0x0000000721400000, 0x0000000721600000|  0%| F|  |TAMS 0x0000000721400000, 0x0000000721400000| Untracked 
| 267|0x0000000721600000, 0x0000000721600000, 0x0000000721800000|  0%| F|  |TAMS 0x0000000721600000, 0x0000000721600000| Untracked 
| 268|0x0000000721800000, 0x0000000721800000, 0x0000000721a00000|  0%| F|  |TAMS 0x0000000721800000, 0x0000000721800000| Untracked 
| 269|0x0000000721a00000, 0x0000000721a00000, 0x0000000721c00000|  0%| F|  |TAMS 0x0000000721a00000, 0x0000000721a00000| Untracked 
| 270|0x0000000721c00000, 0x0000000721c00000, 0x0000000721e00000|  0%| F|  |TAMS 0x0000000721c00000, 0x0000000721c00000| Untracked 
| 271|0x0000000721e00000, 0x0000000721e00000, 0x0000000722000000|  0%| F|  |TAMS 0x0000000721e00000, 0x0000000721e00000| Untracked 
| 272|0x0000000722000000, 0x0000000722000000, 0x0000000722200000|  0%| F|  |TAMS 0x0000000722000000, 0x0000000722000000| Untracked 
| 273|0x0000000722200000, 0x0000000722200000, 0x0000000722400000|  0%| F|  |TAMS 0x0000000722200000, 0x0000000722200000| Untracked 
| 274|0x0000000722400000, 0x0000000722400000, 0x0000000722600000|  0%| F|  |TAMS 0x0000000722400000, 0x0000000722400000| Untracked 
| 275|0x0000000722600000, 0x0000000722600000, 0x0000000722800000|  0%| F|  |TAMS 0x0000000722600000, 0x0000000722600000| Untracked 
| 276|0x0000000722800000, 0x0000000722800000, 0x0000000722a00000|  0%| F|  |TAMS 0x0000000722800000, 0x0000000722800000| Untracked 

Card table byte_map: [0x0000018fcbda0000,0x0000018fcc5a0000] _byte_map_base: 0x0000018fc85a0000

Marking Bits (Prev, Next): (CMBitMap*) 0x0000018fb479ca90, (CMBitMap*) 0x0000018fb479ca50
 Prev Bits: [0x0000018fd0da0000, 0x0000018fd4da0000)
 Next Bits: [0x0000018fccda0000, 0x0000018fd0da0000)

Polling page: 0x0000018fb2560000

Metaspace:

Usage:
  Non-class:    117.33 MB used.
      Class:     18.03 MB used.
       Both:    135.36 MB used.

Virtual space:
  Non-class space:      128.00 MB reserved,     118.25 MB ( 92%) committed,  2 nodes.
      Class space:      832.00 MB reserved,      18.88 MB (  2%) committed,  1 nodes.
             Both:      960.00 MB reserved,     137.12 MB ( 14%) committed. 

Chunk freelists:
   Non-Class:  9.00 MB
       Class:  13.12 MB
        Both:  22.12 MB

MaxMetaspaceSize: 1.00 GB
CompressedClassSpaceSize: 832.00 MB
Initial GC threshold: 21.00 MB
Current GC threshold: 220.31 MB
CDS: on
MetaspaceReclaimPolicy: balanced
 - commit_granule_bytes: 65536.
 - commit_granule_words: 8192.
 - virtual_space_node_default_size: 8388608.
 - enlarge_chunks_in_place: 1.
 - new_chunks_are_fully_committed: 0.
 - uncommit_free_chunks: 1.
 - use_allocation_guard: 0.
 - handle_deallocations: 1.


Internal statistics:

num_allocs_failed_limit: 15.
num_arena_births: 2742.
num_arena_deaths: 0.
num_vsnodes_births: 3.
num_vsnodes_deaths: 0.
num_space_committed: 2192.
num_space_uncommitted: 0.
num_chunks_returned_to_freelist: 15.
num_chunks_taken_from_freelist: 9412.
num_chunk_merges: 15.
num_chunk_splits: 5772.
num_chunks_enlarged: 3295.
num_inconsistent_stats: 0.

CodeHeap 'non-profiled nmethods': size=120000Kb used=15755Kb max_used=15755Kb free=104244Kb
 bounds [0x0000018fc3d40000, 0x0000018fc4cb0000, 0x0000018fcb270000]
CodeHeap 'profiled nmethods': size=120000Kb used=41020Kb max_used=41208Kb free=78979Kb
 bounds [0x0000018fbc270000, 0x0000018fbeac0000, 0x0000018fc37a0000]
CodeHeap 'non-nmethods': size=5760Kb used=2508Kb max_used=2609Kb free=3251Kb
 bounds [0x0000018fc37a0000, 0x0000018fc3a50000, 0x0000018fc3d40000]
 total_blobs=21920 nmethods=20879 adapters=952
 compilation: enabled
              stopped_count=0, restarted_count=0
 full_count=0

Compilation events (20 events):
Event: 1080.830 Thread 0x0000018fd77ee050 25817       3       org.gradle.internal.event.DefaultListenerManager::registrationProvides (46 bytes)
Event: 1080.831 Thread 0x0000018fd77ee050 nmethod 25817 0x0000018fbe497c10 code [0x0000018fbe497e20, 0x0000018fbe4984f8]
Event: 1080.845 Thread 0x0000018fd77ee050 25819       3       org.gradle.internal.model.InMemoryCacheFactory$DefaultLoadingCache::<init> (22 bytes)
Event: 1080.846 Thread 0x0000018fd77ee050 nmethod 25819 0x0000018fbea86410 code [0x0000018fbea865e0, 0x0000018fbea86948]
Event: 1080.862 Thread 0x0000018fd77ee050 25822       3       org.gradle.internal.snapshot.impl.IntegerValueSnapshot::getValue (5 bytes)
Event: 1080.862 Thread 0x0000018fd77ee050 nmethod 25822 0x0000018fbdd75710 code [0x0000018fbdd758a0, 0x0000018fbdd759b8]
Event: 1080.866 Thread 0x0000018fd77ee050 25823       1       org.gradle.api.internal.artifacts.configurations.DefaultArtifactCollection$ArtifactSetResult::access$000 (5 bytes)
Event: 1080.866 Thread 0x0000018fd77ee050 nmethod 25823 0x0000018fc4c9b810 code [0x0000018fc4c9b9a0, 0x0000018fc4c9ba58]
Event: 1080.866 Thread 0x0000018fd77ee050 25824       3       org.gradle.api.internal.plugins.DefaultPluginManager::apply (56 bytes)
Event: 1080.868 Thread 0x0000018fd77ee050 nmethod 25824 0x0000018fbe929e10 code [0x0000018fbe92a0a0, 0x0000018fbe92aa68]
Event: 1080.869 Thread 0x0000018fd77ee050 25825       1       org.gradle.api.internal.plugins.DefaultPluginRegistry::access$100 (5 bytes)
Event: 1080.869 Thread 0x0000018fd77ee050 nmethod 25825 0x0000018fc4c9bb10 code [0x0000018fc4c9bca0, 0x0000018fc4c9bd58]
Event: 1080.870 Thread 0x0000018fd77ee050 25826       3       java.lang.invoke.BoundMethodHandle$Species_LLL::make (14 bytes)
Event: 1080.871 Thread 0x0000018fd77ee050 nmethod 25826 0x0000018fbd99c190 code [0x0000018fbd99c340, 0x0000018fbd99c688]
Event: 1080.871 Thread 0x0000018fd77ee050 25827       3       java.lang.invoke.BoundMethodHandle$Species_LLL::<init> (24 bytes)
Event: 1080.871 Thread 0x0000018fd77ee050 nmethod 25827 0x0000018fbd99b990 code [0x0000018fbd99bb40, 0x0000018fbd99be48]
Event: 1080.903 Thread 0x0000018fd77e5590 nmethod 25807 0x0000018fc4c9be10 code [0x0000018fc4c9c180, 0x0000018fc4c9f1c0]
Event: 1080.904 Thread 0x0000018fd77e5590 25811       4       org.gradle.api.internal.artifacts.repositories.resolver.AbstractResourcePattern::isOptionalToken (153 bytes)
Event: 1080.922 Thread 0x0000018fd77e5590 nmethod 25811 0x0000018fc4ca1d90 code [0x0000018fc4ca1f20, 0x0000018fc4ca2c58]
Event: 1080.922 Thread 0x0000018fd77e5590 25820       4       org.gradle.util.Path::toString (5 bytes)

GC Heap History (20 events):
Event: 110.376 GC heap after
{Heap after GC invocations=78 (full 0):
 garbage-first heap   total 415744K, used 308691K [0x0000000700000000, 0x0000000800000000)
  region size 2048K, 2 young (4096K), 2 survivors (4096K)
 Metaspace       used 128827K, committed 130496K, reserved 983040K
  class space    used 17245K, committed 18048K, reserved 851968K
}
Event: 110.634 GC heap before
{Heap before GC invocations=78 (full 0):
 garbage-first heap   total 415744K, used 351699K [0x0000000700000000, 0x0000000800000000)
  region size 2048K, 24 young (49152K), 2 survivors (4096K)
 Metaspace       used 128893K, committed 130560K, reserved 983040K
  class space    used 17245K, committed 18048K, reserved 851968K
}
Event: 110.639 GC heap after
{Heap after GC invocations=79 (full 0):
 garbage-first heap   total 499712K, used 309971K [0x0000000700000000, 0x0000000800000000)
  region size 2048K, 2 young (4096K), 2 survivors (4096K)
 Metaspace       used 128893K, committed 130560K, reserved 983040K
  class space    used 17245K, committed 18048K, reserved 851968K
}
Event: 111.546 GC heap before
{Heap before GC invocations=79 (full 0):
 garbage-first heap   total 499712K, used 418515K [0x0000000700000000, 0x0000000800000000)
  region size 2048K, 55 young (112640K), 2 survivors (4096K)
 Metaspace       used 129394K, committed 131072K, reserved 983040K
  class space    used 17287K, committed 18112K, reserved 851968K
}
Event: 111.553 GC heap after
{Heap after GC invocations=80 (full 0):
 garbage-first heap   total 499712K, used 312365K [0x0000000700000000, 0x0000000800000000)
  region size 2048K, 3 young (6144K), 3 survivors (6144K)
 Metaspace       used 129394K, committed 131072K, reserved 983040K
  class space    used 17287K, committed 18112K, reserved 851968K
}
Event: 112.802 GC heap before
{Heap before GC invocations=80 (full 0):
 garbage-first heap   total 499712K, used 422957K [0x0000000700000000, 0x0000000800000000)
  region size 2048K, 57 young (116736K), 3 survivors (6144K)
 Metaspace       used 131602K, committed 133312K, reserved 983040K
  class space    used 17554K, committed 18368K, reserved 851968K
}
Event: 112.810 GC heap after
{Heap after GC invocations=81 (full 0):
 garbage-first heap   total 499712K, used 312575K [0x0000000700000000, 0x0000000800000000)
  region size 2048K, 4 young (8192K), 4 survivors (8192K)
 Metaspace       used 131602K, committed 133312K, reserved 983040K
  class space    used 17554K, committed 18368K, reserved 851968K
}
Event: 114.935 GC heap before
{Heap before GC invocations=81 (full 0):
 garbage-first heap   total 499712K, used 423167K [0x0000000700000000, 0x0000000800000000)
  region size 2048K, 59 young (120832K), 4 survivors (8192K)
 Metaspace       used 132035K, committed 133696K, reserved 983040K
  class space    used 17598K, committed 18368K, reserved 851968K
}
Event: 114.945 GC heap after
{Heap after GC invocations=82 (full 0):
 garbage-first heap   total 499712K, used 316330K [0x0000000700000000, 0x0000000800000000)
  region size 2048K, 6 young (12288K), 6 survivors (12288K)
 Metaspace       used 132035K, committed 133696K, reserved 983040K
  class space    used 17598K, committed 18368K, reserved 851968K
}
Event: 1027.305 GC heap before
{Heap before GC invocations=82 (full 0):
 garbage-first heap   total 499712K, used 424874K [0x0000000700000000, 0x0000000800000000)
  region size 2048K, 60 young (122880K), 6 survivors (12288K)
 Metaspace       used 132671K, committed 134400K, reserved 983040K
  class space    used 17650K, committed 18496K, reserved 851968K
}
Event: 1027.356 GC heap after
{Heap after GC invocations=83 (full 0):
 garbage-first heap   total 499712K, used 323884K [0x0000000700000000, 0x0000000800000000)
  region size 2048K, 7 young (14336K), 7 survivors (14336K)
 Metaspace       used 132671K, committed 134400K, reserved 983040K
  class space    used 17650K, committed 18496K, reserved 851968K
}
Event: 1027.512 GC heap before
{Heap before GC invocations=83 (full 0):
 garbage-first heap   total 499712K, used 327980K [0x0000000700000000, 0x0000000800000000)
  region size 2048K, 10 young (20480K), 7 survivors (14336K)
 Metaspace       used 132681K, committed 134400K, reserved 983040K
  class space    used 17650K, committed 18496K, reserved 851968K
}
Event: 1027.533 GC heap after
{Heap after GC invocations=84 (full 0):
 garbage-first heap   total 499712K, used 325244K [0x0000000700000000, 0x0000000800000000)
  region size 2048K, 5 young (10240K), 5 survivors (10240K)
 Metaspace       used 132681K, committed 134400K, reserved 983040K
  class space    used 17650K, committed 18496K, reserved 851968K
}
Event: 1028.878 GC heap before
{Heap before GC invocations=85 (full 0):
 garbage-first heap   total 567296K, used 401020K [0x0000000700000000, 0x0000000800000000)
  region size 2048K, 48 young (98304K), 5 survivors (10240K)
 Metaspace       used 135465K, committed 137280K, reserved 983040K
  class space    used 18101K, committed 18944K, reserved 851968K
}
Event: 1028.896 GC heap after
{Heap after GC invocations=86 (full 0):
 garbage-first heap   total 567296K, used 316369K [0x0000000700000000, 0x0000000800000000)
  region size 2048K, 3 young (6144K), 3 survivors (6144K)
 Metaspace       used 135465K, committed 137280K, reserved 983040K
  class space    used 18101K, committed 18944K, reserved 851968K
}
Event: 1029.220 GC heap before
{Heap before GC invocations=86 (full 0):
 garbage-first heap   total 567296K, used 336849K [0x0000000700000000, 0x0000000800000000)
  region size 2048K, 13 young (26624K), 3 survivors (6144K)
 Metaspace       used 135937K, committed 137664K, reserved 983040K
  class space    used 18181K, committed 19008K, reserved 851968K
}
Event: 1029.235 GC heap after
{Heap after GC invocations=87 (full 0):
 garbage-first heap   total 567296K, used 265216K [0x0000000700000000, 0x0000000800000000)
  region size 2048K, 1 young (2048K), 1 survivors (2048K)
 Metaspace       used 135937K, committed 137664K, reserved 983040K
  class space    used 18181K, committed 19008K, reserved 851968K
}
Event: 1029.297 GC heap before
{Heap before GC invocations=87 (full 0):
 garbage-first heap   total 567296K, used 289792K [0x0000000700000000, 0x0000000800000000)
  region size 2048K, 13 young (26624K), 1 survivors (2048K)
 Metaspace       used 135944K, committed 137664K, reserved 983040K
  class space    used 18181K, committed 19008K, reserved 851968K
}
Event: 1029.332 GC heap after
{Heap after GC invocations=88 (full 0):
 garbage-first heap   total 567296K, used 243487K [0x0000000700000000, 0x0000000800000000)
  region size 2048K, 1 young (2048K), 1 survivors (2048K)
 Metaspace       used 135944K, committed 137664K, reserved 983040K
  class space    used 18181K, committed 19008K, reserved 851968K
}
Event: 1080.928 GC heap before
{Heap before GC invocations=88 (full 0):
 garbage-first heap   total 567296K, used 458527K [0x0000000700000000, 0x0000000800000000)
  region size 2048K, 106 young (217088K), 1 survivors (2048K)
 Metaspace       used 138606K, committed 140416K, reserved 983040K
  class space    used 18464K, committed 19328K, reserved 851968K
}

Dll operation events (15 events):
Event: 0.018 Loaded shared library C:\Program Files\Microsoft\jdk-17.0.15.6-hotspot\bin\java.dll
Event: 0.040 Loaded shared library C:\Program Files\Microsoft\jdk-17.0.15.6-hotspot\bin\jsvml.dll
Event: 0.087 Loaded shared library C:\Program Files\Microsoft\jdk-17.0.15.6-hotspot\bin\zip.dll
Event: 0.091 Loaded shared library C:\Program Files\Microsoft\jdk-17.0.15.6-hotspot\bin\instrument.dll
Event: 0.095 Loaded shared library C:\Program Files\Microsoft\jdk-17.0.15.6-hotspot\bin\net.dll
Event: 0.097 Loaded shared library C:\Program Files\Microsoft\jdk-17.0.15.6-hotspot\bin\nio.dll
Event: 0.099 Loaded shared library C:\Program Files\Microsoft\jdk-17.0.15.6-hotspot\bin\zip.dll
Event: 0.374 Loaded shared library C:\Program Files\Microsoft\jdk-17.0.15.6-hotspot\bin\jimage.dll
Event: 0.623 Loaded shared library C:\Program Files\Microsoft\jdk-17.0.15.6-hotspot\bin\verify.dll
Event: 0.710 Loaded shared library C:\Users\user\.gradle\native\1def1411415f61bf3af743bc5b6707747c0891f09f0c88961ee8f79bc544acac\windows-amd64\native-platform.dll
Event: 0.726 Loaded shared library C:\Users\user\.gradle\native\0.2.7\x86_64-windows-gnu\gradle-fileevents.dll
Event: 2.383 Loaded shared library C:\Program Files\Microsoft\jdk-17.0.15.6-hotspot\bin\management.dll
Event: 2.388 Loaded shared library C:\Program Files\Microsoft\jdk-17.0.15.6-hotspot\bin\management_ext.dll
Event: 2.628 Loaded shared library C:\Program Files\Microsoft\jdk-17.0.15.6-hotspot\bin\extnet.dll
Event: 2.899 Loaded shared library C:\Program Files\Microsoft\jdk-17.0.15.6-hotspot\bin\sunmscapi.dll

Deoptimization events (20 events):
Event: 1034.023 Thread 0x0000019012d393f0 Uncommon trap: trap_request=0xffffff45 fr.pc=0x0000018fc47e6030 relative=0x0000000000001770
Event: 1034.023 Thread 0x0000019012d393f0 Uncommon trap: reason=unstable_if action=reinterpret pc=0x0000018fc47e6030 method=org.gradle.internal.file.FileHierarchySet$Node.isChildOfOrThis(Ljava/lang/String;I)Z @ 101 c2
Event: 1034.023 Thread 0x0000019012d393f0 DEOPT PACKING pc=0x0000018fc47e6030 sp=0x000000864b0fee40
Event: 1034.023 Thread 0x0000019012d393f0 DEOPT UNPACKING pc=0x0000018fc37fa1a3 sp=0x000000864b0fed70 mode 2
Event: 1080.792 Thread 0x000001901df8bd60 Uncommon trap: trap_request=0xffffffbe fr.pc=0x0000018fc4c11630 relative=0x0000000000000c90
Event: 1080.792 Thread 0x000001901df8bd60 Uncommon trap: reason=profile_predicate action=maybe_recompile pc=0x0000018fc4c11630 method=org.gradle.api.internal.artifacts.repositories.resolver.AbstractResourcePattern.isOptionalToken([Ljava/lang/String;)Z @ 95 c2
Event: 1080.792 Thread 0x000001901df8bd60 DEOPT PACKING pc=0x0000018fc4c11630 sp=0x000000864a1f9180
Event: 1080.792 Thread 0x000001901df8bd60 DEOPT UNPACKING pc=0x0000018fc37fa1a3 sp=0x000000864a1f9148 mode 2
Event: 1080.792 Thread 0x000001901df8bd60 Uncommon trap: trap_request=0xffffffbe fr.pc=0x0000018fc4c11630 relative=0x0000000000000c90
Event: 1080.792 Thread 0x000001901df8bd60 Uncommon trap: reason=profile_predicate action=maybe_recompile pc=0x0000018fc4c11630 method=org.gradle.api.internal.artifacts.repositories.resolver.AbstractResourcePattern.isOptionalToken([Ljava/lang/String;)Z @ 95 c2
Event: 1080.792 Thread 0x000001901df8bd60 DEOPT PACKING pc=0x0000018fc4c11630 sp=0x000000864a1f9180
Event: 1080.792 Thread 0x000001901df8bd60 DEOPT UNPACKING pc=0x0000018fc37fa1a3 sp=0x000000864a1f9148 mode 2
Event: 1080.792 Thread 0x000001901df8bd60 Uncommon trap: trap_request=0xffffffbe fr.pc=0x0000018fc4c11630 relative=0x0000000000000c90
Event: 1080.792 Thread 0x000001901df8bd60 Uncommon trap: reason=profile_predicate action=maybe_recompile pc=0x0000018fc4c11630 method=org.gradle.api.internal.artifacts.repositories.resolver.AbstractResourcePattern.isOptionalToken([Ljava/lang/String;)Z @ 95 c2
Event: 1080.792 Thread 0x000001901df8bd60 DEOPT PACKING pc=0x0000018fc4c11630 sp=0x000000864a1f9180
Event: 1080.792 Thread 0x000001901df8bd60 DEOPT UNPACKING pc=0x0000018fc37fa1a3 sp=0x000000864a1f9148 mode 2
Event: 1080.793 Thread 0x000001901df8bd60 Uncommon trap: trap_request=0xffffffbe fr.pc=0x0000018fc4c11630 relative=0x0000000000000c90
Event: 1080.793 Thread 0x000001901df8bd60 Uncommon trap: reason=profile_predicate action=maybe_recompile pc=0x0000018fc4c11630 method=org.gradle.api.internal.artifacts.repositories.resolver.AbstractResourcePattern.isOptionalToken([Ljava/lang/String;)Z @ 95 c2
Event: 1080.793 Thread 0x000001901df8bd60 DEOPT PACKING pc=0x0000018fc4c11630 sp=0x000000864a1f9180
Event: 1080.793 Thread 0x000001901df8bd60 DEOPT UNPACKING pc=0x0000018fc37fa1a3 sp=0x000000864a1f9148 mode 2

Classes loaded (20 events):
Event: 1028.386 Loading class java/util/stream/SortedOps$OfInt
Event: 1028.386 Loading class java/util/stream/IntPipeline$StatefulOp
Event: 1028.387 Loading class java/util/stream/IntPipeline$StatefulOp done
Event: 1028.387 Loading class java/util/stream/SortedOps$OfInt done
Event: 1028.387 Loading class java/util/stream/SortedOps$SizedIntSortingSink
Event: 1028.387 Loading class java/util/stream/SortedOps$AbstractIntSortingSink
Event: 1028.388 Loading class java/util/stream/SortedOps$AbstractIntSortingSink done
Event: 1028.388 Loading class java/util/stream/SortedOps$SizedIntSortingSink done
Event: 1028.989 Loading class java/util/stream/ReduceOps$9
Event: 1028.990 Loading class java/util/stream/ReduceOps$9 done
Event: 1028.990 Loading class java/util/stream/ReduceOps$CountingSink$OfInt
Event: 1028.990 Loading class java/util/stream/ReduceOps$CountingSink$OfInt done
Event: 1028.997 Loading class java/util/LinkedList$LLSpliterator
Event: 1028.998 Loading class java/util/LinkedList$LLSpliterator done
Event: 1029.575 Loading class jdk/internal/vm/annotation/Stable
Event: 1029.575 Loading class jdk/internal/vm/annotation/Stable done
Event: 1029.606 Loading class java/lang/NegativeArraySizeException
Event: 1029.606 Loading class java/lang/NegativeArraySizeException done
Event: 1029.654 Loading class java/security/PermissionsEnumerator
Event: 1029.655 Loading class java/security/PermissionsEnumerator done

Classes unloaded (0 events):
No events

Classes redefined (0 events):
No events

Internal exceptions (20 events):
Event: 1029.958 Thread 0x000001901df8bd60 Exception <a 'java/lang/ClassNotFoundException'{0x0000000720b3e170}: build_b3uzjwkekww4ux5y3b5h4ckdr$_run_closure2$_closure5Customizer> (0x0000000720b3e170) 
thrown [s\src\hotspot\share\classfile\systemDictionary.cpp, line 256]
Event: 1029.960 Thread 0x000001901df8bd60 Exception <a 'java/lang/ClassNotFoundException'{0x0000000720b67ad8}: build_b3uzjwkekww4ux5y3b5h4ckdr$_run_closure2BeanInfo> (0x0000000720b67ad8) 
thrown [s\src\hotspot\share\classfile\systemDictionary.cpp, line 256]
Event: 1029.960 Thread 0x000001901df8bd60 Exception <a 'java/lang/ClassNotFoundException'{0x0000000720b73bf8}: build_b3uzjwkekww4ux5y3b5h4ckdr$_run_closure2Customizer> (0x0000000720b73bf8) 
thrown [s\src\hotspot\share\classfile\systemDictionary.cpp, line 256]
Event: 1029.974 Thread 0x000001901df8bd60 Exception <a 'java/lang/ClassNotFoundException'{0x0000000720804c88}: build_b3uzjwkekww4ux5y3b5h4ckdr$_run_closure2$_closure6BeanInfo> (0x0000000720804c88) 
thrown [s\src\hotspot\share\classfile\systemDictionary.cpp, line 256]
Event: 1029.974 Thread 0x000001901df8bd60 Exception <a 'java/lang/ClassNotFoundException'{0x0000000720810ea0}: build_b3uzjwkekww4ux5y3b5h4ckdr$_run_closure2$_closure6Customizer> (0x0000000720810ea0) 
thrown [s\src\hotspot\share\classfile\systemDictionary.cpp, line 256]
Event: 1031.763 Thread 0x000001901df8bd60 Implicit null exception at 0x0000018fc4c2eb37 to 0x0000018fc4c2edc4
Event: 1031.774 Thread 0x000001901df8bd60 Implicit null exception at 0x0000018fc4c3045d to 0x0000018fc4c30736
Event: 1034.752 Thread 0x000001901df8bd60 Exception <a 'sun/nio/fs/WindowsException'{0x0000000718644dc0}> (0x0000000718644dc0) 
thrown [s\src\hotspot\share\prims\jni.cpp, line 516]
Event: 1034.876 Thread 0x000001901524d070 Exception <a 'sun/nio/fs/WindowsException'{0x0000000717113be0}> (0x0000000717113be0) 
thrown [s\src\hotspot\share\prims\jni.cpp, line 516]
Event: 1034.877 Thread 0x000001901524d070 Exception <a 'sun/nio/fs/WindowsException'{0x000000071711b788}> (0x000000071711b788) 
thrown [s\src\hotspot\share\prims\jni.cpp, line 516]
Event: 1034.878 Thread 0x000001901524d070 Exception <a 'sun/nio/fs/WindowsException'{0x0000000717122f58}> (0x0000000717122f58) 
thrown [s\src\hotspot\share\prims\jni.cpp, line 516]
Event: 1034.879 Thread 0x000001901524d070 Exception <a 'sun/nio/fs/WindowsException'{0x00000007171267f8}> (0x00000007171267f8) 
thrown [s\src\hotspot\share\prims\jni.cpp, line 516]
Event: 1080.779 Thread 0x000001901df8bd60 Exception <a 'sun/nio/fs/WindowsException'{0x00000007169d3b68}> (0x00000007169d3b68) 
thrown [s\src\hotspot\share\prims\jni.cpp, line 516]
Event: 1080.779 Thread 0x000001901df8bd60 Exception <a 'sun/nio/fs/WindowsException'{0x00000007169d4f30}> (0x00000007169d4f30) 
thrown [s\src\hotspot\share\prims\jni.cpp, line 516]
Event: 1080.780 Thread 0x000001901df8bd60 Exception <a 'sun/nio/fs/WindowsException'{0x00000007169d62f0}> (0x00000007169d62f0) 
thrown [s\src\hotspot\share\prims\jni.cpp, line 516]
Event: 1080.780 Thread 0x000001901df8bd60 Exception <a 'sun/nio/fs/WindowsException'{0x00000007169d7378}> (0x00000007169d7378) 
thrown [s\src\hotspot\share\prims\jni.cpp, line 516]
Event: 1080.819 Thread 0x000001901df8bd60 Exception <a 'sun/nio/fs/WindowsException'{0x00000007166c2210}> (0x00000007166c2210) 
thrown [s\src\hotspot\share\prims\jni.cpp, line 516]
Event: 1080.819 Thread 0x000001901df8bd60 Exception <a 'sun/nio/fs/WindowsException'{0x00000007166c3b28}> (0x00000007166c3b28) 
thrown [s\src\hotspot\share\prims\jni.cpp, line 516]
Event: 1080.820 Thread 0x000001901df8bd60 Exception <a 'sun/nio/fs/WindowsException'{0x00000007166c5438}> (0x00000007166c5438) 
thrown [s\src\hotspot\share\prims\jni.cpp, line 516]
Event: 1080.820 Thread 0x000001901df8bd60 Exception <a 'sun/nio/fs/WindowsException'{0x00000007166c6a10}> (0x00000007166c6a10) 
thrown [s\src\hotspot\share\prims\jni.cpp, line 516]

VM Operations (20 events):
Event: 1029.781 Executing VM operation: HandshakeAllThreads done
Event: 1029.824 Executing VM operation: HandshakeAllThreads
Event: 1029.824 Executing VM operation: HandshakeAllThreads done
Event: 1030.142 Executing VM operation: ICBufferFull
Event: 1030.143 Executing VM operation: ICBufferFull done
Event: 1031.015 Executing VM operation: ICBufferFull
Event: 1031.015 Executing VM operation: ICBufferFull done
Event: 1033.019 Executing VM operation: Cleanup
Event: 1033.019 Executing VM operation: Cleanup done
Event: 1034.028 Executing VM operation: Cleanup
Event: 1034.028 Executing VM operation: Cleanup done
Event: 1035.042 Executing VM operation: Cleanup
Event: 1035.042 Executing VM operation: Cleanup done
Event: 1044.556 Executing VM operation: HandshakeAllThreads
Event: 1044.556 Executing VM operation: HandshakeAllThreads done
Event: 1067.717 Executing VM operation: Cleanup
Event: 1067.717 Executing VM operation: Cleanup done
Event: 1080.875 Executing VM operation: Cleanup
Event: 1080.875 Executing VM operation: Cleanup done
Event: 1080.928 Executing VM operation: G1CollectForAllocation

Memory protections (0 events):
No events

Nmethod flushes (20 events):
Event: 1029.871 Thread 0x0000018fd77f4360 flushing  nmethod 0x0000018fbea02390
Event: 1029.871 Thread 0x0000018fd77f4360 flushing  nmethod 0x0000018fbea03e90
Event: 1029.871 Thread 0x0000018fd77f4360 flushing  nmethod 0x0000018fbea04210
Event: 1029.871 Thread 0x0000018fd77f4360 flushing  nmethod 0x0000018fbea04590
Event: 1029.871 Thread 0x0000018fd77f4360 flushing  nmethod 0x0000018fbea04c10
Event: 1029.871 Thread 0x0000018fd77f4360 flushing  nmethod 0x0000018fbea05990
Event: 1029.871 Thread 0x0000018fd77f4360 flushing  nmethod 0x0000018fbea1ef10
Event: 1029.871 Thread 0x0000018fd77f4360 flushing  nmethod 0x0000018fbea3bf10
Event: 1029.871 Thread 0x0000018fd77f4360 flushing  nmethod 0x0000018fbea3c510
Event: 1029.871 Thread 0x0000018fd77f4360 flushing  nmethod 0x0000018fbea3cc90
Event: 1029.871 Thread 0x0000018fd77f4360 flushing  nmethod 0x0000018fbea3dd90
Event: 1029.871 Thread 0x0000018fd77f4360 flushing  nmethod 0x0000018fbea3e510
Event: 1029.871 Thread 0x0000018fd77f4360 flushing  nmethod 0x0000018fbea40d90
Event: 1029.871 Thread 0x0000018fd77f4360 flushing  nmethod 0x0000018fbea42710
Event: 1029.871 Thread 0x0000018fd77f4360 flushing  nmethod 0x0000018fbea42d10
Event: 1029.871 Thread 0x0000018fd77f4360 flushing  nmethod 0x0000018fbea44210
Event: 1029.871 Thread 0x0000018fd77f4360 flushing  nmethod 0x0000018fbea46710
Event: 1029.871 Thread 0x0000018fd77f4360 flushing  nmethod 0x0000018fbea53b10
Event: 1029.871 Thread 0x0000018fd77f4360 flushing  nmethod 0x0000018fbea54c10
Event: 1029.871 Thread 0x0000018fd77f4360 flushing  nmethod 0x0000018fbea86110

Events (20 events):
Event: 1034.800 Thread 0x000001901df8eaf0 Thread added: 0x000001901524d070
Event: 1034.800 Thread 0x000001901df899f0 Thread exited: 0x000001901df899f0
Event: 1034.804 Thread 0x000001901df894e0 Thread exited: 0x000001901df894e0
Event: 1040.130 Thread 0x0000019016e79050 Thread exited: 0x0000019016e79050
Event: 1045.008 Thread 0x0000019016e73600 Thread exited: 0x0000019016e73600
Event: 1080.579 Thread 0x000001901df8eaf0 Thread added: 0x0000019015250310
Event: 1080.702 Thread 0x000001901df8eaf0 Thread added: 0x000001901524e4b0
Event: 1080.714 Thread 0x000001901df8bd60 Thread added: 0x000001901524e9c0
Event: 1080.716 Thread 0x000001901df8bd60 Thread added: 0x000001901524b720
Event: 1080.716 Thread 0x000001901df8bd60 Thread added: 0x0000019015250d30
Event: 1080.743 Thread 0x000001901df8bd60 Thread added: 0x000001901524a2e0
Event: 1080.747 Thread 0x000001901df8bd60 Thread added: 0x000001901524ad00
Event: 1080.783 Thread 0x000001901df8bd60 Thread added: 0x000001901524bc30
Event: 1080.797 Thread 0x000001901df8bd60 Thread added: 0x0000019016126820
Event: 1080.800 Thread 0x000001901df8bd60 Thread added: 0x00000190161244b0
Event: 1080.809 Thread 0x000001901df8bd60 Thread added: 0x00000190161295b0
Event: 1080.859 Thread 0x000001901df8bd60 Thread added: 0x0000019016126310
Event: 1080.859 Thread 0x000001901df8bd60 Thread added: 0x0000019016123580
Event: 1080.864 Thread 0x000001901df8bd60 Thread added: 0x0000019016126d30
Event: 1080.865 Thread 0x000001901df8bd60 Thread added: 0x0000019016128170


Dynamic libraries:
0x00007ff7fa2b0000 - 0x00007ff7fa2be000 	C:\Program Files\Microsoft\jdk-17.0.15.6-hotspot\bin\java.exe
0x00007ff8c1fd0000 - 0x00007ff8c21e7000 	C:\WINDOWS\SYSTEM32\ntdll.dll
0x00007ff8c0980000 - 0x00007ff8c0a44000 	C:\WINDOWS\System32\KERNEL32.DLL
0x00007ff8bf0c0000 - 0x00007ff8bf492000 	C:\WINDOWS\System32\KERNELBASE.dll
0x00007ff8bf4a0000 - 0x00007ff8bf5b1000 	C:\WINDOWS\System32\ucrtbase.dll
0x00007ff885b70000 - 0x00007ff885b8d000 	C:\Program Files\Microsoft\jdk-17.0.15.6-hotspot\bin\VCRUNTIME140.dll
0x00007ff885d00000 - 0x00007ff885d17000 	C:\Program Files\Microsoft\jdk-17.0.15.6-hotspot\bin\jli.dll
0x00007ff8c17f0000 - 0x00007ff8c19a1000 	C:\WINDOWS\System32\USER32.dll
0x00007ff8a8090000 - 0x00007ff8a832b000 	C:\WINDOWS\WinSxS\amd64_microsoft.windows.common-controls_6595b64144ccf1df_6.0.22621.5415_none_270d77d17387d7da\COMCTL32.dll
0x00007ff8bfc30000 - 0x00007ff8bfc56000 	C:\WINDOWS\System32\win32u.dll
0x00007ff8bfc60000 - 0x00007ff8bfc89000 	C:\WINDOWS\System32\GDI32.dll
0x00007ff8bff40000 - 0x00007ff8bffe7000 	C:\WINDOWS\System32\msvcrt.dll
0x00007ff8bf760000 - 0x00007ff8bf883000 	C:\WINDOWS\System32\gdi32full.dll
0x00007ff8bf640000 - 0x00007ff8bf6da000 	C:\WINDOWS\System32\msvcp_win.dll
0x00007ff8c0940000 - 0x00007ff8c0971000 	C:\WINDOWS\System32\IMM32.DLL
0x00007ff897350000 - 0x00007ff89735c000 	C:\Program Files\Microsoft\jdk-17.0.15.6-hotspot\bin\vcruntime140_1.dll
0x00007ff87c730000 - 0x00007ff87c7bd000 	C:\Program Files\Microsoft\jdk-17.0.15.6-hotspot\bin\msvcp140.dll
0x00007ff8401f0000 - 0x00007ff840e62000 	C:\Program Files\Microsoft\jdk-17.0.15.6-hotspot\bin\server\jvm.dll
0x00007ff8c19c0000 - 0x00007ff8c1a71000 	C:\WINDOWS\System32\ADVAPI32.dll
0x00007ff8c0a50000 - 0x00007ff8c0af8000 	C:\WINDOWS\System32\sechost.dll
0x00007ff8bf890000 - 0x00007ff8bf8b8000 	C:\WINDOWS\System32\bcrypt.dll
0x00007ff8c0410000 - 0x00007ff8c0524000 	C:\WINDOWS\System32\RPCRT4.dll
0x00007ff8bfff0000 - 0x00007ff8c0061000 	C:\WINDOWS\System32\WS2_32.dll
0x00007ff8bdf00000 - 0x00007ff8bdf4d000 	C:\WINDOWS\SYSTEM32\POWRPROF.dll
0x00007ff8b7fe0000 - 0x00007ff8b8014000 	C:\WINDOWS\SYSTEM32\WINMM.dll
0x00007ff8b8420000 - 0x00007ff8b842a000 	C:\WINDOWS\SYSTEM32\VERSION.dll
0x00007ff8bdee0000 - 0x00007ff8bdef3000 	C:\WINDOWS\SYSTEM32\UMPDC.dll
0x00007ff8be1a0000 - 0x00007ff8be1b8000 	C:\WINDOWS\SYSTEM32\kernel.appcore.dll
0x00007ff895a70000 - 0x00007ff895a7a000 	C:\Program Files\Microsoft\jdk-17.0.15.6-hotspot\bin\jimage.dll
0x00007ff8bc770000 - 0x00007ff8bc9a3000 	C:\WINDOWS\SYSTEM32\DBGHELP.DLL
0x00007ff8c05a0000 - 0x00007ff8c0933000 	C:\WINDOWS\System32\combase.dll
0x00007ff8c0330000 - 0x00007ff8c0407000 	C:\WINDOWS\System32\OLEAUT32.dll
0x00007ff8b6170000 - 0x00007ff8b61a2000 	C:\WINDOWS\SYSTEM32\dbgcore.DLL
0x00007ff8bf5c0000 - 0x00007ff8bf63b000 	C:\WINDOWS\System32\bcryptPrimitives.dll
0x00007ff8940d0000 - 0x00007ff8940de000 	C:\Program Files\Microsoft\jdk-17.0.15.6-hotspot\bin\instrument.dll
0x00007ff883cc0000 - 0x00007ff883ce5000 	C:\Program Files\Microsoft\jdk-17.0.15.6-hotspot\bin\java.dll
0x00007ff86ce70000 - 0x00007ff86cf46000 	C:\Program Files\Microsoft\jdk-17.0.15.6-hotspot\bin\jsvml.dll
0x00007ff8c0c20000 - 0x00007ff8c14c2000 	C:\WINDOWS\System32\SHELL32.dll
0x00007ff8bf980000 - 0x00007ff8bfabf000 	C:\WINDOWS\System32\wintypes.dll
0x00007ff8bcfa0000 - 0x00007ff8bd8be000 	C:\WINDOWS\SYSTEM32\windows.storage.dll
0x00007ff8c14d0000 - 0x00007ff8c15db000 	C:\WINDOWS\System32\SHCORE.dll
0x00007ff8c15e0000 - 0x00007ff8c1649000 	C:\WINDOWS\System32\shlwapi.dll
0x00007ff8beff0000 - 0x00007ff8bf01b000 	C:\WINDOWS\SYSTEM32\profapi.dll
0x00007ff8844a0000 - 0x00007ff8844b8000 	C:\Program Files\Microsoft\jdk-17.0.15.6-hotspot\bin\zip.dll
0x00007ff884e20000 - 0x00007ff884e3a000 	C:\Program Files\Microsoft\jdk-17.0.15.6-hotspot\bin\net.dll
0x00007ff8b7350000 - 0x00007ff8b747c000 	C:\WINDOWS\SYSTEM32\WINHTTP.dll
0x00007ff8be620000 - 0x00007ff8be689000 	C:\WINDOWS\system32\mswsock.dll
0x00007ff884970000 - 0x00007ff884986000 	C:\Program Files\Microsoft\jdk-17.0.15.6-hotspot\bin\nio.dll
0x00007ff895250000 - 0x00007ff895260000 	C:\Program Files\Microsoft\jdk-17.0.15.6-hotspot\bin\verify.dll
0x00007ff891630000 - 0x00007ff891657000 	C:\Users\user\.gradle\native\1def1411415f61bf3af743bc5b6707747c0891f09f0c88961ee8f79bc544acac\windows-amd64\native-platform.dll
0x00007ff87b5a0000 - 0x00007ff87b618000 	C:\Users\user\.gradle\native\0.2.7\x86_64-windows-gnu\gradle-fileevents.dll
0x00007ff895040000 - 0x00007ff89504a000 	C:\Program Files\Microsoft\jdk-17.0.15.6-hotspot\bin\management.dll
0x00007ff894740000 - 0x00007ff89474b000 	C:\Program Files\Microsoft\jdk-17.0.15.6-hotspot\bin\management_ext.dll
0x00007ff8c19b0000 - 0x00007ff8c19b8000 	C:\WINDOWS\System32\PSAPI.DLL
0x00007ff8bdb50000 - 0x00007ff8bdb7d000 	C:\WINDOWS\SYSTEM32\IPHLPAPI.DLL
0x00007ff8c0270000 - 0x00007ff8c0279000 	C:\WINDOWS\System32\NSI.dll
0x00007ff8b7210000 - 0x00007ff8b7229000 	C:\WINDOWS\SYSTEM32\dhcpcsvc6.DLL
0x00007ff8b71f0000 - 0x00007ff8b720f000 	C:\WINDOWS\SYSTEM32\dhcpcsvc.DLL
0x00007ff8bdb80000 - 0x00007ff8bdc78000 	C:\WINDOWS\SYSTEM32\DNSAPI.dll
0x00007ff894370000 - 0x00007ff894379000 	C:\Program Files\Microsoft\jdk-17.0.15.6-hotspot\bin\extnet.dll
0x00007ff8be8a0000 - 0x00007ff8be8bb000 	C:\WINDOWS\SYSTEM32\CRYPTSP.dll
0x00007ff8be100000 - 0x00007ff8be137000 	C:\WINDOWS\system32\rsaenh.dll
0x00007ff8be700000 - 0x00007ff8be728000 	C:\WINDOWS\SYSTEM32\USERENV.dll
0x00007ff8be890000 - 0x00007ff8be89c000 	C:\WINDOWS\SYSTEM32\CRYPTBASE.dll
0x00007ff892100000 - 0x00007ff89210e000 	C:\Program Files\Microsoft\jdk-17.0.15.6-hotspot\bin\sunmscapi.dll
0x00007ff8bfac0000 - 0x00007ff8bfc27000 	C:\WINDOWS\System32\CRYPT32.dll
0x00007ff8bea70000 - 0x00007ff8bea9d000 	C:\WINDOWS\SYSTEM32\ncrypt.dll
0x00007ff8bea30000 - 0x00007ff8bea67000 	C:\WINDOWS\SYSTEM32\NTASN1.dll
0x00007ff891ca0000 - 0x00007ff891ca8000 	C:\WINDOWS\system32\wshunix.dll
0x00007ff89a040000 - 0x00007ff89a057000 	C:\WINDOWS\system32\napinsp.dll
0x00007ff899a40000 - 0x00007ff899a5b000 	C:\WINDOWS\system32\pnrpnsp.dll
0x00007ff8999e0000 - 0x00007ff8999f1000 	C:\WINDOWS\System32\winrnr.dll
0x00007ff8999c0000 - 0x00007ff8999df000 	C:\WINDOWS\system32\wshbth.dll
0x00007ff899990000 - 0x00007ff8999b1000 	C:\WINDOWS\system32\nlansp_c.dll
0x00007ff8ac500000 - 0x00007ff8ac50a000 	C:\Windows\System32\rasadhlp.dll
0x00007ff8b5f70000 - 0x00007ff8b5ff4000 	C:\WINDOWS\System32\fwpuclnt.dll
0x00007ff8be2c0000 - 0x00007ff8be2f4000 	C:\WINDOWS\SYSTEM32\ntmarta.dll

dbghelp: loaded successfully - version: 4.0.5 - missing functions: none
symbol engine: initialized successfully - sym options: 0x614 - pdb path: .;C:\Program Files\Microsoft\jdk-17.0.15.6-hotspot\bin;C:\WINDOWS\SYSTEM32;C:\WINDOWS\WinSxS\amd64_microsoft.windows.common-controls_6595b64144ccf1df_6.0.22621.5415_none_270d77d17387d7da;C:\Program Files\Microsoft\jdk-17.0.15.6-hotspot\bin\server;C:\Users\user\.gradle\native\1def1411415f61bf3af743bc5b6707747c0891f09f0c88961ee8f79bc544acac\windows-amd64;C:\Users\user\.gradle\native\0.2.7\x86_64-windows-gnu

VM Arguments:
jvm_args: --add-opens=java.base/java.lang=ALL-UNNAMED --add-opens=java.base/java.lang.invoke=ALL-UNNAMED --add-opens=java.base/java.util=ALL-UNNAMED --add-opens=java.prefs/java.util.prefs=ALL-UNNAMED --add-exports=jdk.compiler/com.sun.tools.javac.api=ALL-UNNAMED --add-exports=jdk.compiler/com.sun.tools.javac.util=ALL-UNNAMED --add-opens=java.base/java.util=ALL-UNNAMED --add-opens=java.prefs/java.util.prefs=ALL-UNNAMED --add-opens=java.base/java.nio.charset=ALL-UNNAMED --add-opens=java.base/java.net=ALL-UNNAMED --add-opens=java.base/java.util.concurrent.atomic=ALL-UNNAMED --add-opens=java.xml/javax.xml.namespace=ALL-UNNAMED -XX:MaxMetaspaceSize=1024m -Xmx4096m -Dfile.encoding=UTF-8 -Duser.country=IN -Duser.language=en -Duser.variant -javaagent:C:\Users\user\.gradle\wrapper\dists\gradle-8.13-bin\5xuhj0ry160q40clulazy9h7d\gradle-8.13\lib\agents\gradle-instrumentation-agent-8.13.jar 
java_command: org.gradle.launcher.daemon.bootstrap.GradleDaemon 8.13
java_class_path (initial): C:\Users\user\.gradle\wrapper\dists\gradle-8.13-bin\5xuhj0ry160q40clulazy9h7d\gradle-8.13\lib\gradle-daemon-main-8.13.jar
Launcher Type: SUN_STANDARD

[Global flags]
     intx CICompilerCount                          = 4                                         {product} {ergonomic}
   size_t CompressedClassSpaceSize                 = 872415232                                 {product} {ergonomic}
     uint ConcGCThreads                            = 2                                         {product} {ergonomic}
     uint G1ConcRefinementThreads                  = 8                                         {product} {ergonomic}
   size_t G1HeapRegionSize                         = 2097152                                   {product} {ergonomic}
    uintx GCDrainStackTargetSize                   = 64                                        {product} {ergonomic}
   size_t InitialHeapSize                          = 132120576                                 {product} {ergonomic}
   size_t MarkStackSize                            = 4194304                                   {product} {ergonomic}
   size_t MaxHeapSize                              = 4294967296                                {product} {command line}
   size_t MaxMetaspaceSize                         = 1073741824                                {product} {command line}
   size_t MaxNewSize                               = 2575302656                                {product} {ergonomic}
   size_t MinHeapDeltaBytes                        = 2097152                                   {product} {ergonomic}
   size_t MinHeapSize                              = 8388608                                   {product} {ergonomic}
    uintx NonNMethodCodeHeapSize                   = 5839372                                {pd product} {ergonomic}
    uintx NonProfiledCodeHeapSize                  = 122909434                              {pd product} {ergonomic}
    uintx ProfiledCodeHeapSize                     = 122909434                              {pd product} {ergonomic}
    uintx ReservedCodeCacheSize                    = 251658240                              {pd product} {ergonomic}
     bool SegmentedCodeCache                       = true                                      {product} {ergonomic}
   size_t SoftMaxHeapSize                          = 4294967296                             {manageable} {ergonomic}
     bool UseCompressedClassPointers               = true                           {product lp64_product} {ergonomic}
     bool UseCompressedOops                        = true                           {product lp64_product} {ergonomic}
     bool UseG1GC                                  = true                                      {product} {ergonomic}
     bool UseLargePagesIndividualAllocation        = false                                  {pd product} {ergonomic}

Logging:
Log output configuration:
 #0: stdout all=warning uptime,level,tags
 #1: stderr all=off uptime,level,tags

Environment Variables:
JAVA_HOME=C:\Program Files\Microsoft\jdk-17.0.15.6-hotspot\
CLASSPATH=C:\Users\user\Firstprogram\android\\gradle\wrapper\gradle-wrapper.jar
PATH=C:\Program Files\Microsoft\jdk-17.0.15.6-hotspot\bin;C:\Program Files\Eclipse Adoptium\jdk-8.0.452.9-hotspot\bin;E:\oracle\product\10.2.0\db_1\bin;C:\Program Files\Common Files\Oracle\Java\javapath;C:\Windows\system32;C:\Windows;C:\Windows\System32\Wbem;C:\Windows\System32\WindowsPowerShell\v1.0\;C:\Windows\System32\OpenSSH\;C:\WINDOWS\system32;C:\WINDOWS;C:\WINDOWS\System32\Wbem;C:\WINDOWS\System32\WindowsPowerShell\v1.0\;C:\WINDOWS\System32\OpenSSH\;C:\Users\user\Desktop\projectv;C:\MinGW\bin;C:\Program Files\nodejs;C:\Program Files\nodejs;C:\Program Files\nodejs\node_modules\npm\bin;C:\Users\user\Desktop\projectv\nodejs;C:\Users\user\Desktop\projectv\learning-bootsrap;C:\Users\user\Desktop\projectv\first-raect-app;C:\Program Files;C:\Program Files\Java\jdk-22\bin;C:\ProgramData\chocolatey\bin;C:\Program Files\nodejs\;C:\Users\user\AppData\Local\Android\Sdk\platform-tools;C:\Program Files\MySQL\MySQL Shell 8.0\bin\;C:\Users\user\AppData\Local\Microsoft\WindowsApps;C:\Users\user\AppData\Local\Programs\Microsoft VS Code\bin;C:\Program Files\nodejs\node_modules\npm\bin;C:\Program Files\nodejs;C:\Users\user\Desktop\projectv\nodejs;C:\Users\user\Desktop\projectv\learning-bootsrap;C:\Users\user\Desktop\projectv\first-raect-app;C:\Program Files;C:\Users\user\AppData\Roaming\npm
USERNAME=user
LANG=en_US.UTF-8
OS=Windows_NT
PROCESSOR_IDENTIFIER=Intel64 Family 6 Model 126 Stepping 5, GenuineIntel
TMP=C:\Users\user\AppData\Local\Temp
TEMP=C:\Users\user\AppData\Local\Temp



Periodic native trim disabled


---------------  S Y S T E M  ---------------

OS:
 Windows 11 , 64 bit Build 22621 (10.0.22621.5415)
OS uptime: 3 days 11:11 hours
Hyper-V role detected

CPU: total 8 (initial active 8) (4 cores per cpu, 2 threads per core) family 6 model 126 stepping 5 microcode 0xc2, cx8, cmov, fxsr, ht, mmx, 3dnowpref, sse, sse2, sse3, ssse3, sse4.1, sse4.2, popcnt, lzcnt, tsc, tscinvbit, avx, avx2, aes, erms, clmul, bmi1, bmi2, adx, avx512f, avx512dq, avx512cd, avx512bw, avx512vl, sha, fma, vzeroupper, avx512_vpopcntdq, avx512_vpclmulqdq, avx512_vaes, avx512_vnni, clflush, clflushopt, avx512_vbmi2, avx512_vbmi, hv
Processor Information for the first 8 processors :
  Max Mhz: 1190, Current Mhz: 991, Mhz Limit: 987

Memory: 4k page, system-wide physical 7959M (293M free)
TotalPageFile size 32535M (AvailPageFile size 269M)
current process WorkingSet (physical memory assigned to process): 652M, peak: 707M
current process commit charge ("private bytes"): 982M, peak: 1536M

vm_info: OpenJDK 64-Bit Server VM (17.0.15+6-LTS) for windows-amd64 JRE (17.0.15+6-LTS), built on Apr  9 2025 22:27:25 by "MicrosoftCorporation" with unknown MS VC++:1939

END.
